2020-06-21 03:43:42.286857 +0000 > starting log
2020-06-21 03:43:42.287167 +0000 build-centos: > starting build with log
2020-06-21 03:43:42.287197 +0000 build-centos: >> make args: DISTS_VM= centos8 DIST_DOM0= BUILD_LOGS_URL= artwork-vm-centos8=https://github.com/QubesOS/build-logs/tree/master/build-centos/log_2020-06-21_03-35-07 GIT_URL_artwork=https://github.com/QubesOS/qubes-artwork sign-all update-repo-current-testing
2020-06-21 03:43:42.287207 +0000 build-centos: >> MAKEFLAGS=
2020-06-21 03:43:42.287216 +0000 build-centos: >> COMPONENTS=artwork
2020-06-21 03:43:42.287224 +0000 build-centos: >> DISTS_VM=
2020-06-21 03:43:42.287231 +0000 build-centos: >> DIST_DOM0=
2020-06-21 03:43:42.287242 +0000 build-centos: >> qubes-builder 997f5abd9cc17e9e6f521df9ac411e6d33f597b6
2020-06-21 03:43:42.287253 +0000 build-centos: >> qubes-builder/qubes-src/artwork 25cec0cf0d706daca38cb53f0801e83fb2a9ea48
2020-06-21 03:43:42.287264 +0000 build-centos: !! pkgs/vm-centos7/qubes-artwork-4.1.1-2.centos7.x86_64.buildinfo
2020-06-21 03:43:42.287275 +0000 build-centos: !! pkgs/vm-centos7/qubes-artwork-4.1.2-2.centos7.x86_64.buildinfo
2020-06-21 03:43:42.287285 +0000 build-centos: !! pkgs/vm-centos7/qubes-artwork-4.1.3-2.centos7.x86_64.buildinfo
2020-06-21 03:43:42.287296 +0000 build-centos: !! pkgs/vm-centos7/qubes-artwork-4.1.4-2.centos7.x86_64.buildinfo
2020-06-21 03:43:42.287305 +0000 build-centos: !! pkgs/vm-centos7/qubes-artwork.spec.list
2020-06-21 03:43:42.287316 +0000 build-centos: !! pkgs/vm-centos8/qubes-artwork-4.1.3-2.centos8.noarch.rpm
2020-06-21 03:43:42.287326 +0000 build-centos: !! pkgs/vm-centos8/qubes-artwork-4.1.3-2.centos8.src.rpm
2020-06-21 03:43:42.287336 +0000 build-centos: !! pkgs/vm-centos8/qubes-artwork-4.1.3-2.centos8.x86_64.buildinfo
2020-06-21 03:43:42.287347 +0000 build-centos: !! pkgs/vm-centos8/qubes-artwork-4.1.4-2.centos8.noarch.rpm
2020-06-21 03:43:42.287357 +0000 build-centos: !! pkgs/vm-centos8/qubes-artwork-4.1.4-2.centos8.src.rpm
2020-06-21 03:43:42.287367 +0000 build-centos: !! pkgs/vm-centos8/qubes-artwork-4.1.4-2.centos8.x86_64.buildinfo
2020-06-21 03:43:42.287377 +0000 build-centos: !! pkgs/vm-centos8/qubes-artwork-4.1.5-2.centos8.noarch.rpm
2020-06-21 03:43:42.287388 +0000 build-centos: !! pkgs/vm-centos8/qubes-artwork-4.1.5-2.centos8.src.rpm
2020-06-21 03:43:42.287398 +0000 build-centos: !! pkgs/vm-centos8/qubes-artwork-4.1.5-2.centos8.x86_64.buildinfo
2020-06-21 03:43:42.287408 +0000 build-centos: !! pkgs/vm-centos8/qubes-artwork-4.1.6-2.centos8.noarch.rpm
2020-06-21 03:43:42.287418 +0000 build-centos: !! pkgs/vm-centos8/qubes-artwork-4.1.6-2.centos8.src.rpm
2020-06-21 03:43:42.287429 +0000 build-centos: !! pkgs/vm-centos8/qubes-artwork-4.1.6-2.centos8.x86_64.buildinfo
2020-06-21 03:43:42.287440 +0000 build-centos: !! pkgs/vm-centos8/qubes-artwork-anaconda-4.1.6-2.centos8.noarch.rpm
2020-06-21 03:43:42.287450 +0000 build-centos: !! pkgs/vm-centos8/qubes-artwork-efi-4.1.3-2.centos8.noarch.rpm
2020-06-21 03:43:42.287460 +0000 build-centos: !! pkgs/vm-centos8/qubes-artwork-efi-4.1.4-2.centos8.noarch.rpm
2020-06-21 03:43:42.287471 +0000 build-centos: !! pkgs/vm-centos8/qubes-artwork-efi-4.1.5-2.centos8.noarch.rpm
2020-06-21 03:43:42.287481 +0000 build-centos: !! pkgs/vm-centos8/qubes-artwork-efi-4.1.6-2.centos8.noarch.rpm
2020-06-21 03:43:42.287492 +0000 build-centos: !! pkgs/vm-centos8/qubes-artwork-plymouth-4.1.4-2.centos8.noarch.rpm
2020-06-21 03:43:42.287502 +0000 build-centos: !! pkgs/vm-centos8/qubes-artwork-plymouth-4.1.5-2.centos8.noarch.rpm
2020-06-21 03:43:42.287513 +0000 build-centos: !! pkgs/vm-centos8/qubes-artwork-plymouth-4.1.6-2.centos8.noarch.rpm
2020-06-21 03:43:42.287522 +0000 build-centos: !! pkgs/vm-centos8/qubes-artwork.spec.list
2020-06-21 03:43:42.287541 +0000 build-centos: 9bda622709f727042ae858c08744dd92a18b97c0375935604b2c0f7efe2ab044f3a92ea15a4bb04ed3dc90f01ccb5244878a558a9f09c35d2ef75f5aa5a243f7  pkgs/vm-centos7/qubes-artwork-4.1.1-2.centos7.x86_64.buildinfo
2020-06-21 03:43:42.287560 +0000 build-centos: adbb231bc0eabaa8e8c73ec001619e89a3f233fd9188ea61305b4b911ada2e9b4c1eb8d4220a6129ed1e0e9117a2c3b73d128509dec17666ba25b0f6a5de9c3c  pkgs/vm-centos7/qubes-artwork-4.1.2-2.centos7.x86_64.buildinfo
2020-06-21 03:43:42.287585 +0000 build-centos: cb020b15ef7a14a962d3212b56f04439b39290744a9226924d2773bc2738f0780bca930f708a014f5409dc36f0b612a2612ada951be34457467056a6b9fb9e3a  pkgs/vm-centos7/qubes-artwork-4.1.3-2.centos7.x86_64.buildinfo
2020-06-21 03:43:42.287604 +0000 build-centos: 7c2034e0115c529579356c2da059777603a9d9ab6ff8c598dcdf29c98486f332208d1b1432f4ad8977bccb741fa779fa06a2152ca8b2c8800d64b4a8a03c1f01  pkgs/vm-centos7/qubes-artwork-4.1.4-2.centos7.x86_64.buildinfo
2020-06-21 03:43:42.287621 +0000 build-centos: e73ff2a5a8a9e032c38688e55911d8c2fb310241e06be052acaf1d4325d9f14ec1315d20aad0aeb242866ee8c0049bb3d455cb7245b7d206ebc49e4563ea6d8d  pkgs/vm-centos7/qubes-artwork.spec.list
2020-06-21 03:43:42.287640 +0000 build-centos: 4943e0b2426029380d0e6d0bf92af7b6f9c19d2411927bd8698af843aafa6e9fa1104e315ea4009f0a82d66b71c7f4efc293aaaee8017fbbde5be828dba43aec  pkgs/vm-centos8/qubes-artwork-4.1.3-2.centos8.noarch.rpm
2020-06-21 03:43:42.287658 +0000 build-centos: 059cc67b664c6651b552db78e76ddcdd39d5fa24aca2eff4745b2e98a2845d0d7e932288b01d45c79a9e72b19965216a52b0beca4759f8df3f46da692c4839a8  pkgs/vm-centos8/qubes-artwork-4.1.3-2.centos8.src.rpm
2020-06-21 03:43:42.287676 +0000 build-centos: 992d0f26bb59983e17a84f06e41fda0a686e636000a097892911fbc87e8e6cb0c3e96822efa3a0fd090f8c5417e3c7314e12f56d0406581d00d52df0dd321ead  pkgs/vm-centos8/qubes-artwork-4.1.3-2.centos8.x86_64.buildinfo
2020-06-21 03:43:42.287694 +0000 build-centos: d18c24666fbada31815a70dd0880060a4c2783649e098fa1d8714b1583fa72df2a606711f5333f73774c1f19a1248380bed0efecefb38c8967300c58e02b604b  pkgs/vm-centos8/qubes-artwork-4.1.4-2.centos8.noarch.rpm
2020-06-21 03:43:42.287712 +0000 build-centos: 798ec0fdf3f1ff581a1a90834270ad9116cd8435e16677bc95587d70d6931ec1f72b1e4d2433927653d9f575aec744958124371a879b67bc41c60608b3be4d76  pkgs/vm-centos8/qubes-artwork-4.1.4-2.centos8.src.rpm
2020-06-21 03:43:42.287735 +0000 build-centos: 60e58518a5a7b7e8e5e59f94e5a2f1ca14ca5f78a1c1c90350297f35d2c84b781ed8de74f28d93d6874f7616731221a7ca951c813c23dd352f168426742d62e3  pkgs/vm-centos8/qubes-artwork-4.1.4-2.centos8.x86_64.buildinfo
2020-06-21 03:43:42.287754 +0000 build-centos: 018cb0eb12e51f0d99382aa334aeb166fa7740e1dd23c8d4f25193925f66ea93febddc0fc2f6350c5388553c1e435536775f94c39590524bb8c740dcb4d2a1e8  pkgs/vm-centos8/qubes-artwork-4.1.5-2.centos8.noarch.rpm
2020-06-21 03:43:42.287772 +0000 build-centos: 099f406b4ff5853c4434e7bbdad7e5d807349d56ca501549e386567a82c6e192a617679b8574688a2ab43477e204148204abd4a02b462de6b1976404646463cc  pkgs/vm-centos8/qubes-artwork-4.1.5-2.centos8.src.rpm
2020-06-21 03:43:42.287791 +0000 build-centos: c1c0510b48ae2e7af83f54f8ec61206e10b006f21592779374cb45530fbcdd4af1ea00b2938552f406c5b92db3ec5fab0d9a74684ec542027f3a289112628f1d  pkgs/vm-centos8/qubes-artwork-4.1.5-2.centos8.x86_64.buildinfo
2020-06-21 03:43:42.314090 +0000 build-centos: 3248464d39a59eaac175a7807210b036f7718d5de569e71917d37624d95f0d7eaadf07183e3d12e983c33c5f45b7afce5c49d393810ed143a67c1cdeeee2a3b6  pkgs/vm-centos8/qubes-artwork-4.1.6-2.centos8.noarch.rpm
2020-06-21 03:43:42.337390 +0000 build-centos: 348ed20510d2d27081f6250731e5766c0c56cdf8191ee83fca9822718ddfddee70d4257580332bd7488ff8fc59da1c910aee3ad955150c0e7bfc1dccc8c8fe90  pkgs/vm-centos8/qubes-artwork-4.1.6-2.centos8.src.rpm
2020-06-21 03:43:42.337446 +0000 build-centos: 4b40bed76640c40b6a38dc6c36fc90bdd2011d102be6cdd86641a12403cca63ccbf90053d4f142967a3280f57811387b42dd102b921043b96cc35e1b70540526  pkgs/vm-centos8/qubes-artwork-4.1.6-2.centos8.x86_64.buildinfo
2020-06-21 03:43:42.342317 +0000 build-centos: 2abf206448e5c5c64a89651aa89198718c34f01b43f023ea4cc377696cf0bbb6c6b6514996ea5b5108b2a851455d9c81d5ab54abe433895bbf1028595dfe52a7  pkgs/vm-centos8/qubes-artwork-anaconda-4.1.6-2.centos8.noarch.rpm
2020-06-21 03:43:42.342545 +0000 build-centos: 3026684f8ea21745afec638e83121d056d9b455999c6ced0e343865393696520a833b45e95419965320d41903788ddd45c7a70002b0791bced7e72c82e1fb4d7  pkgs/vm-centos8/qubes-artwork-efi-4.1.3-2.centos8.noarch.rpm
2020-06-21 03:43:42.345473 +0000 build-centos: 76ff19d74714307bb30a9d27b6e1b5402ebe8c348863a5fab26ba08c768c7765c46c8eaa43c17dfe182aa95e2c80b6d61157a614ea1d2576315bb26a671802bc  pkgs/vm-centos8/qubes-artwork-efi-4.1.4-2.centos8.noarch.rpm
2020-06-21 03:43:42.345524 +0000 build-centos: 9c34bc8917a9fe9161f1888735c71c2e8aa21d422acf07b28d917863b9b66ee7c2605f7f9684074e40bceda5c085befe34e407befdf44387de406b95ccdc90c8  pkgs/vm-centos8/qubes-artwork-efi-4.1.5-2.centos8.noarch.rpm
2020-06-21 03:43:42.345547 +0000 build-centos: ba55ab2ac317f5412083576086eb54e89076ad0901375409be64d665f0406cbbc3a8d4ddf4e631dca41cdd82316f1815b8f03ba8947b11d9fd487fbfcd1900dc  pkgs/vm-centos8/qubes-artwork-efi-4.1.6-2.centos8.noarch.rpm
2020-06-21 03:43:42.345749 +0000 build-centos: 4f45421b47bf3a7f477f971a8d526104bc4f183e0437d75e9162b8d800b5cf297d9cc7d7c651e2f3adb14f5421a4951fa7248113ff39a71e9d407a1ade031998  pkgs/vm-centos8/qubes-artwork-plymouth-4.1.4-2.centos8.noarch.rpm
2020-06-21 03:43:42.345785 +0000 build-centos: 119db6f512e5065b48dd86ae5346a620fecdf75121baeb5d92e7051123fc74f6e5694f987dba822ae7bc52fead3ca4152af06c1f83e08f136c3eca3f71da3a44  pkgs/vm-centos8/qubes-artwork-plymouth-4.1.5-2.centos8.noarch.rpm
2020-06-21 03:43:42.345807 +0000 build-centos: 31d617b8e5e395145ea290f0f5862c8b92970c8d63a3c2d52122159e4eba5593bbd592eb0ac8d4345c2d090b7ff368f5804924247049cb15debde8c9e8b92035  pkgs/vm-centos8/qubes-artwork-plymouth-4.1.6-2.centos8.noarch.rpm
2020-06-21 03:43:42.345849 +0000 build-centos: 5305be227bee2b298a350058309f36cab75b1006e5ae4e1f4f65bc9e2d4a7efc26c2c7e01ecd82fafdf88fc7afed6ca3f7815c4cdc961bbbc44344bdea16b36a  pkgs/vm-centos8/qubes-artwork.spec.list
2020-06-21 03:43:42.452805 +0000 build-centos: ================================================================================
2020-06-21 03:43:42.452888 +0000 build-centos:                            B U I L D   I N F O                                  
2020-06-21 03:43:42.452907 +0000 build-centos: Items in red indicate it was automatically generated by configuration file(s)
2020-06-21 03:43:42.452921 +0000 build-centos: Items in white indicate it was automatically removed by configuration file(s)
2020-06-21 03:43:42.452934 +0000 build-centos: ================================================================================
2020-06-21 03:43:42.452942 +0000 build-centos: DISTS_VM:
2020-06-21 03:43:42.485332 +0000 build-centos:      centos8,
2020-06-21 03:43:42.485385 +0000 build-centos: DISTS_ALL:
2020-06-21 03:43:42.487918 +0000 build-centos:      vm-centos8,
2020-06-21 03:43:42.487958 +0000 build-centos: DIST_DOM0:
2020-06-21 03:43:42.490490 +0000 build-centos:     
2020-06-21 03:43:42.491715 +0000 build-centos: BUILDER_PLUGINS:
2020-06-21 03:43:42.496374 +0000 build-centos:      builder-rpm, builder-debian, mgmt-salt, linux-yum, release-configs, builder-github,
2020-06-21 03:43:42.496415 +0000 build-centos: COMPONENTS:
2020-06-21 03:43:42.498074 +0000 build-centos:      artwork,
2020-06-21 03:43:42.498125 +0000 build-centos: GIT_REPOS:
2020-06-21 03:43:42.500211 +0000 build-centos:      qubes-src/artwork,
2020-06-21 03:43:42.500250 +0000 build-centos: TEMPLATE:
2020-06-21 03:43:42.501192 +0000 build-centos:     
2020-06-21 03:43:42.501231 +0000 build-centos: TEMPLATE_FLAVOR_DIR:
2020-06-21 03:43:42.502510 +0000 build-centos:     
2020-06-21 03:43:42.502964 +0000 build-centos: TEMPLATE_ALIAS:
2020-06-21 03:43:42.505283 +0000 build-centos:      stretch:stretch+standard, stretch+gnome:stretch+gnome+standard,
2020-06-21 03:43:42.505328 +0000 build-centos:      stretch+minimal:stretch+minimal+no-recommends, buster:buster+standard, buster+gnome:buster+gnome+standard,
2020-06-21 03:43:42.505343 +0000 build-centos:      buster+minimal:buster+minimal+no-recommends, bullseye:bullseye+standard,
2020-06-21 03:43:42.505357 +0000 build-centos:      bullseye+gnome:bullseye+gnome+standard, bullseye+minimal:bullseye+minimal+no-recommends,
2020-06-21 03:43:42.505385 +0000 build-centos:      whonix-gateway-14:stretch+whonix-gateway+minimal+no-recommends,
2020-06-21 03:43:42.505398 +0000 build-centos:      whonix-workstation-14:stretch+whonix-workstation+minimal+no-recommends,
2020-06-21 03:43:42.505409 +0000 build-centos:      whonix-gateway-15:buster+whonix-gateway+minimal+no-recommends,
2020-06-21 03:43:42.505420 +0000 build-centos:      whonix-workstation-15:buster+whonix-workstation+minimal+no-recommends,
2020-06-21 03:43:42.506741 +0000 build-centos: TEMPLATE_LABEL:
2020-06-21 03:43:42.507326 +0000 build-centos:      centos8:centos-8, fc30:fedora-30 fc31:fedora-31 fc32:fedora-32 fc30+minimal:fedora-30-minimal
2020-06-21 03:43:42.507368 +0000 build-centos:      fc31+minimal:fedora-31-minimal fc32+minimal:fedora-32-minimal fc30+xfce:fedora-30-xfce
2020-06-21 03:43:42.507384 +0000 build-centos:      fc31+xfce:fedora-31-xfce fc32+xfce:fedora-32-xfce stretch:debian-9 stretch+standard:debian-9
2020-06-21 03:43:42.507396 +0000 build-centos:      stretch+xfce:debian-9-xfce buster:debian-10 buster+standard:debian-10
2020-06-21 03:43:42.507408 +0000 build-centos:      buster+xfce:debian-10-xfce bullseye:debian-11 bullseye+standard:debian-11
2020-06-21 03:43:42.507420 +0000 build-centos:      bullseye+xfce:debian-11-xfce stretch+whonix-gateway+minimal+no-recommends:whonix-gw-14
2020-06-21 03:43:42.507431 +0000 build-centos:      stretch+whonix-workstation+minimal+no-recommends:whonix-ws-14
2020-06-21 03:43:42.507441 +0000 build-centos:      buster+whonix-gateway+minimal+no-recommends:whonix-gw-15
2020-06-21 03:43:42.507452 +0000 build-centos:      buster+whonix-workstation+minimal+no-recommends:whonix-ws-15 centos7:centos-7
2020-06-21 03:43:42.507465 +0000 build-centos:      centos7+minimal:centos-7-minimal centos7+xfce:centos-7-xfce centos8+minimal:centos-7-minimal
2020-06-21 03:43:42.507473 +0000 build-centos:      centos8+xfce:centos-8-xfce
2020-06-21 03:43:42.572019 +0000 build-centos: > running make
2020-06-21 03:43:42.585418 +0000 build-centos: Makefile:267: target 'sign.vm.centos8.artwork' does not exist
2020-06-21 03:43:42.585488 +0000 build-centos: if [ -n "artwork" -a "0" -ne 0 ]; then BRANCH=master; branch_var="BRANCH_artwork"; [ -n "${!branch_var}" ] && BRANCH="${!branch_var}"; pushd qubes-src/artwork > /dev/null; CURRENT_BRANCH=`git symbolic-ref --short HEAD 2>/dev/null || git describe --tags --exact-match HEAD`; if [ "$BRANCH" != "$CURRENT_BRANCH" ]; then echo "-> ERROR: Wrong branch $branch_var=$CURRENT_BRANCH (expected $BRANCH)"; exit 1; fi; popd > /dev/null; fi
2020-06-21 03:43:42.585504 +0000 build-centos: SIGN_KEY=EE88DA5FB2B7082919C8826D19205A11FDE3D0AA; \
2020-06-21 03:43:42.585515 +0000 build-centos: sign_key_var="SIGN_KEY_${DIST%%+*}"; \
2020-06-21 03:43:42.585526 +0000 build-centos: [ -n "${!sign_key_var}" ] && SIGN_KEY="${!sign_key_var}"; \
2020-06-21 03:43:42.585535 +0000 build-centos: if [ "artwork" = linux-template-builder ]; then
2020-06-21 03:43:42.585549 +0000 build-centos: export TEMPLATE_NAME=$(MAKEFLAGS= make -s -C qubes-src/linux-template-builder DIST=centos8 template-name)
2020-06-21 03:43:42.585556 +0000 build-centos: fi
2020-06-21 03:43:42.585567 +0000 build-centos: if [ -r qubes-src/artwork/Makefile.builder ]; then \
2020-06-21 03:43:42.585577 +0000 build-centos: .make --no-print-directory -f Makefile.generic \
2020-06-21 03:43:42.585585 +0000 build-centos: ..DIST=centos8 \
2020-06-21 03:43:42.585592 +0000 build-centos: ..PACKAGE_SET=vm \
2020-06-21 03:43:42.585600 +0000 build-centos: ..COMPONENT=artwork \
2020-06-21 03:43:42.585608 +0000 build-centos: ..SIGN_KEY=$SIGN_KEY \
2020-06-21 03:43:42.585616 +0000 build-centos: ..sign || exit 1; \
2020-06-21 03:43:42.585625 +0000 build-centos: elif [ -d qubes-src/artwork/rpm ]; then \
2020-06-21 03:43:42.585634 +0000 build-centos: .# Old mechanism supported only for RPM
2020-06-21 03:43:42.585645 +0000 build-centos: FILE_LIST=""; for RPM in qubes-src/artwork/rpm/*/*.rpm; do \
2020-06-21 03:43:42.585672 +0000 build-centos: ..if ! qubes-src/installer-qubes-os/rpm_verify $RPM > /dev/null; then \
2020-06-21 03:43:42.585682 +0000 build-centos: ...FILE_LIST="$FILE_LIST $RPM" ;\
2020-06-21 03:43:42.585690 +0000 build-centos: ..fi ;\
2020-06-21 03:43:42.585697 +0000 build-centos: .done ; \
2020-06-21 03:43:42.585706 +0000 build-centos: .if [ -n "$FILE_LIST" ]; then \
2020-06-21 03:43:42.585714 +0000 build-centos: ..echo "--> Signing..."; \
2020-06-21 03:43:42.585723 +0000 build-centos: ..RPMSIGN_OPTS=--digest-algo=sha256; \
2020-06-21 03:43:42.585732 +0000 build-centos: ..if [ -n "$SIGN_KEY" ]; then \
2020-06-21 03:43:42.585741 +0000 build-centos: ...RPMSIGN_OPTS="--key-id=$SIGN_KEY"; \
2020-06-21 03:43:42.585748 +0000 build-centos: ..fi; \
2020-06-21 03:43:42.585759 +0000 build-centos: ..setsid -w rpmsign "$RPMSIGN_OPTS" --addsign $FILE_LIST </dev/null ;\
2020-06-21 03:43:42.585766 +0000 build-centos: .fi; \
2020-06-21 03:43:42.585773 +0000 build-centos: fi
2020-06-21 03:43:42.600180 +0000 build-centos: + ERR_OUTPUT=/dev/stderr
2020-06-21 03:43:42.600222 +0000 build-centos: + '[' 2 -lt 2 ']'
2020-06-21 03:43:42.600235 +0000 build-centos: ++ basename qubes-src/artwork/qubes-artwork.spec.in
2020-06-21 03:43:42.600245 +0000 build-centos: + [[ xqubes-artwork.spec.in == \x\.\i\n ]]
2020-06-21 03:43:42.600256 +0000 build-centos: + '[' -r qubes-src/artwork/qubes-artwork.spec.in ']'
2020-06-21 03:43:42.601672 +0000 build-centos: ++ mktemp --tmpdir tmp.XXXXXX.spec
2020-06-21 03:43:42.601712 +0000 build-centos: + tmp_spec=/tmp/tmp.hXbSH6.spec
2020-06-21 03:43:42.602805 +0000 build-centos: ++ dirname /home/user/builder-r4.1/qubes-src/builder-rpm/scripts/query-spec
2020-06-21 03:43:42.602848 +0000 build-centos: + /home/user/builder-r4.1/qubes-src/builder-rpm/scripts/generate-spec qubes-src/artwork/qubes-artwork.spec.in /tmp/tmp.hXbSH6.spec
2020-06-21 03:43:42.664247 +0000 build-centos: + '[' 2 -lt 2 ']'
2020-06-21 03:43:42.664299 +0000 build-centos: + '[' -z qubes-src/artwork ']'
2020-06-21 03:43:42.664315 +0000 build-centos: + cp qubes-src/artwork/qubes-artwork.spec.in qubes-src/artwork/qubes-artwork.spec.in.tmp
2020-06-21 03:43:42.727283 +0000 build-centos: + read -r ver
2020-06-21 03:43:42.727339 +0000 build-centos: + '[' x = x ']'
2020-06-21 03:43:42.727355 +0000 build-centos: + sed -i 's|@VERSION@|4.1.6|g' qubes-src/artwork/qubes-artwork.spec.in.tmp
2020-06-21 03:43:42.727542 +0000 build-centos: + vnum=1
2020-06-21 03:43:42.727561 +0000 build-centos: + read -r ver
2020-06-21 03:43:42.727571 +0000 build-centos: + '[' -e qubes-src/artwork/rel ']'
2020-06-21 03:43:42.727579 +0000 build-centos: + read -r rel
2020-06-21 03:43:42.727587 +0000 build-centos: + '[' x = x ']'
2020-06-21 03:43:42.727597 +0000 build-centos: + sed -i 's|@REL@|2|g' qubes-src/artwork/qubes-artwork.spec.in.tmp
2020-06-21 03:43:42.741268 +0000 build-centos: + rnum=1
2020-06-21 03:43:42.741315 +0000 build-centos: + read -r rel
2020-06-21 03:43:42.741330 +0000 build-centos: + sed -i -e s:@BACKEND_VMM@:xen:g qubes-src/artwork/qubes-artwork.spec.in.tmp
2020-06-21 03:43:42.742700 +0000 build-centos: + grep -q @CHANGELOG@ qubes-src/artwork/qubes-artwork.spec.in.tmp
2020-06-21 03:43:42.744522 +0000 build-centos: ++ dirname /home/user/builder-r4.1/qubes-src/builder-rpm/scripts/generate-spec
2020-06-21 03:43:42.745693 +0000 build-centos: + /home/user/builder-r4.1/qubes-src/builder-rpm/scripts/generate-changelog qubes-src/artwork qubes-src/artwork/qubes-artwork.spec.in.tmp
2020-06-21 03:43:43.457315 +0000 build-centos: + cat qubes-src/artwork/qubes-artwork.spec.in.tmp
2020-06-21 03:43:43.457375 +0000 build-centos: + rm -rf qubes-src/artwork/qubes-artwork.spec.in.tmp
2020-06-21 03:43:43.457388 +0000 build-centos: + '[' '%{SOURCE0}' = '%{SOURCE0}' ']'
2020-06-21 03:43:43.461162 +0000 build-centos: ++ dirname /home/user/builder-r4.1/qubes-src/builder-rpm/scripts/query-spec
2020-06-21 03:43:43.461208 +0000 build-centos: + /home/user/builder-r4.1/qubes-src/builder-rpm/scripts/../tools/spectool --list-files --source 0 /tmp/tmp.hXbSH6.spec
2020-06-21 03:43:43.618651 +0000 build-centos: + rm -f /tmp/tmp.hXbSH6.spec
2020-06-21 03:43:43.625961 +0000 build-centos: /home/user/builder-r4.1/qubes-src/builder-rpm/Makefile.rpmbuilder:182: target 'sign-prep' does not exist
2020-06-21 03:43:43.626004 +0000 build-centos: if [ -n "qubes-gpg-client-wrapper" ]; then \
2020-06-21 03:43:43.626019 +0000 build-centos: .mkdir -p /home/user/builder-r4.1/keyrings/rpmdb; \
2020-06-21 03:43:43.626035 +0000 build-centos: .qubes-gpg-client-wrapper --armor --export "EE88DA5FB2B7082919C8826D19205A11FDE3D0AA" > "/tmp/key_EE88DA5FB2B7082919C8826D19205A11FDE3D0AA"; \
2020-06-21 03:43:43.626051 +0000 build-centos: .rpmkeys --dbpath=/home/user/builder-r4.1/keyrings/rpmdb --import "/tmp/key_EE88DA5FB2B7082919C8826D19205A11FDE3D0AA"; \
2020-06-21 03:43:43.626059 +0000 build-centos: fi
2020-06-21 03:43:43.668355 +0000 build-centos: + ERR_OUTPUT=/dev/stderr
2020-06-21 03:43:43.668406 +0000 build-centos: + '[' 2 -lt 2 ']'
2020-06-21 03:43:43.668421 +0000 build-centos: ++ basename qubes-src/artwork/qubes-artwork.spec.in
2020-06-21 03:43:43.670767 +0000 build-centos: + [[ xqubes-artwork.spec.in == \x\.\i\n ]]
2020-06-21 03:43:43.670811 +0000 build-centos: + '[' -r qubes-src/artwork/qubes-artwork.spec.in ']'
2020-06-21 03:43:43.672533 +0000 build-centos: ++ mktemp --tmpdir tmp.XXXXXX.spec
2020-06-21 03:43:43.678489 +0000 build-centos: + tmp_spec=/tmp/tmp.hk9vAn.spec
2020-06-21 03:43:43.678530 +0000 build-centos: ++ dirname /home/user/builder-r4.1/qubes-src/builder-rpm/scripts/query-spec
2020-06-21 03:43:43.678547 +0000 build-centos: + /home/user/builder-r4.1/qubes-src/builder-rpm/scripts/generate-spec qubes-src/artwork/qubes-artwork.spec.in /tmp/tmp.hk9vAn.spec
2020-06-21 03:43:43.678556 +0000 build-centos: + '[' 2 -lt 2 ']'
2020-06-21 03:43:43.678565 +0000 build-centos: + '[' -z qubes-src/artwork ']'
2020-06-21 03:43:43.678577 +0000 build-centos: + cp qubes-src/artwork/qubes-artwork.spec.in qubes-src/artwork/qubes-artwork.spec.in.tmp
2020-06-21 03:43:43.682059 +0000 build-centos: + read -r ver
2020-06-21 03:43:43.682094 +0000 build-centos: + '[' x = x ']'
2020-06-21 03:43:43.682107 +0000 build-centos: + sed -i 's|@VERSION@|4.1.6|g' qubes-src/artwork/qubes-artwork.spec.in.tmp
2020-06-21 03:43:43.689853 +0000 build-centos: + vnum=1
2020-06-21 03:43:43.689888 +0000 build-centos: + read -r ver
2020-06-21 03:43:43.689899 +0000 build-centos: + '[' -e qubes-src/artwork/rel ']'
2020-06-21 03:43:43.689907 +0000 build-centos: + read -r rel
2020-06-21 03:43:43.689915 +0000 build-centos: + '[' x = x ']'
2020-06-21 03:43:43.689926 +0000 build-centos: + sed -i 's|@REL@|2|g' qubes-src/artwork/qubes-artwork.spec.in.tmp
2020-06-21 03:43:43.693501 +0000 build-centos: + rnum=1
2020-06-21 03:43:43.693541 +0000 build-centos: + read -r rel
2020-06-21 03:43:43.693555 +0000 build-centos: + sed -i -e s:@BACKEND_VMM@:xen:g qubes-src/artwork/qubes-artwork.spec.in.tmp
2020-06-21 03:43:43.701858 +0000 build-centos: + grep -q @CHANGELOG@ qubes-src/artwork/qubes-artwork.spec.in.tmp
2020-06-21 03:43:43.705166 +0000 build-centos: ++ dirname /home/user/builder-r4.1/qubes-src/builder-rpm/scripts/generate-spec
2020-06-21 03:43:43.712953 +0000 build-centos: + /home/user/builder-r4.1/qubes-src/builder-rpm/scripts/generate-changelog qubes-src/artwork qubes-src/artwork/qubes-artwork.spec.in.tmp
2020-06-21 03:43:44.515014 +0000 build-centos: + cat qubes-src/artwork/qubes-artwork.spec.in.tmp
2020-06-21 03:43:44.515068 +0000 build-centos: + rm -rf qubes-src/artwork/qubes-artwork.spec.in.tmp
2020-06-21 03:43:44.517794 +0000 build-centos: + '[' '%{SOURCE0}' = '%{SOURCE0}' ']'
2020-06-21 03:43:44.517839 +0000 build-centos: ++ dirname /home/user/builder-r4.1/qubes-src/builder-rpm/scripts/query-spec
2020-06-21 03:43:44.519967 +0000 build-centos: + /home/user/builder-r4.1/qubes-src/builder-rpm/scripts/../tools/spectool --list-files --source 0 /tmp/tmp.hk9vAn.spec
2020-06-21 03:43:44.706199 +0000 build-centos: + rm -f /tmp/tmp.hk9vAn.spec
2020-06-21 03:43:44.989867 +0000 build-centos: /home/user/builder-r4.1/qubes-src/builder-rpm/Makefile.rpmbuilder:196: update target 'sign' due to: sign-prep
2020-06-21 03:43:44.989981 +0000 build-centos: cd qubes-src/artwork && for pkg in pkgs/vm-centos8/qubes-artwork-4.1.6-2.centos8.noarch.rpm pkgs/vm-centos8/qubes-artwork-4.1.6-2.centos8.src.rpm pkgs/vm-centos8/qubes-artwork-anaconda-4.1.6-2.centos8.noarch.rpm pkgs/vm-centos8/qubes-artwork-efi-4.1.6-2.centos8.noarch.rpm pkgs/vm-centos8/qubes-artwork-plymouth-4.1.6-2.centos8.noarch.rpm pkgs/vm-centos8/qubes-artwork-4.1.6-2.centos8.x86_64.buildinfo ; do \
2020-06-21 03:43:44.989999 +0000 build-centos: .if [ "${pkg##*.}" = "buildinfo" ]; then \
2020-06-21 03:43:44.990022 +0000 build-centos: ../home/user/builder-r4.1/qubes-src/builder-rpm/scripts/update-rpmbuildinfo "$pkg" | qubes-gpg-client-wrapper --clearsign --local-user EE88DA5FB2B7082919C8826D19205A11FDE3D0AA > "$pkg".tmp && \
2020-06-21 03:43:44.990032 +0000 build-centos: ..mv -f "$pkg".tmp "$pkg"; \
2020-06-21 03:43:44.990058 +0000 build-centos: .elif ! rpm -K $pkg | grep -qi pgp; then \
2020-06-21 03:43:44.990074 +0000 build-centos: ..setsid -w rpmsign  --digest-algo=sha256 --key-id=EE88DA5FB2B7082919C8826D19205A11FDE3D0AA --addsign $pkg </dev/null || exit 1; \
2020-06-21 03:43:44.990083 +0000 build-centos: .fi; \
2020-06-21 03:43:44.990090 +0000 build-centos: done
2020-06-21 03:43:45.049234 +0000 build-centos: + ERR_OUTPUT=/dev/stderr
2020-06-21 03:43:45.049287 +0000 build-centos: + '[' 2 -lt 2 ']'
2020-06-21 03:43:45.049676 +0000 build-centos: ++ basename qubes-src/artwork/qubes-artwork.spec.in
2020-06-21 03:43:45.057363 +0000 build-centos: + [[ xqubes-artwork.spec.in == \x\.\i\n ]]
2020-06-21 03:43:45.057409 +0000 build-centos: + '[' -r qubes-src/artwork/qubes-artwork.spec.in ']'
2020-06-21 03:43:45.073620 +0000 build-centos: ++ mktemp --tmpdir tmp.XXXXXX.spec
2020-06-21 03:43:45.077030 +0000 build-centos: + tmp_spec=/tmp/tmp.8l7VOR.spec
2020-06-21 03:43:45.078009 +0000 build-centos: ++ dirname /home/user/builder-r4.1/qubes-src/builder-rpm/scripts/query-spec
2020-06-21 03:43:45.081807 +0000 build-centos: + /home/user/builder-r4.1/qubes-src/builder-rpm/scripts/generate-spec qubes-src/artwork/qubes-artwork.spec.in /tmp/tmp.8l7VOR.spec
2020-06-21 03:43:45.084293 +0000 build-centos: + '[' 2 -lt 2 ']'
2020-06-21 03:43:45.084335 +0000 build-centos: + '[' -z qubes-src/artwork ']'
2020-06-21 03:43:45.084352 +0000 build-centos: + cp qubes-src/artwork/qubes-artwork.spec.in qubes-src/artwork/qubes-artwork.spec.in.tmp
2020-06-21 03:43:45.100807 +0000 build-centos: + read -r ver
2020-06-21 03:43:45.100852 +0000 build-centos: + '[' x = x ']'
2020-06-21 03:43:45.100891 +0000 build-centos: + sed -i 's|@VERSION@|4.1.6|g' qubes-src/artwork/qubes-artwork.spec.in.tmp
2020-06-21 03:43:45.122247 +0000 build-centos: + vnum=1
2020-06-21 03:43:45.122294 +0000 build-centos: + read -r ver
2020-06-21 03:43:45.122307 +0000 build-centos: + '[' -e qubes-src/artwork/rel ']'
2020-06-21 03:43:45.122317 +0000 build-centos: + read -r rel
2020-06-21 03:43:45.122325 +0000 build-centos: + '[' x = x ']'
2020-06-21 03:43:45.122336 +0000 build-centos: + sed -i 's|@REL@|2|g' qubes-src/artwork/qubes-artwork.spec.in.tmp
2020-06-21 03:43:45.154061 +0000 build-centos: + rnum=1
2020-06-21 03:43:45.154110 +0000 build-centos: + read -r rel
2020-06-21 03:43:45.154126 +0000 build-centos: + sed -i -e s:@BACKEND_VMM@:xen:g qubes-src/artwork/qubes-artwork.spec.in.tmp
2020-06-21 03:43:45.161755 +0000 build-centos: + grep -q @CHANGELOG@ qubes-src/artwork/qubes-artwork.spec.in.tmp
2020-06-21 03:43:45.168134 +0000 build-centos: ++ dirname /home/user/builder-r4.1/qubes-src/builder-rpm/scripts/generate-spec
2020-06-21 03:43:45.171849 +0000 build-centos: + /home/user/builder-r4.1/qubes-src/builder-rpm/scripts/generate-changelog qubes-src/artwork qubes-src/artwork/qubes-artwork.spec.in.tmp
2020-06-21 03:43:46.055455 +0000 build-centos: + cat qubes-src/artwork/qubes-artwork.spec.in.tmp
2020-06-21 03:43:46.058846 +0000 build-centos: + rm -rf qubes-src/artwork/qubes-artwork.spec.in.tmp
2020-06-21 03:43:46.061236 +0000 build-centos: + '[' '%{SOURCE0}' = '%{SOURCE0}' ']'
2020-06-21 03:43:46.061283 +0000 build-centos: ++ dirname /home/user/builder-r4.1/qubes-src/builder-rpm/scripts/query-spec
2020-06-21 03:43:46.061302 +0000 build-centos: + /home/user/builder-r4.1/qubes-src/builder-rpm/scripts/../tools/spectool --list-files --source 0 /tmp/tmp.8l7VOR.spec
2020-06-21 03:43:46.176061 +0000 build-centos: + rm -f /tmp/tmp.8l7VOR.spec
2020-06-21 03:43:47.020143 +0000 build-centos: pkgs/vm-centos8/qubes-artwork-4.1.6-2.centos8.noarch.rpm:
2020-06-21 03:43:47.323105 +0000 build-centos: Error while vchan send, exiting
2020-06-21 03:43:47.803880 +0000 build-centos: pkgs/vm-centos8/qubes-artwork-4.1.6-2.centos8.src.rpm:
2020-06-21 03:43:47.803934 +0000 build-centos: Error while vchan send, exiting
2020-06-21 03:43:48.640570 +0000 build-centos: pkgs/vm-centos8/qubes-artwork-anaconda-4.1.6-2.centos8.noarch.rpm:
2020-06-21 03:43:49.197872 +0000 build-centos: pkgs/vm-centos8/qubes-artwork-efi-4.1.6-2.centos8.noarch.rpm:
2020-06-21 03:43:49.750591 +0000 build-centos: pkgs/vm-centos8/qubes-artwork-plymouth-4.1.6-2.centos8.noarch.rpm:
2020-06-21 03:43:50.156701 +0000 build-centos: Makefile:818: target 'internal-update-repo-current-testing.vm.centos8.artwork' does not exist
2020-06-21 03:43:50.156756 +0000 build-centos: repo_base_var="LINUX_REPO_centos8_BASEDIR"; \
2020-06-21 03:43:50.156771 +0000 build-centos: if [ "artwork" = linux-template-builder ]; then \
2020-06-21 03:43:50.156784 +0000 build-centos: .# templates belongs to dom0 repository, even though PACKAGE_SET=vm
2020-06-21 03:43:50.156794 +0000 build-centos: repo_base_var="LINUX_REPO__BASEDIR"; \
2020-06-21 03:43:50.156830 +0000 build-centos: fi; \
2020-06-21 03:43:50.156842 +0000 build-centos: if [ -n "${!repo_base_var}" ]; then \
2020-06-21 03:43:50.156851 +0000 build-centos: .repo_basedir="${!repo_base_var}"; \
2020-06-21 03:43:50.156859 +0000 build-centos: else \
2020-06-21 03:43:50.156869 +0000 build-centos: .repo_basedir="qubes-src/linux-yum/r4.1"; \
2020-06-21 03:43:50.156876 +0000 build-centos: fi; \
2020-06-21 03:43:50.156886 +0000 build-centos: if [ -r qubes-src/artwork/Makefile.builder ]; then \
2020-06-21 03:43:50.156896 +0000 build-centos: .echo -n "Updating qubes-src/artwork... "; \
2020-06-21 03:43:50.156905 +0000 build-centos: .if [ "0" -eq 1 ]; then \
2020-06-21 03:43:50.156917 +0000 build-centos: ..vtag=`git -C qubes-src/artwork tag --points-at HEAD --list v*`; \
2020-06-21 03:43:50.156925 +0000 build-centos: ..if [ -z "$vtag" ]; then \
2020-06-21 03:43:50.156934 +0000 build-centos: ...echo "no version tag"; \
2020-06-21 03:43:50.156942 +0000 build-centos: ...exit 0; \
2020-06-21 03:43:50.156950 +0000 build-centos: ..fi; \
2020-06-21 03:43:50.156958 +0000 build-centos: .fi; \
2020-06-21 03:43:50.156968 +0000 build-centos: .if [ "artwork" = linux-template-builder ]; then
2020-06-21 03:43:50.156982 +0000 build-centos: export TEMPLATE_NAME=$(MAKEFLAGS= make -s -C qubes-src/linux-template-builder DIST=centos8 template-name)
2020-06-21 03:43:50.156990 +0000 build-centos: fi
2020-06-21 03:43:50.157012 +0000 build-centos: component_packages=$(MAKEFLAGS= make -s -f Makefile.generic DIST=centos8 PACKAGE_SET=vm COMPONENT=`basename qubes-src/artwork` UPDATE_REPO=/home/user/builder-r4.1/$repo_basedir/current-testing/vm/centos8 get-var GET_VAR=PACKAGE_LIST); \
2020-06-21 03:43:50.157023 +0000 build-centos: .if [ -z "$component_packages" ]; then \
2020-06-21 03:43:50.157032 +0000 build-centos: ..echo "no packages."; \
2020-06-21 03:43:50.157040 +0000 build-centos: ..exit 0; \
2020-06-21 03:43:50.157047 +0000 build-centos: .fi; \
2020-06-21 03:43:50.157058 +0000 build-centos: .make -s -f Makefile.generic DIST=centos8 PACKAGE_SET=vm \
2020-06-21 03:43:50.157068 +0000 build-centos: ..COMPONENT=`basename qubes-src/artwork` \
2020-06-21 03:43:50.157078 +0000 build-centos: ..SNAPSHOT_REPO=current-testing \
2020-06-21 03:43:50.157087 +0000 build-centos: ..TARGET_REPO=current-testing \
2020-06-21 03:43:50.157121 +0000 build-centos: ..UPDATE_REPO=/home/user/builder-r4.1/$repo_basedir/current-testing/vm/centos8 \
2020-06-21 03:43:50.157137 +0000 build-centos: ..SNAPSHOT_FILE=/home/user/builder-r4.1/repo-latest-snapshot/current-testing-vm-centos8-`basename qubes-src/artwork` \
2020-06-21 03:43:50.157151 +0000 build-centos: ..BUILD_LOG_URL=https://github.com/QubesOS/build-logs/tree/master/build-centos/log_2020-06-21_03-35-07 \
2020-06-21 03:43:50.157160 +0000 build-centos: ..update-repo || exit 1; \
2020-06-21 03:43:50.157173 +0000 build-centos: elif make -C qubes-src/artwork -n update-repo-current-testing >/dev/null 2>/dev/null; then \
2020-06-21 03:43:50.157183 +0000 build-centos: .echo "Updating qubes-src/artwork... "; \
2020-06-21 03:43:50.157200 +0000 build-centos: .DIST=centos8 UPDATE_REPO=/home/user/builder-r4.1/$repo_basedir/current-testing/vm/centos8 \
2020-06-21 03:43:50.157212 +0000 build-centos: .make -s -C qubes-src/artwork update-repo-current-testing || exit 1; \
2020-06-21 03:43:50.157219 +0000 build-centos: else \
2020-06-21 03:43:50.157230 +0000 build-centos: .echo -n "Updating qubes-src/artwork... skipping."; \
2020-06-21 03:43:50.157237 +0000 build-centos: fi; \
2020-06-21 03:43:50.157244 +0000 build-centos: echo
2020-06-21 03:43:50.188725 +0000 build-centos: Updating qubes-src/artwork... + ERR_OUTPUT=/dev/stderr
2020-06-21 03:43:50.188774 +0000 build-centos: + '[' 2 -lt 2 ']'
2020-06-21 03:43:50.188788 +0000 build-centos: ++ basename qubes-src/artwork/qubes-artwork.spec.in
2020-06-21 03:43:50.189964 +0000 build-centos: + [[ xqubes-artwork.spec.in == \x\.\i\n ]]
2020-06-21 03:43:50.190001 +0000 build-centos: + '[' -r qubes-src/artwork/qubes-artwork.spec.in ']'
2020-06-21 03:43:50.190013 +0000 build-centos: ++ mktemp --tmpdir tmp.XXXXXX.spec
2020-06-21 03:43:50.191099 +0000 build-centos: + tmp_spec=/tmp/tmp.tR57Bg.spec
2020-06-21 03:43:50.191137 +0000 build-centos: ++ dirname /home/user/builder-r4.1/qubes-src/builder-rpm/scripts/query-spec
2020-06-21 03:43:50.194907 +0000 build-centos: + /home/user/builder-r4.1/qubes-src/builder-rpm/scripts/generate-spec qubes-src/artwork/qubes-artwork.spec.in /tmp/tmp.tR57Bg.spec
2020-06-21 03:43:50.194974 +0000 build-centos: + '[' 2 -lt 2 ']'
2020-06-21 03:43:50.194989 +0000 build-centos: + '[' -z qubes-src/artwork ']'
2020-06-21 03:43:50.195003 +0000 build-centos: + cp qubes-src/artwork/qubes-artwork.spec.in qubes-src/artwork/qubes-artwork.spec.in.tmp
2020-06-21 03:43:50.195012 +0000 build-centos: + read -r ver
2020-06-21 03:43:50.195020 +0000 build-centos: + '[' x = x ']'
2020-06-21 03:43:50.195031 +0000 build-centos: + sed -i 's|@VERSION@|4.1.6|g' qubes-src/artwork/qubes-artwork.spec.in.tmp
2020-06-21 03:43:50.208467 +0000 build-centos: + vnum=1
2020-06-21 03:43:50.208513 +0000 build-centos: + read -r ver
2020-06-21 03:43:50.208526 +0000 build-centos: + '[' -e qubes-src/artwork/rel ']'
2020-06-21 03:43:50.208535 +0000 build-centos: + read -r rel
2020-06-21 03:43:50.208544 +0000 build-centos: + '[' x = x ']'
2020-06-21 03:43:50.208555 +0000 build-centos: + sed -i 's|@REL@|2|g' qubes-src/artwork/qubes-artwork.spec.in.tmp
2020-06-21 03:43:50.245137 +0000 build-centos: + rnum=1
2020-06-21 03:43:50.245188 +0000 build-centos: + read -r rel
2020-06-21 03:43:50.245203 +0000 build-centos: + sed -i -e s:@BACKEND_VMM@:xen:g qubes-src/artwork/qubes-artwork.spec.in.tmp
2020-06-21 03:43:50.257851 +0000 build-centos: + grep -q @CHANGELOG@ qubes-src/artwork/qubes-artwork.spec.in.tmp
2020-06-21 03:43:50.266459 +0000 build-centos: ++ dirname /home/user/builder-r4.1/qubes-src/builder-rpm/scripts/generate-spec
2020-06-21 03:43:50.291388 +0000 build-centos: + /home/user/builder-r4.1/qubes-src/builder-rpm/scripts/generate-changelog qubes-src/artwork qubes-src/artwork/qubes-artwork.spec.in.tmp
2020-06-21 03:43:51.143873 +0000 build-centos: + cat qubes-src/artwork/qubes-artwork.spec.in.tmp
2020-06-21 03:43:51.154699 +0000 build-centos: + rm -rf qubes-src/artwork/qubes-artwork.spec.in.tmp
2020-06-21 03:43:51.205696 +0000 build-centos: + '[' '%{SOURCE0}' = '%{SOURCE0}' ']'
2020-06-21 03:43:51.205770 +0000 build-centos: ++ dirname /home/user/builder-r4.1/qubes-src/builder-rpm/scripts/query-spec
2020-06-21 03:43:51.205790 +0000 build-centos: + /home/user/builder-r4.1/qubes-src/builder-rpm/scripts/../tools/spectool --list-files --source 0 /tmp/tmp.tR57Bg.spec
2020-06-21 03:43:51.335024 +0000 build-centos: + rm -f /tmp/tmp.tR57Bg.spec
2020-06-21 03:43:51.353250 +0000 build-centos: + ERR_OUTPUT=/dev/stderr
2020-06-21 03:43:51.353296 +0000 build-centos: + '[' 2 -lt 2 ']'
2020-06-21 03:43:51.353311 +0000 build-centos: ++ basename qubes-src/artwork/qubes-artwork.spec.in
2020-06-21 03:43:51.353321 +0000 build-centos: + [[ xqubes-artwork.spec.in == \x\.\i\n ]]
2020-06-21 03:43:51.353332 +0000 build-centos: + '[' -r qubes-src/artwork/qubes-artwork.spec.in ']'
2020-06-21 03:43:51.357970 +0000 build-centos: ++ mktemp --tmpdir tmp.XXXXXX.spec
2020-06-21 03:43:51.358017 +0000 build-centos: + tmp_spec=/tmp/tmp.1dFO7N.spec
2020-06-21 03:43:51.358033 +0000 build-centos: ++ dirname /home/user/builder-r4.1/qubes-src/builder-rpm/scripts/query-spec
2020-06-21 03:43:51.358049 +0000 build-centos: + /home/user/builder-r4.1/qubes-src/builder-rpm/scripts/generate-spec qubes-src/artwork/qubes-artwork.spec.in /tmp/tmp.1dFO7N.spec
2020-06-21 03:43:51.358058 +0000 build-centos: + '[' 2 -lt 2 ']'
2020-06-21 03:43:51.358067 +0000 build-centos: + '[' -z qubes-src/artwork ']'
2020-06-21 03:43:51.358079 +0000 build-centos: + cp qubes-src/artwork/qubes-artwork.spec.in qubes-src/artwork/qubes-artwork.spec.in.tmp
2020-06-21 03:43:51.358706 +0000 build-centos: + read -r ver
2020-06-21 03:43:51.358740 +0000 build-centos: + '[' x = x ']'
2020-06-21 03:43:51.358755 +0000 build-centos: + sed -i 's|@VERSION@|4.1.6|g' qubes-src/artwork/qubes-artwork.spec.in.tmp
2020-06-21 03:43:51.363513 +0000 build-centos: + vnum=1
2020-06-21 03:43:51.363555 +0000 build-centos: + read -r ver
2020-06-21 03:43:51.363567 +0000 build-centos: + '[' -e qubes-src/artwork/rel ']'
2020-06-21 03:43:51.363577 +0000 build-centos: + read -r rel
2020-06-21 03:43:51.363585 +0000 build-centos: + '[' x = x ']'
2020-06-21 03:43:51.363596 +0000 build-centos: + sed -i 's|@REL@|2|g' qubes-src/artwork/qubes-artwork.spec.in.tmp
2020-06-21 03:43:51.378107 +0000 build-centos: + rnum=1
2020-06-21 03:43:51.378153 +0000 build-centos: + read -r rel
2020-06-21 03:43:51.378169 +0000 build-centos: + sed -i -e s:@BACKEND_VMM@:xen:g qubes-src/artwork/qubes-artwork.spec.in.tmp
2020-06-21 03:43:51.387447 +0000 build-centos: + grep -q @CHANGELOG@ qubes-src/artwork/qubes-artwork.spec.in.tmp
2020-06-21 03:43:51.408360 +0000 build-centos: ++ dirname /home/user/builder-r4.1/qubes-src/builder-rpm/scripts/generate-spec
2020-06-21 03:43:51.418134 +0000 build-centos: + /home/user/builder-r4.1/qubes-src/builder-rpm/scripts/generate-changelog qubes-src/artwork qubes-src/artwork/qubes-artwork.spec.in.tmp
2020-06-21 03:43:52.248610 +0000 build-centos: + cat qubes-src/artwork/qubes-artwork.spec.in.tmp
2020-06-21 03:43:52.263556 +0000 build-centos: + rm -rf qubes-src/artwork/qubes-artwork.spec.in.tmp
2020-06-21 03:43:52.263604 +0000 build-centos: + '[' '%{SOURCE0}' = '%{SOURCE0}' ']'
2020-06-21 03:43:52.263620 +0000 build-centos: ++ dirname /home/user/builder-r4.1/qubes-src/builder-rpm/scripts/query-spec
2020-06-21 03:43:52.263635 +0000 build-centos: + /home/user/builder-r4.1/qubes-src/builder-rpm/scripts/../tools/spectool --list-files --source 0 /tmp/tmp.1dFO7N.spec
2020-06-21 03:43:52.481051 +0000 build-centos: + rm -f /tmp/tmp.1dFO7N.spec
2020-06-21 03:43:52.584230 +0000 build-centos: + ERR_OUTPUT=/dev/stderr
2020-06-21 03:43:52.584284 +0000 build-centos: + '[' 2 -lt 2 ']'
2020-06-21 03:43:52.584299 +0000 build-centos: ++ basename qubes-src/artwork/qubes-artwork.spec.in
2020-06-21 03:43:52.584310 +0000 build-centos: + [[ xqubes-artwork.spec.in == \x\.\i\n ]]
2020-06-21 03:43:52.584321 +0000 build-centos: + '[' -r qubes-src/artwork/qubes-artwork.spec.in ']'
2020-06-21 03:43:52.584330 +0000 build-centos: ++ mktemp --tmpdir tmp.XXXXXX.spec
2020-06-21 03:43:52.584949 +0000 build-centos: + tmp_spec=/tmp/tmp.3tWLrg.spec
2020-06-21 03:43:52.586635 +0000 build-centos: ++ dirname /home/user/builder-r4.1/qubes-src/builder-rpm/scripts/query-spec
2020-06-21 03:43:52.587031 +0000 build-centos: + /home/user/builder-r4.1/qubes-src/builder-rpm/scripts/generate-spec qubes-src/artwork/qubes-artwork.spec.in /tmp/tmp.3tWLrg.spec
2020-06-21 03:43:52.588419 +0000 build-centos: + '[' 2 -lt 2 ']'
2020-06-21 03:43:52.589765 +0000 build-centos: + '[' -z qubes-src/artwork ']'
2020-06-21 03:43:52.589832 +0000 build-centos: + cp qubes-src/artwork/qubes-artwork.spec.in qubes-src/artwork/qubes-artwork.spec.in.tmp
2020-06-21 03:43:52.595557 +0000 build-centos: + read -r ver
2020-06-21 03:43:52.595599 +0000 build-centos: + '[' x = x ']'
2020-06-21 03:43:52.595615 +0000 build-centos: + sed -i 's|@VERSION@|4.1.6|g' qubes-src/artwork/qubes-artwork.spec.in.tmp
2020-06-21 03:43:52.595624 +0000 build-centos: + vnum=1
2020-06-21 03:43:52.595632 +0000 build-centos: + read -r ver
2020-06-21 03:43:52.595641 +0000 build-centos: + '[' -e qubes-src/artwork/rel ']'
2020-06-21 03:43:52.595650 +0000 build-centos: + read -r rel
2020-06-21 03:43:52.595658 +0000 build-centos: + '[' x = x ']'
2020-06-21 03:43:52.595669 +0000 build-centos: + sed -i 's|@REL@|2|g' qubes-src/artwork/qubes-artwork.spec.in.tmp
2020-06-21 03:43:52.637092 +0000 build-centos: + rnum=1
2020-06-21 03:43:52.637147 +0000 build-centos: + read -r rel
2020-06-21 03:43:52.637163 +0000 build-centos: + sed -i -e s:@BACKEND_VMM@:xen:g qubes-src/artwork/qubes-artwork.spec.in.tmp
2020-06-21 03:43:52.641331 +0000 build-centos: + grep -q @CHANGELOG@ qubes-src/artwork/qubes-artwork.spec.in.tmp
2020-06-21 03:43:52.660679 +0000 build-centos: ++ dirname /home/user/builder-r4.1/qubes-src/builder-rpm/scripts/generate-spec
2020-06-21 03:43:52.660732 +0000 build-centos: + /home/user/builder-r4.1/qubes-src/builder-rpm/scripts/generate-changelog qubes-src/artwork qubes-src/artwork/qubes-artwork.spec.in.tmp
2020-06-21 03:43:53.553266 +0000 build-centos: + cat qubes-src/artwork/qubes-artwork.spec.in.tmp
2020-06-21 03:43:53.553363 +0000 build-centos: + rm -rf qubes-src/artwork/qubes-artwork.spec.in.tmp
2020-06-21 03:43:53.612620 +0000 build-centos: + '[' '%{SOURCE0}' = '%{SOURCE0}' ']'
2020-06-21 03:43:53.613805 +0000 build-centos: ++ dirname /home/user/builder-r4.1/qubes-src/builder-rpm/scripts/query-spec
2020-06-21 03:43:53.626694 +0000 build-centos: + /home/user/builder-r4.1/qubes-src/builder-rpm/scripts/../tools/spectool --list-files --source 0 /tmp/tmp.3tWLrg.spec
2020-06-21 03:43:53.806142 +0000 build-centos: + rm -f /tmp/tmp.3tWLrg.spec
2020-06-21 03:43:53.898229 +0000 build-centos: /home/user/builder-r4.1/qubes-src/builder-rpm/Makefile.rpmbuilder:157: target 'update-repo-do' does not exist
2020-06-21 03:43:53.898287 +0000 build-centos: mkdir -p /home/user/builder-r4.1/qubes-src/linux-yum/r4.1/current-testing/vm/centos8/rpm
2020-06-21 03:43:53.931064 +0000 build-centos: + ERR_OUTPUT=/dev/stderr
2020-06-21 03:43:53.931112 +0000 build-centos: + '[' 2 -lt 2 ']'
2020-06-21 03:43:53.931199 +0000 build-centos: ++ basename qubes-src/artwork/qubes-artwork.spec.in
2020-06-21 03:43:53.933564 +0000 build-centos: + [[ xqubes-artwork.spec.in == \x\.\i\n ]]
2020-06-21 03:43:53.933605 +0000 build-centos: + '[' -r qubes-src/artwork/qubes-artwork.spec.in ']'
2020-06-21 03:43:53.934757 +0000 build-centos: ++ mktemp --tmpdir tmp.XXXXXX.spec
2020-06-21 03:43:53.936681 +0000 build-centos: + tmp_spec=/tmp/tmp.Q7eEaU.spec
2020-06-21 03:43:53.937860 +0000 build-centos: ++ dirname /home/user/builder-r4.1/qubes-src/builder-rpm/scripts/query-spec
2020-06-21 03:43:53.943834 +0000 build-centos: + /home/user/builder-r4.1/qubes-src/builder-rpm/scripts/generate-spec qubes-src/artwork/qubes-artwork.spec.in /tmp/tmp.Q7eEaU.spec
2020-06-21 03:43:53.945932 +0000 build-centos: + '[' 2 -lt 2 ']'
2020-06-21 03:43:53.945990 +0000 build-centos: + '[' -z qubes-src/artwork ']'
2020-06-21 03:43:53.946039 +0000 build-centos: + cp qubes-src/artwork/qubes-artwork.spec.in qubes-src/artwork/qubes-artwork.spec.in.tmp
2020-06-21 03:43:53.981599 +0000 build-centos: + read -r ver
2020-06-21 03:43:53.981650 +0000 build-centos: + '[' x = x ']'
2020-06-21 03:43:53.981666 +0000 build-centos: + sed -i 's|@VERSION@|4.1.6|g' qubes-src/artwork/qubes-artwork.spec.in.tmp
2020-06-21 03:43:53.984143 +0000 build-centos: + vnum=1
2020-06-21 03:43:53.984183 +0000 build-centos: + read -r ver
2020-06-21 03:43:53.984196 +0000 build-centos: + '[' -e qubes-src/artwork/rel ']'
2020-06-21 03:43:53.984205 +0000 build-centos: + read -r rel
2020-06-21 03:43:53.984213 +0000 build-centos: + '[' x = x ']'
2020-06-21 03:43:53.984225 +0000 build-centos: + sed -i 's|@REL@|2|g' qubes-src/artwork/qubes-artwork.spec.in.tmp
2020-06-21 03:43:53.993507 +0000 build-centos: + rnum=1
2020-06-21 03:43:53.993551 +0000 build-centos: + read -r rel
2020-06-21 03:43:53.993567 +0000 build-centos: + sed -i -e s:@BACKEND_VMM@:xen:g qubes-src/artwork/qubes-artwork.spec.in.tmp
2020-06-21 03:43:53.997308 +0000 build-centos: + grep -q @CHANGELOG@ qubes-src/artwork/qubes-artwork.spec.in.tmp
2020-06-21 03:43:54.004791 +0000 build-centos: ++ dirname /home/user/builder-r4.1/qubes-src/builder-rpm/scripts/generate-spec
2020-06-21 03:43:54.004866 +0000 build-centos: + /home/user/builder-r4.1/qubes-src/builder-rpm/scripts/generate-changelog qubes-src/artwork qubes-src/artwork/qubes-artwork.spec.in.tmp
2020-06-21 03:43:54.830141 +0000 build-centos: + cat qubes-src/artwork/qubes-artwork.spec.in.tmp
2020-06-21 03:43:54.830195 +0000 build-centos: + rm -rf qubes-src/artwork/qubes-artwork.spec.in.tmp
2020-06-21 03:43:54.837404 +0000 build-centos: + '[' '%{SOURCE0}' = '%{SOURCE0}' ']'
2020-06-21 03:43:54.840729 +0000 build-centos: ++ dirname /home/user/builder-r4.1/qubes-src/builder-rpm/scripts/query-spec
2020-06-21 03:43:54.841373 +0000 build-centos: + /home/user/builder-r4.1/qubes-src/builder-rpm/scripts/../tools/spectool --list-files --source 0 /tmp/tmp.Q7eEaU.spec
2020-06-21 03:43:55.019470 +0000 build-centos: + rm -f /tmp/tmp.Q7eEaU.spec
2020-06-21 03:43:55.060472 +0000 build-centos: if [ -n "pkgs/vm-centos8/qubes-artwork-4.1.6-2.centos8.noarch.rpm pkgs/vm-centos8/qubes-artwork-4.1.6-2.centos8.src.rpm pkgs/vm-centos8/qubes-artwork-anaconda-4.1.6-2.centos8.noarch.rpm pkgs/vm-centos8/qubes-artwork-efi-4.1.6-2.centos8.noarch.rpm pkgs/vm-centos8/qubes-artwork-plymouth-4.1.6-2.centos8.noarch.rpm pkgs/vm-centos8/qubes-artwork-4.1.6-2.centos8.x86_64.buildinfo" ]; then \
2020-06-21 03:43:55.060556 +0000 build-centos: .cd qubes-src/artwork && ln -f pkgs/vm-centos8/qubes-artwork-4.1.6-2.centos8.noarch.rpm pkgs/vm-centos8/qubes-artwork-4.1.6-2.centos8.src.rpm pkgs/vm-centos8/qubes-artwork-anaconda-4.1.6-2.centos8.noarch.rpm pkgs/vm-centos8/qubes-artwork-efi-4.1.6-2.centos8.noarch.rpm pkgs/vm-centos8/qubes-artwork-plymouth-4.1.6-2.centos8.noarch.rpm pkgs/vm-centos8/qubes-artwork-4.1.6-2.centos8.x86_64.buildinfo  /home/user/builder-r4.1/qubes-src/linux-yum/r4.1/current-testing/vm/centos8/rpm/; \
2020-06-21 03:43:55.060570 +0000 build-centos: else \
2020-06-21 03:43:55.060586 +0000 build-centos: .echo "`tput bold`No packages defined by qubes-artwork.spec, syntax error?`tput sgr0`"; \
2020-06-21 03:43:55.060595 +0000 build-centos: .exit 1; \
2020-06-21 03:43:55.060602 +0000 build-centos: fi
2020-06-21 03:43:55.068214 +0000 build-centos: cd qubes-src/artwork && echo pkgs/vm-centos8/qubes-artwork-4.1.6-2.centos8.noarch.rpm pkgs/vm-centos8/qubes-artwork-4.1.6-2.centos8.src.rpm pkgs/vm-centos8/qubes-artwork-anaconda-4.1.6-2.centos8.noarch.rpm pkgs/vm-centos8/qubes-artwork-efi-4.1.6-2.centos8.noarch.rpm pkgs/vm-centos8/qubes-artwork-plymouth-4.1.6-2.centos8.noarch.rpm pkgs/vm-centos8/qubes-artwork-4.1.6-2.centos8.x86_64.buildinfo  > /home/user/builder-r4.1/repo-latest-snapshot/current-testing-vm-centos8-artwork
2020-06-21 03:43:55.086104 +0000 build-centos: /home/user/builder-r4.1/qubes-src/builder-github//Makefile.github:18: target 'notify-github' does not exist
2020-06-21 03:43:55.086152 +0000 build-centos: [ -z "qubes-artwork-4.1.6-2.centos8" ] || /home/user/builder-r4.1/qubes-src/builder-github//notify-issues \
2020-06-21 03:43:55.086184 +0000 build-centos: .--build-log="https://github.com/QubesOS/build-logs/tree/master/build-centos/log_2020-06-21_03-35-07" \
2020-06-21 03:43:55.086199 +0000 build-centos: .upload \
2020-06-21 03:43:55.086208 +0000 build-centos: ."r4.1" \
2020-06-21 03:43:55.086216 +0000 build-centos: ."qubes-src/artwork" \
2020-06-21 03:43:55.086226 +0000 build-centos: ."qubes-artwork-4.1.6-2.centos8" \
2020-06-21 03:43:55.086234 +0000 build-centos: ."centos8" \
2020-06-21 03:43:55.086241 +0000 build-centos: ."vm" \
2020-06-21 03:43:55.086249 +0000 build-centos: ."current-testing" \
2020-06-21 03:43:55.086261 +0000 build-centos: ."/home/user/github-notify-state/r4.1-artwork-vm-centos8-current-testing" \
2020-06-21 03:43:55.086272 +0000 build-centos: ."/home/user/github-notify-state/r4.1-artwork-vm-centos8-current"
2020-06-21 03:43:55.127644 +0000 build-centos: + ERR_OUTPUT=/dev/stderr
2020-06-21 03:43:55.127692 +0000 build-centos: + '[' 2 -lt 2 ']'
2020-06-21 03:43:55.128861 +0000 build-centos: ++ basename qubes-src/artwork/qubes-artwork.spec.in
2020-06-21 03:43:55.137530 +0000 build-centos: + [[ xqubes-artwork.spec.in == \x\.\i\n ]]
2020-06-21 03:43:55.137577 +0000 build-centos: + '[' -r qubes-src/artwork/qubes-artwork.spec.in ']'
2020-06-21 03:43:55.137589 +0000 build-centos: ++ mktemp --tmpdir tmp.XXXXXX.spec
2020-06-21 03:43:55.138744 +0000 build-centos: + tmp_spec=/tmp/tmp.O4TxRf.spec
2020-06-21 03:43:55.138785 +0000 build-centos: ++ dirname /home/user/builder-r4.1/qubes-src/builder-rpm/scripts/query-spec
2020-06-21 03:43:55.139942 +0000 build-centos: + /home/user/builder-r4.1/qubes-src/builder-rpm/scripts/generate-spec qubes-src/artwork/qubes-artwork.spec.in /tmp/tmp.O4TxRf.spec
2020-06-21 03:43:55.141096 +0000 build-centos: + '[' 2 -lt 2 ']'
2020-06-21 03:43:55.141131 +0000 build-centos: + '[' -z qubes-src/artwork ']'
2020-06-21 03:43:55.141148 +0000 build-centos: + cp qubes-src/artwork/qubes-artwork.spec.in qubes-src/artwork/qubes-artwork.spec.in.tmp
2020-06-21 03:43:55.147209 +0000 build-centos: + read -r ver
2020-06-21 03:43:55.147251 +0000 build-centos: + '[' x = x ']'
2020-06-21 03:43:55.147266 +0000 build-centos: + sed -i 's|@VERSION@|4.1.6|g' qubes-src/artwork/qubes-artwork.spec.in.tmp
2020-06-21 03:43:55.162227 +0000 build-centos: + vnum=1
2020-06-21 03:43:55.162271 +0000 build-centos: + read -r ver
2020-06-21 03:43:55.162284 +0000 build-centos: + '[' -e qubes-src/artwork/rel ']'
2020-06-21 03:43:55.162293 +0000 build-centos: + read -r rel
2020-06-21 03:43:55.162302 +0000 build-centos: + '[' x = x ']'
2020-06-21 03:43:55.162313 +0000 build-centos: + sed -i 's|@REL@|2|g' qubes-src/artwork/qubes-artwork.spec.in.tmp
2020-06-21 03:43:55.174479 +0000 build-centos: + rnum=1
2020-06-21 03:43:55.174519 +0000 build-centos: + read -r rel
2020-06-21 03:43:55.174535 +0000 build-centos: + sed -i -e s:@BACKEND_VMM@:xen:g qubes-src/artwork/qubes-artwork.spec.in.tmp
2020-06-21 03:43:55.178808 +0000 build-centos: + grep -q @CHANGELOG@ qubes-src/artwork/qubes-artwork.spec.in.tmp
2020-06-21 03:43:55.189677 +0000 build-centos: ++ dirname /home/user/builder-r4.1/qubes-src/builder-rpm/scripts/generate-spec
2020-06-21 03:43:55.192251 +0000 build-centos: + /home/user/builder-r4.1/qubes-src/builder-rpm/scripts/generate-changelog qubes-src/artwork qubes-src/artwork/qubes-artwork.spec.in.tmp
2020-06-21 03:43:55.779379 +0000 build-centos: + cat qubes-src/artwork/qubes-artwork.spec.in.tmp
2020-06-21 03:43:55.779435 +0000 build-centos: + rm -rf qubes-src/artwork/qubes-artwork.spec.in.tmp
2020-06-21 03:43:55.780598 +0000 build-centos: + '[' '%{SOURCE0}' = '%{SOURCE0}' ']'
2020-06-21 03:43:55.780682 +0000 build-centos: ++ dirname /home/user/builder-r4.1/qubes-src/builder-rpm/scripts/query-spec
2020-06-21 03:43:55.792367 +0000 build-centos: + /home/user/builder-r4.1/qubes-src/builder-rpm/scripts/../tools/spectool --list-files --source 0 /tmp/tmp.O4TxRf.spec
2020-06-21 03:43:55.865961 +0000 build-centos: + rm -f /tmp/tmp.O4TxRf.spec
2020-06-21 03:43:56.648263 +0000 build-centos: WARNING: message template /home/user/builder-r4.1/qubes-src/builder-github/templates/message-current-testing-vm doesn't exist, not adding comments
2020-06-21 03:43:56.664366 +0000 build-centos: Traceback (most recent call last):
2020-06-21 03:43:56.664413 +0000 build-centos:   File "/usr/lib/python3.7/site-packages/urllib3/connection.py", line 157, in _new_conn
2020-06-21 03:43:56.664428 +0000 build-centos:     (self._dns_host, self.port), self.timeout, **extra_kw
2020-06-21 03:43:56.664442 +0000 build-centos:   File "/usr/lib/python3.7/site-packages/urllib3/util/connection.py", line 61, in create_connection
2020-06-21 03:43:56.664454 +0000 build-centos:     for res in socket.getaddrinfo(host, port, family, socket.SOCK_STREAM):
2020-06-21 03:43:56.664466 +0000 build-centos:   File "/usr/lib64/python3.7/socket.py", line 752, in getaddrinfo
2020-06-21 03:43:56.664477 +0000 build-centos:     for res in _socket.getaddrinfo(host, port, family, type, proto, flags):
2020-06-21 03:43:56.664487 +0000 build-centos: socket.gaierror: [Errno -2] Name or service not known
2020-06-21 03:43:56.664502 +0000 build-centos: 
2020-06-21 03:43:56.664514 +0000 build-centos: During handling of the above exception, another exception occurred:
2020-06-21 03:43:56.664521 +0000 build-centos: 
2020-06-21 03:43:56.664529 +0000 build-centos: Traceback (most recent call last):
2020-06-21 03:43:56.664542 +0000 build-centos:   File "/usr/lib/python3.7/site-packages/urllib3/connectionpool.py", line 672, in urlopen
2020-06-21 03:43:56.664550 +0000 build-centos:     chunked=chunked,
2020-06-21 03:43:56.664563 +0000 build-centos:   File "/usr/lib/python3.7/site-packages/urllib3/connectionpool.py", line 376, in _make_request
2020-06-21 03:43:56.664571 +0000 build-centos:     self._validate_conn(conn)
2020-06-21 03:43:56.664584 +0000 build-centos:   File "/usr/lib/python3.7/site-packages/urllib3/connectionpool.py", line 994, in _validate_conn
2020-06-21 03:43:56.664592 +0000 build-centos:     conn.connect()
2020-06-21 03:43:56.664604 +0000 build-centos:   File "/usr/lib/python3.7/site-packages/urllib3/connection.py", line 334, in connect
2020-06-21 03:43:56.664613 +0000 build-centos:     conn = self._new_conn()
2020-06-21 03:43:56.664625 +0000 build-centos:   File "/usr/lib/python3.7/site-packages/urllib3/connection.py", line 169, in _new_conn
2020-06-21 03:43:56.664635 +0000 build-centos:     self, "Failed to establish a new connection: %s" % e
2020-06-21 03:43:56.664653 +0000 build-centos: urllib3.exceptions.NewConnectionError: <urllib3.connection.VerifiedHTTPSConnection object at 0x70a045fc65d0>: Failed to establish a new connection: [Errno -2] Name or service not known
2020-06-21 03:43:56.664660 +0000 build-centos: 
2020-06-21 03:43:56.664671 +0000 build-centos: During handling of the above exception, another exception occurred:
2020-06-21 03:43:56.664678 +0000 build-centos: 
2020-06-21 03:43:56.664687 +0000 build-centos: Traceback (most recent call last):
2020-06-21 03:43:56.664698 +0000 build-centos:   File "/usr/lib/python3.7/site-packages/requests/adapters.py", line 449, in send
2020-06-21 03:43:56.664706 +0000 build-centos:     timeout=timeout
2020-06-21 03:43:56.664718 +0000 build-centos:   File "/usr/lib/python3.7/site-packages/urllib3/connectionpool.py", line 720, in urlopen
2020-06-21 03:43:56.664729 +0000 build-centos:     method, url, error=e, _pool=self, _stacktrace=sys.exc_info()[2]
2020-06-21 03:43:56.664741 +0000 build-centos:   File "/usr/lib/python3.7/site-packages/urllib3/util/retry.py", line 436, in increment
2020-06-21 03:43:56.664752 +0000 build-centos:     raise MaxRetryError(_pool, url, error or ResponseError(cause))
2020-06-21 03:43:56.664785 +0000 build-centos: urllib3.exceptions.MaxRetryError: HTTPSConnectionPool(host='api.github.com', port=443): Max retries exceeded with url: /search/issues?q=repo:QubesOS/updates-status+%22artwork%20v4.1.6-2%20(r4.1)%22&sort=created (Caused by NewConnectionError('<urllib3.connection.VerifiedHTTPSConnection object at 0x70a045fc65d0>: Failed to establish a new connection: [Errno -2] Name or service not known'))
2020-06-21 03:43:56.664861 +0000 build-centos: 
2020-06-21 03:43:56.664877 +0000 build-centos: During handling of the above exception, another exception occurred:
2020-06-21 03:43:56.664901 +0000 build-centos: 
2020-06-21 03:43:56.664910 +0000 build-centos: Traceback (most recent call last):
2020-06-21 03:43:56.664923 +0000 build-centos:   File "/home/user/builder-r4.1/qubes-src/builder-github//notify-issues", line 532, in <module>
2020-06-21 03:43:56.664931 +0000 build-centos:     main()
2020-06-21 03:43:56.664944 +0000 build-centos:   File "/home/user/builder-r4.1/qubes-src/builder-github//notify-issues", line 529, in main
2020-06-21 03:43:56.664954 +0000 build-centos:     previous_stable_commit_sha=previous_stable_commit)
2020-06-21 03:43:56.664968 +0000 build-centos:   File "/home/user/builder-r4.1/qubes-src/builder-github//notify-issues", line 395, in notify_build_report
2020-06-21 03:43:56.664978 +0000 build-centos:     create=True, message_template_kwargs=message_kwargs)
2020-06-21 03:43:56.664992 +0000 build-centos:   File "/home/user/builder-r4.1/qubes-src/builder-github//notify-issues", line 128, in search_or_create_issue
2020-06-21 03:43:56.665003 +0000 build-centos:     resp = requests.get(search_url, headers=auth_headers)
2020-06-21 03:43:56.665014 +0000 build-centos:   File "/usr/lib/python3.7/site-packages/requests/api.py", line 75, in get
2020-06-21 03:43:56.665025 +0000 build-centos:     return request('get', url, params=params, **kwargs)
2020-06-21 03:43:56.665037 +0000 build-centos:   File "/usr/lib/python3.7/site-packages/requests/api.py", line 60, in request
2020-06-21 03:43:56.665047 +0000 build-centos:     return session.request(method=method, url=url, **kwargs)
2020-06-21 03:43:56.665059 +0000 build-centos:   File "/usr/lib/python3.7/site-packages/requests/sessions.py", line 533, in request
2020-06-21 03:43:56.665069 +0000 build-centos:     resp = self.send(prep, **send_kwargs)
2020-06-21 03:43:56.665081 +0000 build-centos:   File "/usr/lib/python3.7/site-packages/requests/sessions.py", line 646, in send
2020-06-21 03:43:56.665090 +0000 build-centos:     r = adapter.send(request, **kwargs)
2020-06-21 03:43:56.665102 +0000 build-centos:   File "/usr/lib/python3.7/site-packages/requests/adapters.py", line 516, in send
2020-06-21 03:43:56.665112 +0000 build-centos:     raise ConnectionError(e, request=request)
2020-06-21 03:43:56.665152 +0000 build-centos: requests.exceptions.ConnectionError: HTTPSConnectionPool(host='api.github.com', port=443): Max retries exceeded with url: /search/issues?q=repo:QubesOS/updates-status+%22artwork%20v4.1.6-2%20(r4.1)%22&sort=created (Caused by NewConnectionError('<urllib3.connection.VerifiedHTTPSConnection object at 0x70a045fc65d0>: Failed to establish a new connection: [Errno -2] Name or service not known'))
2020-06-21 03:43:56.678343 +0000 build-centos: make[1]: *** [/home/user/builder-r4.1/qubes-src/builder-github//Makefile.github:18: notify-github] Error 1
2020-06-21 03:43:56.678395 +0000 build-centos: make: *** [Makefile:818: internal-update-repo-current-testing.vm.centos8.artwork] Error 1
2020-06-21 03:43:56.678410 +0000 > closing log
