2022-10-24 02:36:29.248532 +0000 > starting log
2022-10-24 02:36:29.249003 +0000 build-fedora4: > starting build with log
2022-10-24 02:36:29.249029 +0000 build-fedora4: >> make args: COMPONENTS=linux-template-builder BUILD_LOGS_URL=linux-template-builder-vm-fc37=https://github.com/QubesOS/build-logs/tree/master/build-fedora4/log_2022-10-24_00-53-07 update-repo-templates-itl-testing
2022-10-24 02:36:29.249038 +0000 build-fedora4: >> MAKEFLAGS=
2022-10-24 02:36:29.249044 +0000 build-fedora4: >> COMPONENTS=
2022-10-24 02:36:29.249051 +0000 build-fedora4: >> DISTS_VM=fc37
2022-10-24 02:36:29.249057 +0000 build-fedora4: >> DIST_DOM0=
2022-10-24 02:36:29.249065 +0000 build-fedora4: >> qubes-builder b7021ac566abccd659dd932f2f557ee90105db4f
2022-10-24 02:36:29.249076 +0000 build-fedora4: >> qubes-builder/qubes-src/linux-template-builder 4d8c03b9a88693fb74435d8d3dde09ea02641bb7
2022-10-24 02:36:29.249083 +0000 build-fedora4: !! build_timestamp_debian-11
2022-10-24 02:36:29.249090 +0000 build-fedora4: !! build_timestamp_debian-11-minimal
2022-10-24 02:36:29.249097 +0000 build-fedora4: !! build_timestamp_fedora-34
2022-10-24 02:36:29.249104 +0000 build-fedora4: !! build_timestamp_fedora-34-minimal
2022-10-24 02:36:29.249111 +0000 build-fedora4: !! build_timestamp_fedora-34-xfce
2022-10-24 02:36:29.249117 +0000 build-fedora4: !! build_timestamp_fedora-35
2022-10-24 02:36:29.249125 +0000 build-fedora4: !! build_timestamp_fedora-35-minimal
2022-10-24 02:36:29.249131 +0000 build-fedora4: !! build_timestamp_fedora-35-xfce
2022-10-24 02:36:29.249138 +0000 build-fedora4: !! build_timestamp_fedora-36
2022-10-24 02:36:29.249145 +0000 build-fedora4: !! build_timestamp_fedora-36-minimal
2022-10-24 02:36:29.249152 +0000 build-fedora4: !! build_timestamp_fedora-36-xfce
2022-10-24 02:36:29.249159 +0000 build-fedora4: !! build_timestamp_fedora-37
2022-10-24 02:36:29.249184 +0000 build-fedora4: !! build_timestamp_fedora-37-xfce
2022-10-24 02:36:29.249193 +0000 build-fedora4: !! rpm/noarch/qubes-template-debian-11-4.0.6-202201171556.noarch.rpm
2022-10-24 02:36:29.249203 +0000 build-fedora4: !! rpm/noarch/qubes-template-debian-11-minimal-4.0.6-202108191622.noarch.rpm
2022-10-24 02:36:29.249215 +0000 build-fedora4: !! rpm/noarch/qubes-template-fedora-34-4.0.6-202201160401.noarch.rpm
2022-10-24 02:36:29.249225 +0000 build-fedora4: !! rpm/noarch/qubes-template-fedora-34-minimal-4.0.6-202110020922.noarch.rpm
2022-10-24 02:36:29.249234 +0000 build-fedora4: !! rpm/noarch/qubes-template-fedora-34-xfce-4.0.6-202110020922.noarch.rpm
2022-10-24 02:36:29.249243 +0000 build-fedora4: !! rpm/noarch/qubes-template-fedora-35-4.0.6-202205081759.noarch.rpm
2022-10-24 02:36:29.249252 +0000 build-fedora4: !! rpm/noarch/qubes-template-fedora-35-minimal-4.0.6-202205081759.noarch.rpm
2022-10-24 02:36:29.249262 +0000 build-fedora4: !! rpm/noarch/qubes-template-fedora-35-xfce-4.0.6-202205081759.noarch.rpm
2022-10-24 02:36:29.249270 +0000 build-fedora4: !! rpm/noarch/qubes-template-fedora-36-4.0.6-202205270243.noarch.rpm
2022-10-24 02:36:29.249279 +0000 build-fedora4: !! rpm/noarch/qubes-template-fedora-36-minimal-4.0.6-202205270243.noarch.rpm
2022-10-24 02:36:29.249289 +0000 build-fedora4: !! rpm/noarch/qubes-template-fedora-36-xfce-4.0.6-202205270243.noarch.rpm
2022-10-24 02:36:29.249297 +0000 build-fedora4: !! rpm/noarch/qubes-template-fedora-37-4.0.6-202210240053.noarch.rpm
2022-10-24 02:36:29.249307 +0000 build-fedora4: !! rpm/noarch/qubes-template-fedora-37-xfce-4.0.6-202210210656.noarch.rpm
2022-10-24 02:36:29.249313 +0000 build-fedora4: !! rpmbuild/tmp/rpm-tmp.3ig1Kd
2022-10-24 02:36:29.249328 +0000 build-fedora4: 5e0612ac178e241f575fae375513c8cfc8dd8261693ca2a1b5c111c198b557992811327af6eaa9562d160ead3c24ef67a2c14801837c4b02db98a3580ca6f444  build_timestamp_debian-11
2022-10-24 02:36:29.249342 +0000 build-fedora4: c6ba49676a150cbefa09157c05604a58c82f7c1163bb0348314fb48ab61e3a3aafd99fb6bb8b76741dfd8efef5af21a9c5cb51ebccc9c1b73d9241b94ed50629  build_timestamp_debian-11-minimal
2022-10-24 02:36:29.249357 +0000 build-fedora4: 57283028a48a6ae6558e1dc6a4feb10bf95d6667c241581888b04d8dd8dd757c59f3b9ef5f9923c47f07dd4d5c12e60e84108253de1e64b59f1c384d5327fd41  build_timestamp_fedora-34
2022-10-24 02:36:29.249377 +0000 build-fedora4: 9212b43ac759e90fbf261c116b75ef594a2c9362c5e5b55987010e99365cfe2e8c0040a0e34133289785b93be369f47a91c42c98a835e0acc4fa5b49dfb632e4  build_timestamp_fedora-34-minimal
2022-10-24 02:36:29.249392 +0000 build-fedora4: 9212b43ac759e90fbf261c116b75ef594a2c9362c5e5b55987010e99365cfe2e8c0040a0e34133289785b93be369f47a91c42c98a835e0acc4fa5b49dfb632e4  build_timestamp_fedora-34-xfce
2022-10-24 02:36:29.249406 +0000 build-fedora4: 3d33affd5922cfaad76b445187b1be385c93b2baf069591bf502705a2aeff0e0ab5956e49c57b61421d35c2ebaa9eeffb34c64568605c194c813ea65ce25bb8f  build_timestamp_fedora-35
2022-10-24 02:36:29.249421 +0000 build-fedora4: 3d33affd5922cfaad76b445187b1be385c93b2baf069591bf502705a2aeff0e0ab5956e49c57b61421d35c2ebaa9eeffb34c64568605c194c813ea65ce25bb8f  build_timestamp_fedora-35-minimal
2022-10-24 02:36:29.249435 +0000 build-fedora4: 3d33affd5922cfaad76b445187b1be385c93b2baf069591bf502705a2aeff0e0ab5956e49c57b61421d35c2ebaa9eeffb34c64568605c194c813ea65ce25bb8f  build_timestamp_fedora-35-xfce
2022-10-24 02:36:29.249449 +0000 build-fedora4: c99c35d891541326ff89c1e45bc8650d0d31d3ecaf3bd95ba8de8ab88d0bb6f12fadfb9d35e3e310ba708a3f5819bb0d84be62351972f971dc27fd053df59965  build_timestamp_fedora-36
2022-10-24 02:36:29.249463 +0000 build-fedora4: c99c35d891541326ff89c1e45bc8650d0d31d3ecaf3bd95ba8de8ab88d0bb6f12fadfb9d35e3e310ba708a3f5819bb0d84be62351972f971dc27fd053df59965  build_timestamp_fedora-36-minimal
2022-10-24 02:36:29.249477 +0000 build-fedora4: c99c35d891541326ff89c1e45bc8650d0d31d3ecaf3bd95ba8de8ab88d0bb6f12fadfb9d35e3e310ba708a3f5819bb0d84be62351972f971dc27fd053df59965  build_timestamp_fedora-36-xfce
2022-10-24 02:36:29.249491 +0000 build-fedora4: f0b1cc553630e5e40327feda98f3585f5df4d698bff75fd5814121c078898dd32085ee83abdd3f9834bf3ab0f704c9cd2882ed9ba59fc6d4eb62a3f1cacde892  build_timestamp_fedora-37
2022-10-24 02:36:29.249505 +0000 build-fedora4: 5b6ab122a2dfcce23364ee12359b8b6d7423d31f610432a9987e64724bcfbe2900fe28f52ce773bd06cbe67c13eb18c48770dc1b242509be1901318acb0fbda7  build_timestamp_fedora-37-xfce
2022-10-24 02:36:33.040148 +0000 build-fedora4: f39f88a79e19cd1325e9ca2a8dec97d7b30ac6f2db39ff2affbb48e9e773831f640d54945ba889371080508e102512abd8790ac720eadb1858a4e6b2421df5e0  rpm/noarch/qubes-template-debian-11-4.0.6-202201171556.noarch.rpm
2022-10-24 02:36:34.742730 +0000 build-fedora4: 068ba86e7e9aeb0a6e8df49fb1997f09c7110c8e2083b1daaeb3de654f8094849efd795045646c9901f74481279994ffa421c3ba85377274b979899764787ad5  rpm/noarch/qubes-template-debian-11-minimal-4.0.6-202108191622.noarch.rpm
2022-10-24 02:36:39.695197 +0000 build-fedora4: ed6f88ca8c91b584680c5171a26e2929506c00136661dce64a32d60e9564479e77200f4df228b0309ff4c4bac7df324770e6851a475851436d523d5ad929ab65  rpm/noarch/qubes-template-fedora-34-4.0.6-202201160401.noarch.rpm
2022-10-24 02:36:41.128265 +0000 build-fedora4: 7871f71d199b205b4b65c6ec9a789a17dbf50bc9261a9c3bc05eb03dae89beb96d93f6dab7d8b596f85bb6169c5b7a0cd4e22f725d46a1fc603f3f150b697a7b  rpm/noarch/qubes-template-fedora-34-minimal-4.0.6-202110020922.noarch.rpm
2022-10-24 02:36:44.679015 +0000 build-fedora4: 6bd746ef629564dc4075a8bf3b20452ce0ed72f7b2bc11b21f2531ecbeb4c254661169b872308b04c076cef08fa3a2c0d87f7212d4e4922d96cdf61e6e3e9deb  rpm/noarch/qubes-template-fedora-34-xfce-4.0.6-202110020922.noarch.rpm
2022-10-24 02:36:48.334419 +0000 build-fedora4: 1658f040014777b1b37697f25ccae7e39ff9553ae01645208a6b357dc531dad223b2abb4e72f0532b9667dd02383232cb74793c86172c3d7d8b51b479221d3d5  rpm/noarch/qubes-template-fedora-35-4.0.6-202205081759.noarch.rpm
2022-10-24 02:36:49.832320 +0000 build-fedora4: 837171a3b3448f5c67aa6488152ddb763d0b0f57a49bea580c198717d5ec40b532287aedc57538fc182ec518b547aaf4b46c72a3a7daedf564052e7020705860  rpm/noarch/qubes-template-fedora-35-minimal-4.0.6-202205081759.noarch.rpm
2022-10-24 02:36:53.530585 +0000 build-fedora4: 4c19edff4a49cb00da74c4c464df03f02f0ed7bf15fd823dfd2895c87231d0c797c14842bee38329901e9a695e38401ca09961bf48cc130444fef2b8e864cd72  rpm/noarch/qubes-template-fedora-35-xfce-4.0.6-202205081759.noarch.rpm
2022-10-24 02:36:57.125045 +0000 build-fedora4: d305636c67edaab961e7cdebba5814e54291a8b682c64344243de349f59f00414b2db8f716a9f5b00fa99c9a5da51b62f55c942ea60d4058b0f72b2834a7362f  rpm/noarch/qubes-template-fedora-36-4.0.6-202205270243.noarch.rpm
2022-10-24 02:36:58.619627 +0000 build-fedora4: a689f8f559ab99001e95a133ac3d88d84a129f87c22b1c0d2dedb85afc2365fc5e26aeac470642028272dfddae002a2b25afbd1e2ded982e07bb59998af586bf  rpm/noarch/qubes-template-fedora-36-minimal-4.0.6-202205270243.noarch.rpm
2022-10-24 02:37:02.331132 +0000 build-fedora4: ab7c654884e8c0a2d46bca2a44d52b34c680b95e4e332b56d60756711023030f15dc3b84032c2905be12abb96fe753e0bb189f5600987324772339f3d70db84d  rpm/noarch/qubes-template-fedora-36-xfce-4.0.6-202205270243.noarch.rpm
2022-10-24 02:37:05.211506 +0000 build-fedora4: 76cec7f75524693fb37f34aa4104b8437fdad4e81d89acbdc5244042608010d8e857861cbb04316a517d1d53fe19646d5c8e63e993b59c4e2219251fd897d1cc  rpm/noarch/qubes-template-fedora-37-4.0.6-202210240053.noarch.rpm
2022-10-24 02:37:08.700186 +0000 build-fedora4: 5d55802d6391331074c3dc4143a306cad8b113ceb33f4181a5c2c70916f532d5ac3980aa30a62540f061acb0fa7bbdc3b3dfc0cdd3d3c16f3279013b559ff7d2  rpm/noarch/qubes-template-fedora-37-xfce-4.0.6-202210210656.noarch.rpm
2022-10-24 02:37:08.700405 +0000 build-fedora4: b4ecbbd05cb7fb597f853a5c08210311e797fa42a92285c2ab765b0ec4cdeac32762568b1935d79e76405ca8dd73fd629230a9b8336f3a46d62c8f482d41880b  rpmbuild/tmp/rpm-tmp.3ig1Kd
2022-10-24 02:37:08.737491 +0000 build-fedora4: >> qubes-builder/qubes-src/template-configs b95a9473d417fc087b62f734446db5ff6a0c3f0c
2022-10-24 02:37:08.778751 +0000 build-fedora4: >> qubes-builder/qubes-src/linux-yum 48966052a3cff367feea6d4caa196f3141323050
2022-10-24 02:37:08.791928 +0000 build-fedora4: !! r4.1/templates-community/repodata/1cb61ea996355add02b1426ed4c1780ea75ce0c04c5d1107c025c3fbd7d8bcae-primary.xml.gz
2022-10-24 02:37:08.791976 +0000 build-fedora4: !! r4.1/templates-community/repodata/394ca1ed838088e625b9def36abc69e8c190739ef64f44d4d0bd549a56306f8a-other.sqlite.bz2
2022-10-24 02:37:08.791991 +0000 build-fedora4: !! r4.1/templates-community/repodata/6f4519292d66c22181286fb7cab06f8f46193372b0d6eafbea53133433ad12b5-primary.sqlite.bz2
2022-10-24 02:37:08.792004 +0000 build-fedora4: !! r4.1/templates-community/repodata/95a4415d859d7120efb6b3cf964c07bebbff9a5275ca673e6e74a97bcbfb2a5f-filelists.xml.gz
2022-10-24 02:37:08.792016 +0000 build-fedora4: !! r4.1/templates-community/repodata/ef3e20691954c3d1318ec3071a982da339f4ed76967ded668b795c9e070aaab6-other.xml.gz
2022-10-24 02:37:08.792028 +0000 build-fedora4: !! r4.1/templates-community/repodata/f932c9857a756b95d690732c0c3017fead3cb0d355c1caf793a53dd92334043c-filelists.sqlite.bz2
2022-10-24 02:37:08.792037 +0000 build-fedora4: !! r4.1/templates-community/repodata/repomd.xml
2022-10-24 02:37:08.792045 +0000 build-fedora4: !! r4.1/templates-community/repodata/repomd.xml.asc
2022-10-24 02:37:08.792057 +0000 build-fedora4: !! r4.1/templates-itl-testing/repodata/64c64fbdc37d3f4a6c2cce55a4c606127210656e88b7ce21c94b6d2fc2458249-filelists.sqlite.bz2
2022-10-24 02:37:08.792069 +0000 build-fedora4: !! r4.1/templates-itl-testing/repodata/7871d912665440da5f9910d5d7dbc36f4fd07f48b599c57aedab9993a2725aef-primary.xml.gz
2022-10-24 02:37:08.792081 +0000 build-fedora4: !! r4.1/templates-itl-testing/repodata/9135ad78cb97457154280fc17b9a0b5b7227a1183cdb862ea0f03397c26b5b6d-other.sqlite.bz2
2022-10-24 02:37:08.792092 +0000 build-fedora4: !! r4.1/templates-itl-testing/repodata/bdbab9dd23b058dd06e8b8bdbbd197b18b4576b1cb6ba7174f5e7cadafddbe68-filelists.xml.gz
2022-10-24 02:37:08.792104 +0000 build-fedora4: !! r4.1/templates-itl-testing/repodata/dd0eab915943f32369823fb846cb437d8fafeb6832ba380e501a2843c8709ad8-primary.sqlite.bz2
2022-10-24 02:37:08.792116 +0000 build-fedora4: !! r4.1/templates-itl-testing/repodata/f509b7a85ec82d41d19781ac564c159442e8cf8b3370f26e5f8057e8c648363f-other.xml.gz
2022-10-24 02:37:08.792139 +0000 build-fedora4: !! r4.1/templates-itl-testing/repodata/repomd.xml
2022-10-24 02:37:08.792149 +0000 build-fedora4: !! r4.1/templates-itl-testing/repodata/repomd.xml.asc
2022-10-24 02:37:08.792159 +0000 build-fedora4: !! r4.1/templates-itl-testing/rpm/qubes-template-debian-10-4.0.6-202107101159.noarch.rpm
2022-10-24 02:37:08.792190 +0000 build-fedora4: !! r4.1/templates-itl-testing/rpm/qubes-template-debian-10-minimal-4.0.6-202107101159.noarch.rpm
2022-10-24 02:37:08.792201 +0000 build-fedora4: !! r4.1/templates-itl-testing/rpm/qubes-template-debian-11-4.0.6-202201171556.noarch.rpm
2022-10-24 02:37:08.792212 +0000 build-fedora4: !! r4.1/templates-itl-testing/rpm/qubes-template-debian-11-minimal-4.0.6-202108191622.noarch.rpm
2022-10-24 02:37:08.792222 +0000 build-fedora4: !! r4.1/templates-itl-testing/rpm/qubes-template-debian-9-4.0.1-201906092020.noarch.rpm
2022-10-24 02:37:08.792232 +0000 build-fedora4: !! r4.1/templates-itl-testing/rpm/qubes-template-fedora-32-4.0.6-202010192324.noarch.rpm
2022-10-24 02:37:08.792242 +0000 build-fedora4: !! r4.1/templates-itl-testing/rpm/qubes-template-fedora-32-minimal-4.0.6-202010191916.noarch.rpm
2022-10-24 02:37:08.792253 +0000 build-fedora4: !! r4.1/templates-itl-testing/rpm/qubes-template-fedora-32-xfce-4.0.6-202010191916.noarch.rpm
2022-10-24 02:37:08.792263 +0000 build-fedora4: !! r4.1/templates-itl-testing/rpm/qubes-template-fedora-33-4.0.6-202102131637.noarch.rpm
2022-10-24 02:37:08.792274 +0000 build-fedora4: !! r4.1/templates-itl-testing/rpm/qubes-template-fedora-33-minimal-4.0.6-202102131637.noarch.rpm
2022-10-24 02:37:08.792284 +0000 build-fedora4: !! r4.1/templates-itl-testing/rpm/qubes-template-fedora-33-xfce-4.0.6-202102140100.noarch.rpm
2022-10-24 02:37:08.792294 +0000 build-fedora4: !! r4.1/templates-itl-testing/rpm/qubes-template-fedora-34-4.0.6-202201160401.noarch.rpm
2022-10-24 02:37:08.792304 +0000 build-fedora4: !! r4.1/templates-itl-testing/rpm/qubes-template-fedora-34-minimal-4.0.6-202110020922.noarch.rpm
2022-10-24 02:37:08.792315 +0000 build-fedora4: !! r4.1/templates-itl-testing/rpm/qubes-template-fedora-34-xfce-4.0.6-202110020922.noarch.rpm
2022-10-24 02:37:08.792325 +0000 build-fedora4: !! r4.1/templates-itl-testing/rpm/qubes-template-fedora-35-4.0.6-202205081759.noarch.rpm
2022-10-24 02:37:08.792335 +0000 build-fedora4: !! r4.1/templates-itl-testing/rpm/qubes-template-fedora-35-minimal-4.0.6-202205081759.noarch.rpm
2022-10-24 02:37:08.792346 +0000 build-fedora4: !! r4.1/templates-itl-testing/rpm/qubes-template-fedora-35-xfce-4.0.6-202205081759.noarch.rpm
2022-10-24 02:37:08.792356 +0000 build-fedora4: !! r4.1/templates-itl-testing/rpm/qubes-template-fedora-36-4.0.6-202205270243.noarch.rpm
2022-10-24 02:37:08.792366 +0000 build-fedora4: !! r4.1/templates-itl-testing/rpm/qubes-template-fedora-36-minimal-4.0.6-202205270243.noarch.rpm
2022-10-24 02:37:08.792377 +0000 build-fedora4: !! r4.1/templates-itl-testing/rpm/qubes-template-fedora-36-xfce-4.0.6-202205270243.noarch.rpm
2022-10-24 02:37:08.792387 +0000 build-fedora4: !! r4.1/templates-itl-testing/rpm/qubes-template-fedora-37-xfce-4.0.6-202210210656.noarch.rpm
2022-10-24 02:37:08.792398 +0000 build-fedora4: !! r4.1/templates-itl/repodata/41dd8bb56e93cc7ecc86e4a7e7a8103da1a389ba3a36d04c439c053cbd7e7354-other.xml.gz
2022-10-24 02:37:08.792410 +0000 build-fedora4: !! r4.1/templates-itl/repodata/6d8f02d056c6e7c4b5712dfda7edb9c109c87c4141769c8f52197fa8083ec1f5-primary.sqlite.bz2
2022-10-24 02:37:08.792421 +0000 build-fedora4: !! r4.1/templates-itl/repodata/990e396a0a9962f9a627132ab394c791d5f6bda32844c6be5a77e16e60b01112-other.sqlite.bz2
2022-10-24 02:37:08.792433 +0000 build-fedora4: !! r4.1/templates-itl/repodata/c3c3d13405fdf4fdb0c4f588ccc2b477e364971993448e3b19c8842ede6bbd8a-primary.xml.gz
2022-10-24 02:37:08.792449 +0000 build-fedora4: !! r4.1/templates-itl/repodata/c4285e366416f24cdb8547d099be91f28e5e31981c155e069f2b9fe51d80a18e-filelists.sqlite.bz2
2022-10-24 02:37:08.792465 +0000 build-fedora4: !! r4.1/templates-itl/repodata/ca1e85ac5aeab1ef1e53b082ff6e29872b4cb8c12b80588a85e236e7678e34c5-filelists.xml.gz
2022-10-24 02:37:08.792473 +0000 build-fedora4: !! r4.1/templates-itl/repodata/repomd.xml
2022-10-24 02:37:08.792481 +0000 build-fedora4: !! r4.1/templates-itl/repodata/repomd.xml.asc
2022-10-24 02:37:08.792490 +0000 build-fedora4: !! r4.1/templates-itl/rpm/qubes-template-debian-10-4.0.6-202009131420.noarch.rpm
2022-10-24 02:37:08.792500 +0000 build-fedora4: !! r4.1/templates-itl/rpm/qubes-template-debian-10-minimal-4.0.6-202010131933.noarch.rpm
2022-10-24 02:37:08.792513 +0000 build-fedora4: !! r4.1/templates-itl/rpm/qubes-template-debian-11-4.0.6-202201171556.noarch.rpm
2022-10-24 02:37:08.792523 +0000 build-fedora4: !! r4.1/templates-itl/rpm/qubes-template-debian-11-minimal-4.0.6-202108191622.noarch.rpm
2022-10-24 02:37:08.792533 +0000 build-fedora4: !! r4.1/templates-itl/rpm/qubes-template-fedora-32-4.0.6-202010192324.noarch.rpm
2022-10-24 02:37:08.792543 +0000 build-fedora4: !! r4.1/templates-itl/rpm/qubes-template-fedora-32-minimal-4.0.6-202010191916.noarch.rpm
2022-10-24 02:37:08.792553 +0000 build-fedora4: !! r4.1/templates-itl/rpm/qubes-template-fedora-32-xfce-4.0.6-202010191916.noarch.rpm
2022-10-24 02:37:08.792562 +0000 build-fedora4: !! r4.1/templates-itl/rpm/qubes-template-fedora-33-4.0.6-202102131637.noarch.rpm
2022-10-24 02:37:08.792573 +0000 build-fedora4: !! r4.1/templates-itl/rpm/qubes-template-fedora-33-minimal-4.0.6-202102131637.noarch.rpm
2022-10-24 02:37:08.792583 +0000 build-fedora4: !! r4.1/templates-itl/rpm/qubes-template-fedora-33-xfce-4.0.6-202102140100.noarch.rpm
2022-10-24 02:37:08.792592 +0000 build-fedora4: !! r4.1/templates-itl/rpm/qubes-template-fedora-34-4.0.6-202201160401.noarch.rpm
2022-10-24 02:37:08.792602 +0000 build-fedora4: !! r4.1/templates-itl/rpm/qubes-template-fedora-34-minimal-4.0.6-202110020922.noarch.rpm
2022-10-24 02:37:08.792612 +0000 build-fedora4: !! r4.1/templates-itl/rpm/qubes-template-fedora-34-xfce-4.0.6-202110020922.noarch.rpm
2022-10-24 02:37:08.792622 +0000 build-fedora4: !! r4.1/templates-itl/rpm/qubes-template-fedora-35-4.0.6-202205081759.noarch.rpm
2022-10-24 02:37:08.792632 +0000 build-fedora4: !! r4.1/templates-itl/rpm/qubes-template-fedora-35-minimal-4.0.6-202205081759.noarch.rpm
2022-10-24 02:37:08.792642 +0000 build-fedora4: !! r4.1/templates-itl/rpm/qubes-template-fedora-35-xfce-4.0.6-202205081759.noarch.rpm
2022-10-24 02:37:08.792652 +0000 build-fedora4: !! r4.1/templates-itl/rpm/qubes-template-fedora-36-4.0.6-202205270243.noarch.rpm
2022-10-24 02:37:08.792662 +0000 build-fedora4: !! r4.1/templates-itl/rpm/qubes-template-fedora-36-minimal-4.0.6-202205270243.noarch.rpm
2022-10-24 02:37:08.792672 +0000 build-fedora4: !! r4.1/templates-itl/rpm/qubes-template-fedora-36-xfce-4.0.6-202205270243.noarch.rpm
2022-10-24 02:37:08.808407 +0000 build-fedora4: 4067ecc56ce85ae2a0b59507465621321363582e4909b561801aca19591e95f1daf82c2e5b0d9831d51af4f0be2f355b66fd3c93ebf9cca8546477db997df94f  r4.1/templates-community/repodata/1cb61ea996355add02b1426ed4c1780ea75ce0c04c5d1107c025c3fbd7d8bcae-primary.xml.gz
2022-10-24 02:37:08.808817 +0000 build-fedora4: 024342f9152204d467d4fc38da8b14ef8b26ef0e873b12dc6c26c1c8c4d713e511527baaf1e6cbd4388bd6138f7ef592f6e41ca6a5999909f4df93164b6e1bfb  r4.1/templates-community/repodata/394ca1ed838088e625b9def36abc69e8c190739ef64f44d4d0bd549a56306f8a-other.sqlite.bz2
2022-10-24 02:37:08.809151 +0000 build-fedora4: 8b10ceac43b7b16c2e224fa473ac5c23496e216d56e7d3d77663ac5fa0934c7abbbebc5cbef5988f1697a5c31c56de7126eeb4a65ffcc7e752176282c2e861f0  r4.1/templates-community/repodata/6f4519292d66c22181286fb7cab06f8f46193372b0d6eafbea53133433ad12b5-primary.sqlite.bz2
2022-10-24 02:37:08.809478 +0000 build-fedora4: 8876e1c8b97828e5e5d2ce35f8722a6f5cc3e7ef5a0c9be0c29011b2dab2a2ce3320fa2ecbdfd7b9ef379c4e091d75a4da18d0ec49691aba2f06515f61ffd794  r4.1/templates-community/repodata/95a4415d859d7120efb6b3cf964c07bebbff9a5275ca673e6e74a97bcbfb2a5f-filelists.xml.gz
2022-10-24 02:37:08.810084 +0000 build-fedora4: 49e704998e8c9e154ad355be4c58476c0cbc298d4804c268ef2102995b32e14be16e9ac1f785338ce2dd1373574b356705c306efd37d52824436792b812a5e3b  r4.1/templates-community/repodata/ef3e20691954c3d1318ec3071a982da339f4ed76967ded668b795c9e070aaab6-other.xml.gz
2022-10-24 02:37:08.810355 +0000 build-fedora4: 93994fd52ba0d7d2181c9533b453fdd20cb7feb24736cf0f8ea4edb27f93c36ed6360f8c7cadcf675075f70b20831df1c0a32a6d15948a128259a19f843308ce  r4.1/templates-community/repodata/f932c9857a756b95d690732c0c3017fead3cb0d355c1caf793a53dd92334043c-filelists.sqlite.bz2
2022-10-24 02:37:08.810763 +0000 build-fedora4: 5dc529269f20bf742f5a975b80ca9e63908765d8357457ce9ab2ee35b84918c5d183fc1250d9a3cbc98ae37fbe38f13d4c4d39138e964c812fb0ff80220ae5a2  r4.1/templates-community/repodata/repomd.xml
2022-10-24 02:37:08.811100 +0000 build-fedora4: 80e980ec0533cb849e59afd1b659539e06eac91ebc8530e24a41d9562decc7c7328cd041708294038c8823076cd2ae63dddd940626e37709b65b6fb77ffc2b22  r4.1/templates-community/repodata/repomd.xml.asc
2022-10-24 02:37:08.811430 +0000 build-fedora4: 3baebe0e0138237bda4546cd91b06e769bda9922600651a5ac7cce390a8e7e6a08e2713886ec8fa1d3c3f98c6b30ba4a6bdca834bf9ce7b6ffa0056686eaf9e8  r4.1/templates-itl-testing/repodata/64c64fbdc37d3f4a6c2cce55a4c606127210656e88b7ce21c94b6d2fc2458249-filelists.sqlite.bz2
2022-10-24 02:37:08.811799 +0000 build-fedora4: f9b56f9fbfe5c33199e2dda0e4b65d42bc45611f0272500486d15f053cb2f1d5d3f768de8a607146cd6ea6382fea1fb84587c6f4ec9518e3f924492e513719d9  r4.1/templates-itl-testing/repodata/7871d912665440da5f9910d5d7dbc36f4fd07f48b599c57aedab9993a2725aef-primary.xml.gz
2022-10-24 02:37:08.812126 +0000 build-fedora4: d3ca4263a50cb0906f29beec1f39e1f0e688a00f20ab1e1f74a7ae39d3b7673847d7cceb7b12df91e6ac543da209c261c72281d520d08340db63fd6bccfe6c8b  r4.1/templates-itl-testing/repodata/9135ad78cb97457154280fc17b9a0b5b7227a1183cdb862ea0f03397c26b5b6d-other.sqlite.bz2
2022-10-24 02:37:08.812483 +0000 build-fedora4: fcd47169676f96fd0a973e0dfc9abb580917d5b1eadc3cd8e14627c26960a8f2eb1f072085ab6bf6472fa757581ecf8fa43b4d5334a611f7b559f65986c6f5e9  r4.1/templates-itl-testing/repodata/bdbab9dd23b058dd06e8b8bdbbd197b18b4576b1cb6ba7174f5e7cadafddbe68-filelists.xml.gz
2022-10-24 02:37:08.812979 +0000 build-fedora4: ab5556e6daab1249c4b8bb4b3f14c0556528cd20061f60936bb13cc4dabce62dbe9b475515ac4b8fb66d301abad5156dfd6ee4637a8fcd71c2b0c2311062b4fe  r4.1/templates-itl-testing/repodata/dd0eab915943f32369823fb846cb437d8fafeb6832ba380e501a2843c8709ad8-primary.sqlite.bz2
2022-10-24 02:37:08.813246 +0000 build-fedora4: a0315cf56ffb7b979d93dd87e551025a2022cd6c5a63d62274e6f26ece27ad321f53192452e33c994e6803aa41103327fa3a8ffe5b2158a4b99cf0ca203f1e34  r4.1/templates-itl-testing/repodata/f509b7a85ec82d41d19781ac564c159442e8cf8b3370f26e5f8057e8c648363f-other.xml.gz
2022-10-24 02:37:08.813578 +0000 build-fedora4: 7a9660629c87899a440863fd3ed2f99373043435b82f487d90d5bf0c19a7f46f283739c7dbdb32c13ffea81161be7133d1b8f3686e182657a818d5e47e18571e  r4.1/templates-itl-testing/repodata/repomd.xml
2022-10-24 02:37:08.813949 +0000 build-fedora4: 864c6788c7a2f9620e183529e5e8cbe5cee7077ad93594c56eff21365fb3134113282a207416f1b637461634848593c69e8544d223a0093647fbb430bf8759a7  r4.1/templates-itl-testing/repodata/repomd.xml.asc
2022-10-24 02:37:10.733145 +0000 build-fedora4: ad1bb1e3b8821b6aefd286cefb08125f26d24c275d47791142741d749fd907b1484f2f8b71eb57ce95cb02b9aeb1221a765f33081790c02ce6f38654889de28f  r4.1/templates-itl-testing/rpm/qubes-template-debian-10-4.0.6-202107101159.noarch.rpm
2022-10-24 02:37:11.191657 +0000 build-fedora4: 18bf3337182f560126e04197359a2e820e6aa73860670e42a7c1dcf561127b9b280189ef68dcd3de6debfcb1881135c9ec5f25fa14080a59424a121d2036aa74  r4.1/templates-itl-testing/rpm/qubes-template-debian-10-minimal-4.0.6-202107101159.noarch.rpm
2022-10-24 02:37:13.396205 +0000 build-fedora4: f39f88a79e19cd1325e9ca2a8dec97d7b30ac6f2db39ff2affbb48e9e773831f640d54945ba889371080508e102512abd8790ac720eadb1858a4e6b2421df5e0  r4.1/templates-itl-testing/rpm/qubes-template-debian-11-4.0.6-202201171556.noarch.rpm
2022-10-24 02:37:13.889086 +0000 build-fedora4: 068ba86e7e9aeb0a6e8df49fb1997f09c7110c8e2083b1daaeb3de654f8094849efd795045646c9901f74481279994ffa421c3ba85377274b979899764787ad5  r4.1/templates-itl-testing/rpm/qubes-template-debian-11-minimal-4.0.6-202108191622.noarch.rpm
2022-10-24 02:37:15.410458 +0000 build-fedora4: ba365b2eb4cdc2bf67bd5b784e2b96a81eeb40e722bb31f58cd1c10b14c3f372b56346454d244ea578bd52f211852d91291e18ba903a8ca4d8bf6c962b900615  r4.1/templates-itl-testing/rpm/qubes-template-debian-9-4.0.1-201906092020.noarch.rpm
2022-10-24 02:37:18.836820 +0000 build-fedora4: eb31ecc6cbefc77c853043eb2f4f377f45439ae82998a41cd6af50981f3cba2d2c3332c1db5d96318cfc3d84149e31ad2feecc004895fb58e9e40be3b24064b7  r4.1/templates-itl-testing/rpm/qubes-template-fedora-32-4.0.6-202010192324.noarch.rpm
2022-10-24 02:37:20.280971 +0000 build-fedora4: 384ab7a6bfb4636cd7e501fffab7f659cf3c46ca51877dd8a8b88213b9fc94d4e41723d25511b615132743d8dc9b95ff13504f71534462c979e27817c4e231b6  r4.1/templates-itl-testing/rpm/qubes-template-fedora-32-minimal-4.0.6-202010191916.noarch.rpm
2022-10-24 02:37:23.470770 +0000 build-fedora4: f59e88b3b78453e4ed7888aebb4b8423b00e1523825cb132ab5784e348949def598e3923044fe1c4a2078d76bbb6a0091c2a9de3e42af5a5678781ee5cb9e8a6  r4.1/templates-itl-testing/rpm/qubes-template-fedora-32-xfce-4.0.6-202010191916.noarch.rpm
2022-10-24 02:37:27.006929 +0000 build-fedora4: c97adc002a2470780257bdf44b1c092428934770b9f41d25a35066ac56788b4e5af9c3841d638aa785abe5eaf8600c5503529cbc90909ed520ec6f1376e9a600  r4.1/templates-itl-testing/rpm/qubes-template-fedora-33-4.0.6-202102131637.noarch.rpm
2022-10-24 02:37:28.435704 +0000 build-fedora4: 41527337ae9abd0ca864ca385918b39c3551f85b0d4e2a0225de1e94bd0e99bc93395db2e6545c9f2fc51cec33c98f6ba5cf4fc4d2daac2304de04aa95ef3748  r4.1/templates-itl-testing/rpm/qubes-template-fedora-33-minimal-4.0.6-202102131637.noarch.rpm
2022-10-24 02:37:31.860530 +0000 build-fedora4: d44bb1d9f3fd8594c4a2cb5a26c3c0158adac8ffcd3a1e62cfa1b8d3b2d3c5ca3b736ff44ebdf795bdffaafdeb3f83be32f4cff72a52964e12a54399ae084e99  r4.1/templates-itl-testing/rpm/qubes-template-fedora-33-xfce-4.0.6-202102140100.noarch.rpm
2022-10-24 02:37:35.652575 +0000 build-fedora4: ed6f88ca8c91b584680c5171a26e2929506c00136661dce64a32d60e9564479e77200f4df228b0309ff4c4bac7df324770e6851a475851436d523d5ad929ab65  r4.1/templates-itl-testing/rpm/qubes-template-fedora-34-4.0.6-202201160401.noarch.rpm
2022-10-24 02:37:37.137981 +0000 build-fedora4: 7871f71d199b205b4b65c6ec9a789a17dbf50bc9261a9c3bc05eb03dae89beb96d93f6dab7d8b596f85bb6169c5b7a0cd4e22f725d46a1fc603f3f150b697a7b  r4.1/templates-itl-testing/rpm/qubes-template-fedora-34-minimal-4.0.6-202110020922.noarch.rpm
2022-10-24 02:37:40.788814 +0000 build-fedora4: 6bd746ef629564dc4075a8bf3b20452ce0ed72f7b2bc11b21f2531ecbeb4c254661169b872308b04c076cef08fa3a2c0d87f7212d4e4922d96cdf61e6e3e9deb  r4.1/templates-itl-testing/rpm/qubes-template-fedora-34-xfce-4.0.6-202110020922.noarch.rpm
2022-10-24 02:37:44.558392 +0000 build-fedora4: 1658f040014777b1b37697f25ccae7e39ff9553ae01645208a6b357dc531dad223b2abb4e72f0532b9667dd02383232cb74793c86172c3d7d8b51b479221d3d5  r4.1/templates-itl-testing/rpm/qubes-template-fedora-35-4.0.6-202205081759.noarch.rpm
2022-10-24 02:37:46.109299 +0000 build-fedora4: 837171a3b3448f5c67aa6488152ddb763d0b0f57a49bea580c198717d5ec40b532287aedc57538fc182ec518b547aaf4b46c72a3a7daedf564052e7020705860  r4.1/templates-itl-testing/rpm/qubes-template-fedora-35-minimal-4.0.6-202205081759.noarch.rpm
2022-10-24 02:37:49.899652 +0000 build-fedora4: 4c19edff4a49cb00da74c4c464df03f02f0ed7bf15fd823dfd2895c87231d0c797c14842bee38329901e9a695e38401ca09961bf48cc130444fef2b8e864cd72  r4.1/templates-itl-testing/rpm/qubes-template-fedora-35-xfce-4.0.6-202205081759.noarch.rpm
2022-10-24 02:37:53.568451 +0000 build-fedora4: d305636c67edaab961e7cdebba5814e54291a8b682c64344243de349f59f00414b2db8f716a9f5b00fa99c9a5da51b62f55c942ea60d4058b0f72b2834a7362f  r4.1/templates-itl-testing/rpm/qubes-template-fedora-36-4.0.6-202205270243.noarch.rpm
2022-10-24 02:37:55.103680 +0000 build-fedora4: a689f8f559ab99001e95a133ac3d88d84a129f87c22b1c0d2dedb85afc2365fc5e26aeac470642028272dfddae002a2b25afbd1e2ded982e07bb59998af586bf  r4.1/templates-itl-testing/rpm/qubes-template-fedora-36-minimal-4.0.6-202205270243.noarch.rpm
2022-10-24 02:37:58.850298 +0000 build-fedora4: ab7c654884e8c0a2d46bca2a44d52b34c680b95e4e332b56d60756711023030f15dc3b84032c2905be12abb96fe753e0bb189f5600987324772339f3d70db84d  r4.1/templates-itl-testing/rpm/qubes-template-fedora-36-xfce-4.0.6-202205270243.noarch.rpm
2022-10-24 02:38:02.472783 +0000 build-fedora4: 5d55802d6391331074c3dc4143a306cad8b113ceb33f4181a5c2c70916f532d5ac3980aa30a62540f061acb0fa7bbdc3b3dfc0cdd3d3c16f3279013b559ff7d2  r4.1/templates-itl-testing/rpm/qubes-template-fedora-37-xfce-4.0.6-202210210656.noarch.rpm
2022-10-24 02:38:02.473033 +0000 build-fedora4: b88eeabec992e3f6c2851a541961cd6d2412df79444c1e797260da2fd47b929e56d78a150223614c11f5128eec1d8115e39488f69491dd80f0596c31743928a2  r4.1/templates-itl/repodata/41dd8bb56e93cc7ecc86e4a7e7a8103da1a389ba3a36d04c439c053cbd7e7354-other.xml.gz
2022-10-24 02:38:02.473311 +0000 build-fedora4: 44070da22f0e3daa619488d955296edd4dd1d0f18ffa2039f622393907fa66591b3bc31f590951bf2742feae9d1dc0a9f954522664562e9fe6b45581a2688778  r4.1/templates-itl/repodata/6d8f02d056c6e7c4b5712dfda7edb9c109c87c4141769c8f52197fa8083ec1f5-primary.sqlite.bz2
2022-10-24 02:38:02.473545 +0000 build-fedora4: d62063cb133b5b7aabe00029d9b31664cec4cdb198ea265ec602591a25f492b74e8a0010530e961632da93de0af3567f6944c912cb84fe110b27c035a6674502  r4.1/templates-itl/repodata/990e396a0a9962f9a627132ab394c791d5f6bda32844c6be5a77e16e60b01112-other.sqlite.bz2
2022-10-24 02:38:02.473842 +0000 build-fedora4: f74e9d24f13f0328197b4ae683e8c022023f6e619de80ebe6c455f24f706810f02bbdf9fffb90506a45cfc11e7cd6279cc4f74e1c0d96caa283959c1fcec8539  r4.1/templates-itl/repodata/c3c3d13405fdf4fdb0c4f588ccc2b477e364971993448e3b19c8842ede6bbd8a-primary.xml.gz
2022-10-24 02:38:02.474120 +0000 build-fedora4: d9a89b03bd78e51d9912f5c5e890a74168c436b4dd5c16374efb137d58663effd12209d529ab3a5fd051ffda2a7051589f8495d06d95c9b254201581cf1cf326  r4.1/templates-itl/repodata/c4285e366416f24cdb8547d099be91f28e5e31981c155e069f2b9fe51d80a18e-filelists.sqlite.bz2
2022-10-24 02:38:02.474338 +0000 build-fedora4: 17cdfc4b8144142c0fcc0752d5daadcde3d8e8d95dc7b511279d960ed483711922a710571b2609471427bcc99575d2bf4c2a923b15945335759895a414371afb  r4.1/templates-itl/repodata/ca1e85ac5aeab1ef1e53b082ff6e29872b4cb8c12b80588a85e236e7678e34c5-filelists.xml.gz
2022-10-24 02:38:02.474589 +0000 build-fedora4: 5de15df2aa72e4081a6fefe4db583a91afcb7ad916fc55b9b3d036d311d88a009b52a7c5038ce3dd72db25d4a4b90a38851f86791432fa9a4173c6983762e09e  r4.1/templates-itl/repodata/repomd.xml
2022-10-24 02:38:02.474827 +0000 build-fedora4: bd85405bed292bb9f6cbb07daf01455846490f918ef3fe5e7feacd3208272f86800af43c079b459c365bd29a71886311fa655122800bd0118f5d5d7ff04ff3c7  r4.1/templates-itl/repodata/repomd.xml.asc
2022-10-24 02:38:04.258438 +0000 build-fedora4: 70b6df0dc48d6f8f20a9de55340164628f69195f4460a60132d712fe56bc9ebeeaa514fa04cd5ac007374a04a78520d805564f59a888db9539240969bf1c200c  r4.1/templates-itl/rpm/qubes-template-debian-10-4.0.6-202009131420.noarch.rpm
2022-10-24 02:38:04.736495 +0000 build-fedora4: 194e11b71ea90bee1aed85e5bbaf09da3c42c9a9699e5274b0902d7e9d6048fe6b3a8b51fcde93cb6fab09009dd178a22c27af8175b33129368d87b348d1ad76  r4.1/templates-itl/rpm/qubes-template-debian-10-minimal-4.0.6-202010131933.noarch.rpm
2022-10-24 02:38:06.941118 +0000 build-fedora4: f39f88a79e19cd1325e9ca2a8dec97d7b30ac6f2db39ff2affbb48e9e773831f640d54945ba889371080508e102512abd8790ac720eadb1858a4e6b2421df5e0  r4.1/templates-itl/rpm/qubes-template-debian-11-4.0.6-202201171556.noarch.rpm
2022-10-24 02:38:07.432219 +0000 build-fedora4: 068ba86e7e9aeb0a6e8df49fb1997f09c7110c8e2083b1daaeb3de654f8094849efd795045646c9901f74481279994ffa421c3ba85377274b979899764787ad5  r4.1/templates-itl/rpm/qubes-template-debian-11-minimal-4.0.6-202108191622.noarch.rpm
2022-10-24 02:38:10.876300 +0000 build-fedora4: eb31ecc6cbefc77c853043eb2f4f377f45439ae82998a41cd6af50981f3cba2d2c3332c1db5d96318cfc3d84149e31ad2feecc004895fb58e9e40be3b24064b7  r4.1/templates-itl/rpm/qubes-template-fedora-32-4.0.6-202010192324.noarch.rpm
2022-10-24 02:38:12.345940 +0000 build-fedora4: 384ab7a6bfb4636cd7e501fffab7f659cf3c46ca51877dd8a8b88213b9fc94d4e41723d25511b615132743d8dc9b95ff13504f71534462c979e27817c4e231b6  r4.1/templates-itl/rpm/qubes-template-fedora-32-minimal-4.0.6-202010191916.noarch.rpm
2022-10-24 02:38:15.560293 +0000 build-fedora4: f59e88b3b78453e4ed7888aebb4b8423b00e1523825cb132ab5784e348949def598e3923044fe1c4a2078d76bbb6a0091c2a9de3e42af5a5678781ee5cb9e8a6  r4.1/templates-itl/rpm/qubes-template-fedora-32-xfce-4.0.6-202010191916.noarch.rpm
2022-10-24 02:38:19.094803 +0000 build-fedora4: c97adc002a2470780257bdf44b1c092428934770b9f41d25a35066ac56788b4e5af9c3841d638aa785abe5eaf8600c5503529cbc90909ed520ec6f1376e9a600  r4.1/templates-itl/rpm/qubes-template-fedora-33-4.0.6-202102131637.noarch.rpm
2022-10-24 02:38:20.548029 +0000 build-fedora4: 41527337ae9abd0ca864ca385918b39c3551f85b0d4e2a0225de1e94bd0e99bc93395db2e6545c9f2fc51cec33c98f6ba5cf4fc4d2daac2304de04aa95ef3748  r4.1/templates-itl/rpm/qubes-template-fedora-33-minimal-4.0.6-202102131637.noarch.rpm
2022-10-24 02:38:23.985586 +0000 build-fedora4: d44bb1d9f3fd8594c4a2cb5a26c3c0158adac8ffcd3a1e62cfa1b8d3b2d3c5ca3b736ff44ebdf795bdffaafdeb3f83be32f4cff72a52964e12a54399ae084e99  r4.1/templates-itl/rpm/qubes-template-fedora-33-xfce-4.0.6-202102140100.noarch.rpm
2022-10-24 02:38:27.762761 +0000 build-fedora4: ed6f88ca8c91b584680c5171a26e2929506c00136661dce64a32d60e9564479e77200f4df228b0309ff4c4bac7df324770e6851a475851436d523d5ad929ab65  r4.1/templates-itl/rpm/qubes-template-fedora-34-4.0.6-202201160401.noarch.rpm
2022-10-24 02:38:29.245826 +0000 build-fedora4: 7871f71d199b205b4b65c6ec9a789a17dbf50bc9261a9c3bc05eb03dae89beb96d93f6dab7d8b596f85bb6169c5b7a0cd4e22f725d46a1fc603f3f150b697a7b  r4.1/templates-itl/rpm/qubes-template-fedora-34-minimal-4.0.6-202110020922.noarch.rpm
2022-10-24 02:38:32.899354 +0000 build-fedora4: 6bd746ef629564dc4075a8bf3b20452ce0ed72f7b2bc11b21f2531ecbeb4c254661169b872308b04c076cef08fa3a2c0d87f7212d4e4922d96cdf61e6e3e9deb  r4.1/templates-itl/rpm/qubes-template-fedora-34-xfce-4.0.6-202110020922.noarch.rpm
2022-10-24 02:38:36.678547 +0000 build-fedora4: 1658f040014777b1b37697f25ccae7e39ff9553ae01645208a6b357dc531dad223b2abb4e72f0532b9667dd02383232cb74793c86172c3d7d8b51b479221d3d5  r4.1/templates-itl/rpm/qubes-template-fedora-35-4.0.6-202205081759.noarch.rpm
2022-10-24 02:38:38.228866 +0000 build-fedora4: 837171a3b3448f5c67aa6488152ddb763d0b0f57a49bea580c198717d5ec40b532287aedc57538fc182ec518b547aaf4b46c72a3a7daedf564052e7020705860  r4.1/templates-itl/rpm/qubes-template-fedora-35-minimal-4.0.6-202205081759.noarch.rpm
2022-10-24 02:38:42.010722 +0000 build-fedora4: 4c19edff4a49cb00da74c4c464df03f02f0ed7bf15fd823dfd2895c87231d0c797c14842bee38329901e9a695e38401ca09961bf48cc130444fef2b8e864cd72  r4.1/templates-itl/rpm/qubes-template-fedora-35-xfce-4.0.6-202205081759.noarch.rpm
2022-10-24 02:38:45.678494 +0000 build-fedora4: d305636c67edaab961e7cdebba5814e54291a8b682c64344243de349f59f00414b2db8f716a9f5b00fa99c9a5da51b62f55c942ea60d4058b0f72b2834a7362f  r4.1/templates-itl/rpm/qubes-template-fedora-36-4.0.6-202205270243.noarch.rpm
2022-10-24 02:38:47.208970 +0000 build-fedora4: a689f8f559ab99001e95a133ac3d88d84a129f87c22b1c0d2dedb85afc2365fc5e26aeac470642028272dfddae002a2b25afbd1e2ded982e07bb59998af586bf  r4.1/templates-itl/rpm/qubes-template-fedora-36-minimal-4.0.6-202205270243.noarch.rpm
2022-10-24 02:38:50.896820 +0000 build-fedora4: ab7c654884e8c0a2d46bca2a44d52b34c680b95e4e332b56d60756711023030f15dc3b84032c2905be12abb96fe753e0bb189f5600987324772339f3d70db84d  r4.1/templates-itl/rpm/qubes-template-fedora-36-xfce-4.0.6-202205270243.noarch.rpm
2022-10-24 02:38:50.942176 +0000 build-fedora4: >> qubes-builder/qubes-src/linux-yum/meta-packages 137c990c3d784f98987577e2e9d9c7965d285da8
2022-10-24 02:38:50.987314 +0000 build-fedora4: >> qubes-builder/qubes-src/builder-rpm 750918400a9843e176cc55bb39aa150a5aa36170
2022-10-24 02:38:51.027751 +0000 build-fedora4: >> qubes-builder/qubes-src/release-configs 7da5ec9646391219a4ee46f90caaf128260d4d0f
2022-10-24 02:38:51.066932 +0000 build-fedora4: >> qubes-builder/qubes-src/builder-github 2e55cc5d21762a70aa2c9bd66938736505be8bc5
2022-10-24 02:38:51.224737 +0000 build-fedora4: ================================================================================
2022-10-24 02:38:51.224789 +0000 build-fedora4:                            B U I L D   I N F O                                  
2022-10-24 02:38:51.224803 +0000 build-fedora4: Items in red indicate it was automatically generated by configuration file(s)
2022-10-24 02:38:51.224814 +0000 build-fedora4: Items in white indicate it was automatically removed by configuration file(s)
2022-10-24 02:38:51.224825 +0000 build-fedora4: ================================================================================
2022-10-24 02:38:51.224831 +0000 build-fedora4: DISTS_VM:
2022-10-24 02:38:51.227404 +0000 build-fedora4:      fc37,
2022-10-24 02:38:51.228749 +0000 build-fedora4: DISTS_ALL:
2022-10-24 02:38:51.228924 +0000 build-fedora4:      dom0-fc32, vm-fc37,
2022-10-24 02:38:51.229579 +0000 build-fedora4: DIST_DOM0:
2022-10-24 02:38:51.231227 +0000 build-fedora4:      fc32,
2022-10-24 02:38:51.232577 +0000 build-fedora4: BUILDER_PLUGINS:
2022-10-24 02:38:51.232764 +0000 build-fedora4:      builder-rpm, linux-yum, template-configs, release-configs, builder-github,
2022-10-24 02:38:51.234735 +0000 build-fedora4: COMPONENTS:
2022-10-24 02:38:51.234776 +0000 build-fedora4:      linux-template-builder, template-configs, linux-yum, builder, builder-rpm, release-configs, builder-github,
2022-10-24 02:38:51.235624 +0000 build-fedora4: GIT_REPOS:
2022-10-24 02:38:51.236894 +0000 build-fedora4:      qubes-src/linux-template-builder, qubes-src/template-configs, qubes-src/linux-yum, qubes-src/builder-rpm,
2022-10-24 02:38:51.236927 +0000 build-fedora4:      qubes-src/release-configs, qubes-src/builder-github, .,
2022-10-24 02:38:51.238328 +0000 build-fedora4: TEMPLATE:
2022-10-24 02:38:51.238602 +0000 build-fedora4:     
2022-10-24 02:38:51.239019 +0000 build-fedora4: TEMPLATE_FLAVOR_DIR:
2022-10-24 02:38:51.242014 +0000 build-fedora4:      +gnome:/gnome, +flash:/flash, +desktop:/desktop,
2022-10-24 02:38:51.242050 +0000 build-fedora4: TEMPLATE_ALIAS:
2022-10-24 02:38:51.243777 +0000 build-fedora4:      buster:buster+standard, buster+gnome:buster+gnome+standard, buster+minimal:buster+minimal+no-recommends,
2022-10-24 02:38:51.243817 +0000 build-fedora4:      bullseye:bullseye+standard+firmware, bullseye+gnome:bullseye+gnome+standard+firmware,
2022-10-24 02:38:51.243828 +0000 build-fedora4:      bullseye+minimal:bullseye+minimal+no-recommends,
2022-10-24 02:38:51.244428 +0000 build-fedora4: TEMPLATE_LABEL:
2022-10-24 02:38:51.246169 +0000 build-fedora4:      fc37:fedora-37, fc32:fedora-32 fc32+minimal:fedora-32-minimal fc32+xfce:fedora-32-xfce
2022-10-24 02:38:51.246220 +0000 build-fedora4:      fc33:fedora-33 fc33+minimal:fedora-33-minimal fc33+xfce:fedora-33-xfce fc34:fedora-34
2022-10-24 02:38:51.246235 +0000 build-fedora4:      fc34+minimal:fedora-34-minimal fc34+xfce:fedora-34-xfce fc35:fedora-35 fc35+minimal:fedora-35-minimal
2022-10-24 02:38:51.246247 +0000 build-fedora4:      fc35+xfce:fedora-35-xfce fc36:fedora-36 fc36+minimal:fedora-36-minimal fc36+xfce:fedora-36-xfce
2022-10-24 02:38:51.246277 +0000 build-fedora4:      fc37+minimal:fedora-37-minimal fc37+xfce:fedora-37-xfce buster:debian-10 buster+standard:debian-10
2022-10-24 02:38:51.246290 +0000 build-fedora4:      buster+minimal+no-recommends:debian-10-minimal bullseye:debian-11 bullseye+standard+firmware:debian-11
2022-10-24 02:38:51.246299 +0000 build-fedora4:      bullseye+minimal+no-recommends:debian-11-minimal
2022-10-24 02:38:51.326874 +0000 build-fedora4: > running make
2022-10-24 02:38:51.336071 +0000 build-fedora4: Makefile:863: target 'internal-update-repo-templates-itl-testing.vm.fc37.linux-template-builder' does not exist
2022-10-24 02:38:51.336109 +0000 build-fedora4: repo_base_var="LINUX_REPO_${DIST//-/_}_BASEDIR"; \
2022-10-24 02:38:51.336122 +0000 build-fedora4: if [ "linux-template-builder" = linux-template-builder ]; then \
2022-10-24 02:38:51.336132 +0000 build-fedora4: .# templates belongs to dom0 repository, even though PACKAGE_SET=vm
2022-10-24 02:38:51.336141 +0000 build-fedora4: repo_base_var="LINUX_REPO_fc32_BASEDIR"; \
2022-10-24 02:38:51.336147 +0000 build-fedora4: fi; \
2022-10-24 02:38:51.336155 +0000 build-fedora4: if [ -n "${!repo_base_var}" ]; then \
2022-10-24 02:38:51.336179 +0000 build-fedora4: .repo_basedir="${!repo_base_var}"; \
2022-10-24 02:38:51.336187 +0000 build-fedora4: else \
2022-10-24 02:38:51.336195 +0000 build-fedora4: .repo_basedir="qubes-src/linux-yum/r4.1"; \
2022-10-24 02:38:51.336201 +0000 build-fedora4: fi; \
2022-10-24 02:38:51.336210 +0000 build-fedora4: if [ -r qubes-src/linux-template-builder/Makefile.builder ]; then \
2022-10-24 02:38:51.336220 +0000 build-fedora4: .echo -n "Updating qubes-src/linux-template-builder... "; \
2022-10-24 02:38:51.336227 +0000 build-fedora4: .if [ "0" -eq 1 ]; then \
2022-10-24 02:38:51.336238 +0000 build-fedora4: ..vtag=`git -C qubes-src/linux-template-builder tag --points-at HEAD --list v*`; \
2022-10-24 02:38:51.336246 +0000 build-fedora4: ..if [ -z "$vtag" ]; then \
2022-10-24 02:38:51.336253 +0000 build-fedora4: ...echo "no version tag"; \
2022-10-24 02:38:51.336260 +0000 build-fedora4: ...exit 0; \
2022-10-24 02:38:51.336266 +0000 build-fedora4: ..fi; \
2022-10-24 02:38:51.336271 +0000 build-fedora4: .fi; \
2022-10-24 02:38:51.336280 +0000 build-fedora4: .if [ "linux-template-builder" = linux-template-builder ]; then
2022-10-24 02:38:51.336292 +0000 build-fedora4: export TEMPLATE_NAME=$(MAKEFLAGS= make -s -C qubes-src/linux-template-builder DIST=fc37 template-name)
2022-10-24 02:38:51.336298 +0000 build-fedora4: fi
2022-10-24 02:38:51.336320 +0000 build-fedora4: component_packages=$(MAKEFLAGS= make -s -f Makefile.generic DIST=fc37 PACKAGE_SET=vm COMPONENT=`basename qubes-src/linux-template-builder` UPDATE_REPO=/home/user/builder-r4.1-templates-itl/$repo_basedir/templates-itl-testing get-var GET_VAR=PACKAGE_LIST); \
2022-10-24 02:38:51.336330 +0000 build-fedora4: .if [ -z "$component_packages" ]; then \
2022-10-24 02:38:51.336337 +0000 build-fedora4: ..echo "no packages."; \
2022-10-24 02:38:51.336343 +0000 build-fedora4: ..exit 0; \
2022-10-24 02:38:51.336349 +0000 build-fedora4: .fi; \
2022-10-24 02:38:51.336357 +0000 build-fedora4: .make -s -f Makefile.generic DIST=fc37 PACKAGE_SET=vm \
2022-10-24 02:38:51.336366 +0000 build-fedora4: ..COMPONENT=`basename qubes-src/linux-template-builder` \
2022-10-24 02:38:51.336374 +0000 build-fedora4: ..SNAPSHOT_REPO=templates-itl-testing \
2022-10-24 02:38:51.336382 +0000 build-fedora4: ..TARGET_REPO=templates-itl-testing \
2022-10-24 02:38:51.336392 +0000 build-fedora4: ..UPDATE_REPO=/home/user/builder-r4.1-templates-itl/$repo_basedir/templates-itl-testing \
2022-10-24 02:38:51.336407 +0000 build-fedora4: ..SNAPSHOT_FILE=/home/user/builder-r4.1-templates-itl/repo-latest-snapshot/templates-itl-testing-vm-fc37-`basename qubes-src/linux-template-builder` \
2022-10-24 02:38:51.336419 +0000 build-fedora4: ..BUILD_LOG_URL=https://github.com/QubesOS/build-logs/tree/master/build-fedora4/log_2022-10-24_00-53-07 \
2022-10-24 02:38:51.336441 +0000 build-fedora4: ..update-repo || exit 1; \
2022-10-24 02:38:51.336454 +0000 build-fedora4: elif make -C qubes-src/linux-template-builder -n update-repo-templates-itl-testing >/dev/null 2>/dev/null; then \
2022-10-24 02:38:51.336463 +0000 build-fedora4: .echo "Updating qubes-src/linux-template-builder... "; \
2022-10-24 02:38:51.336475 +0000 build-fedora4: .DIST=fc37 UPDATE_REPO=/home/user/builder-r4.1-templates-itl/$repo_basedir/templates-itl-testing \
2022-10-24 02:38:51.336486 +0000 build-fedora4: .make -s -C qubes-src/linux-template-builder update-repo-templates-itl-testing || exit 1; \
2022-10-24 02:38:51.336492 +0000 build-fedora4: else \
2022-10-24 02:38:51.336501 +0000 build-fedora4: .echo -n "Updating qubes-src/linux-template-builder... skipping."; \
2022-10-24 02:38:51.336511 +0000 build-fedora4: fi; \
2022-10-24 02:38:51.336516 +0000 build-fedora4: echo
2022-10-24 02:38:51.490984 +0000 build-fedora4: Updating qubes-src/linux-template-builder... /home/user/builder-r4.1-templates-itl/qubes-src/builder-rpm/Makefile.rpmbuilder:176: target 'update-repo-do' does not exist
2022-10-24 02:38:51.491034 +0000 build-fedora4: mkdir -p /home/user/builder-r4.1-templates-itl/qubes-src/linux-yum/r4.1/templates-itl-testing/rpm
2022-10-24 02:38:51.531322 +0000 build-fedora4: if [ -n "rpm/noarch/qubes-template-fedora-37-4.0.6-202210240053.noarch.rpm" ]; then \
2022-10-24 02:38:51.531376 +0000 build-fedora4: .cd qubes-src/linux-template-builder && ln -f rpm/noarch/qubes-template-fedora-37-4.0.6-202210240053.noarch.rpm  /home/user/builder-r4.1-templates-itl/qubes-src/linux-yum/r4.1/templates-itl-testing/rpm/; \
2022-10-24 02:38:51.531386 +0000 build-fedora4: else \
2022-10-24 02:38:51.531398 +0000 build-fedora4: .echo "`tput bold`No packages defined by templates.spec, syntax error?`tput sgr0`"; \
2022-10-24 02:38:51.531405 +0000 build-fedora4: .exit 1; \
2022-10-24 02:38:51.531411 +0000 build-fedora4: fi
2022-10-24 02:38:51.534167 +0000 build-fedora4: cd qubes-src/linux-template-builder && echo rpm/noarch/qubes-template-fedora-37-4.0.6-202210240053.noarch.rpm  > /home/user/builder-r4.1-templates-itl/repo-latest-snapshot/templates-itl-testing-vm-fc37-linux-template-builder
2022-10-24 02:38:51.592321 +0000 build-fedora4: /home/user/builder-r4.1-templates-itl/qubes-src/builder-github//Makefile.github:18: target 'notify-github' does not exist
2022-10-24 02:38:51.592368 +0000 build-fedora4: [ -z "qubes-template-fedora-37-4.0.6-202210240053" ] || /home/user/builder-r4.1-templates-itl/qubes-src/builder-github//notify-issues \
2022-10-24 02:38:51.592384 +0000 build-fedora4: .--build-log="https://github.com/QubesOS/build-logs/tree/master/build-fedora4/log_2022-10-24_00-53-07" \
2022-10-24 02:38:51.592392 +0000 build-fedora4: .upload \
2022-10-24 02:38:51.592399 +0000 build-fedora4: ."r4.1" \
2022-10-24 02:38:51.592407 +0000 build-fedora4: ."qubes-src/linux-template-builder" \
2022-10-24 02:38:51.592416 +0000 build-fedora4: ."qubes-template-fedora-37-4.0.6-202210240053" \
2022-10-24 02:38:51.592422 +0000 build-fedora4: ."fc32" \
2022-10-24 02:38:51.592428 +0000 build-fedora4: ."vm" \
2022-10-24 02:38:51.592436 +0000 build-fedora4: ."templates-itl-testing" \
2022-10-24 02:38:51.592447 +0000 build-fedora4: ."/home/user/github-notify-state/r4.1-linux-template-builder-vm-fc32-templates-itl-testing" \
2022-10-24 02:38:51.592457 +0000 build-fedora4: ."/home/user/github-notify-state/r4.1-linux-template-builder-vm-fc32-current"
2022-10-24 02:41:01.902704 +0000 build-fedora4: Traceback (most recent call last):
2022-10-24 02:41:01.902754 +0000 build-fedora4:   File "/usr/lib/python3.10/site-packages/urllib3/connectionpool.py", line 699, in urlopen
2022-10-24 02:41:01.917898 +0000 build-fedora4:     httplib_response = self._make_request(
2022-10-24 02:41:01.917947 +0000 build-fedora4:   File "/usr/lib/python3.10/site-packages/urllib3/connectionpool.py", line 382, in _make_request
2022-10-24 02:41:01.917977 +0000 build-fedora4:     self._validate_conn(conn)
2022-10-24 02:41:01.917991 +0000 build-fedora4:   File "/usr/lib/python3.10/site-packages/urllib3/connectionpool.py", line 1010, in _validate_conn
2022-10-24 02:41:01.918090 +0000 build-fedora4:     conn.connect()
2022-10-24 02:41:01.918114 +0000 build-fedora4:   File "/usr/lib/python3.10/site-packages/urllib3/connection.py", line 416, in connect
2022-10-24 02:41:01.918663 +0000 build-fedora4:     self.sock = ssl_wrap_socket(
2022-10-24 02:41:01.918712 +0000 build-fedora4:   File "/usr/lib/python3.10/site-packages/urllib3/util/ssl_.py", line 449, in ssl_wrap_socket
2022-10-24 02:41:01.919126 +0000 build-fedora4:     ssl_sock = _ssl_wrap_socket_impl(
2022-10-24 02:41:01.919154 +0000 build-fedora4:   File "/usr/lib/python3.10/site-packages/urllib3/util/ssl_.py", line 493, in _ssl_wrap_socket_impl
2022-10-24 02:41:01.919338 +0000 build-fedora4:     return ssl_context.wrap_socket(sock, server_hostname=server_hostname)
2022-10-24 02:41:01.919361 +0000 build-fedora4:   File "/usr/lib64/python3.10/ssl.py", line 513, in wrap_socket
2022-10-24 02:41:01.919818 +0000 build-fedora4:     return self.sslsocket_class._create(
2022-10-24 02:41:01.919843 +0000 build-fedora4:   File "/usr/lib64/python3.10/ssl.py", line 1071, in _create
2022-10-24 02:41:01.920260 +0000 build-fedora4:     self.do_handshake()
2022-10-24 02:41:01.920293 +0000 build-fedora4:   File "/usr/lib64/python3.10/ssl.py", line 1342, in do_handshake
2022-10-24 02:41:01.920471 +0000 build-fedora4:     self._sslobj.do_handshake()
2022-10-24 02:41:01.920494 +0000 build-fedora4: ssl.SSLEOFError: EOF occurred in violation of protocol (_ssl.c:997)
2022-10-24 02:41:01.920501 +0000 build-fedora4: 
2022-10-24 02:41:01.920529 +0000 build-fedora4: During handling of the above exception, another exception occurred:
2022-10-24 02:41:01.920535 +0000 build-fedora4: 
2022-10-24 02:41:01.920543 +0000 build-fedora4: Traceback (most recent call last):
2022-10-24 02:41:01.920554 +0000 build-fedora4:   File "/usr/lib/python3.10/site-packages/requests/adapters.py", line 440, in send
2022-10-24 02:41:01.921017 +0000 build-fedora4:     resp = conn.urlopen(
2022-10-24 02:41:01.921044 +0000 build-fedora4:   File "/usr/lib/python3.10/site-packages/urllib3/connectionpool.py", line 755, in urlopen
2022-10-24 02:41:01.921216 +0000 build-fedora4:     retries = retries.increment(
2022-10-24 02:41:01.921240 +0000 build-fedora4:   File "/usr/lib/python3.10/site-packages/urllib3/util/retry.py", line 574, in increment
2022-10-24 02:41:01.921793 +0000 build-fedora4:     raise MaxRetryError(_pool, url, error or ResponseError(cause))
2022-10-24 02:41:01.921836 +0000 build-fedora4: urllib3.exceptions.MaxRetryError: HTTPSConnectionPool(host='api.github.com', port=443): Max retries exceeded with url: /repos/QubesOS/updates-status/issues/3126/comments (Caused by SSLError(SSLEOFError(8, 'EOF occurred in violation of protocol (_ssl.c:997)')))
2022-10-24 02:41:01.921845 +0000 build-fedora4: 
2022-10-24 02:41:01.921857 +0000 build-fedora4: During handling of the above exception, another exception occurred:
2022-10-24 02:41:01.921863 +0000 build-fedora4: 
2022-10-24 02:41:01.921870 +0000 build-fedora4: Traceback (most recent call last):
2022-10-24 02:41:01.921883 +0000 build-fedora4:   File "/home/user/builder-r4.1-templates-itl/qubes-src/builder-github//notify-issues", line 532, in <module>
2022-10-24 02:41:01.922110 +0000 build-fedora4:     main()
2022-10-24 02:41:01.922134 +0000 build-fedora4:   File "/home/user/builder-r4.1-templates-itl/qubes-src/builder-github//notify-issues", line 527, in main
2022-10-24 02:41:01.922146 +0000 build-fedora4:     notify_build_report(args, dist_label, repo_type, current_commit,
2022-10-24 02:41:01.922159 +0000 build-fedora4:   File "/home/user/builder-r4.1-templates-itl/qubes-src/builder-github//notify-issues", line 397, in notify_build_report
2022-10-24 02:41:01.922191 +0000 build-fedora4:     comment_issue(report_issue_no, report_message,
2022-10-24 02:41:01.922221 +0000 build-fedora4:   File "/home/user/builder-r4.1-templates-itl/qubes-src/builder-github//notify-issues", line 51, in comment_issue
2022-10-24 02:41:01.922232 +0000 build-fedora4:     resp = requests.post("{}/repos/{}/issues/{}/comments".format(
2022-10-24 02:41:01.922259 +0000 build-fedora4:   File "/usr/lib/python3.10/site-packages/requests/api.py", line 117, in post
2022-10-24 02:41:01.922572 +0000 build-fedora4:     return request('post', url, data=data, json=json, **kwargs)
2022-10-24 02:41:01.922600 +0000 build-fedora4:   File "/usr/lib/python3.10/site-packages/requests/api.py", line 61, in request
2022-10-24 02:41:01.922612 +0000 build-fedora4:     return session.request(method=method, url=url, **kwargs)
2022-10-24 02:41:01.922624 +0000 build-fedora4:   File "/usr/lib/python3.10/site-packages/requests/sessions.py", line 529, in request
2022-10-24 02:41:01.923247 +0000 build-fedora4:     resp = self.send(prep, **send_kwargs)
2022-10-24 02:41:01.923274 +0000 build-fedora4:   File "/usr/lib/python3.10/site-packages/requests/sessions.py", line 645, in send
2022-10-24 02:41:01.923461 +0000 build-fedora4:     r = adapter.send(request, **kwargs)
2022-10-24 02:41:01.923483 +0000 build-fedora4:   File "/usr/lib/python3.10/site-packages/requests/adapters.py", line 517, in send
2022-10-24 02:41:01.923493 +0000 build-fedora4:     raise SSLError(e, request=request)
2022-10-24 02:41:01.923516 +0000 build-fedora4: requests.exceptions.SSLError: HTTPSConnectionPool(host='api.github.com', port=443): Max retries exceeded with url: /repos/QubesOS/updates-status/issues/3126/comments (Caused by SSLError(SSLEOFError(8, 'EOF occurred in violation of protocol (_ssl.c:997)')))
2022-10-24 02:41:01.942712 +0000 build-fedora4: make[1]: *** [/home/user/builder-r4.1-templates-itl/qubes-src/builder-github//Makefile.github:18: notify-github] Error 1
2022-10-24 02:41:01.942759 +0000 build-fedora4: make: *** [Makefile:863: internal-update-repo-templates-itl-testing.vm.fc37.linux-template-builder] Error 1
2022-10-24 02:41:01.943071 +0000 > closing log
