2022-05-30 01:12:38.546003 +0000 > starting log
2022-05-30 01:12:38.591966 +0000 build-fedora4: > starting build with log
2022-05-30 01:12:38.591999 +0000 build-fedora4: >> make args: DISTS_VM= DIST_DOM0=fc25 BUILD_LOGS_URL= app-linux-split-gpg-dom0-fc25=https://github.com/QubesOS/build-logs/tree/master/build-fedora4/log_2022-05-30_01-03-06 GIT_URL_app_linux_split_gpg=https://github.com/QubesOS/qubes-app-linux-split-gpg sign-all update-repo-current-testing
2022-05-30 01:12:38.592008 +0000 build-fedora4: >> MAKEFLAGS=
2022-05-30 01:12:38.592016 +0000 build-fedora4: >> COMPONENTS=app-linux-split-gpg
2022-05-30 01:12:38.592022 +0000 build-fedora4: >> DISTS_VM=
2022-05-30 01:12:38.592028 +0000 build-fedora4: >> DIST_DOM0=
2022-05-30 01:12:38.592037 +0000 build-fedora4: >> qubes-builder df5b4a000ce3f134e0d2e6af8d476ca527ee5ee9
2022-05-30 01:12:39.281219 +0000 build-fedora4: >> qubes-builder/qubes-src/app-linux-split-gpg c5316c91107b8930ab4dc3341bc75293139b5b84
2022-05-30 01:12:39.824323 +0000 build-fedora4: !! pkgs/dom0-fc25/gpg-split-dom0.spec.list
2022-05-30 01:12:39.824373 +0000 build-fedora4: !! pkgs/dom0-fc25/qubes-gpg-split-dom0-2.0.51-1.fc25.x86_64.buildinfo
2022-05-30 01:12:39.824386 +0000 build-fedora4: !! pkgs/dom0-fc25/qubes-gpg-split-dom0-2.0.52-1.fc25.x86_64.buildinfo
2022-05-30 01:12:39.824396 +0000 build-fedora4: !! pkgs/dom0-fc25/qubes-gpg-split-dom0-2.0.53-1.fc25.x86_64.buildinfo
2022-05-30 01:12:39.824406 +0000 build-fedora4: !! pkgs/dom0-fc25/qubes-gpg-split-dom0-2.0.54-1.fc25.x86_64.buildinfo
2022-05-30 01:12:39.824416 +0000 build-fedora4: !! pkgs/dom0-fc25/qubes-gpg-split-dom0-2.0.55-1.fc25.x86_64.buildinfo
2022-05-30 01:12:39.824446 +0000 build-fedora4: !! pkgs/dom0-fc25/qubes-gpg-split-dom0-2.0.56-1.fc25.x86_64.buildinfo
2022-05-30 01:12:39.824456 +0000 build-fedora4: !! pkgs/dom0-fc25/qubes-gpg-split-dom0-2.0.57-1.fc25.x86_64.buildinfo
2022-05-30 01:12:39.824466 +0000 build-fedora4: !! pkgs/dom0-fc25/qubes-gpg-split-dom0-2.0.58-1.fc25.x86_64.buildinfo
2022-05-30 01:12:39.824475 +0000 build-fedora4: !! pkgs/dom0-fc25/qubes-gpg-split-dom0-2.0.59-1.fc25.src.rpm
2022-05-30 01:12:39.824484 +0000 build-fedora4: !! pkgs/dom0-fc25/qubes-gpg-split-dom0-2.0.59-1.fc25.x86_64.buildinfo
2022-05-30 01:12:39.824494 +0000 build-fedora4: !! pkgs/dom0-fc25/qubes-gpg-split-dom0-2.0.59-1.fc25.x86_64.rpm
2022-05-30 01:12:39.824503 +0000 build-fedora4: !! pkgs/dom0-fc25/qubes-gpg-split-dom0-2.0.60-1.fc25.src.rpm
2022-05-30 01:12:39.824512 +0000 build-fedora4: !! pkgs/dom0-fc25/qubes-gpg-split-dom0-2.0.60-1.fc25.x86_64.buildinfo
2022-05-30 01:12:39.824521 +0000 build-fedora4: !! pkgs/dom0-fc25/qubes-gpg-split-dom0-2.0.60-1.fc25.x86_64.rpm
2022-05-30 01:12:39.976186 +0000 build-fedora4: 75459c679af9888691b9fda2e948f6defa7f74fee33b6942b7f2efa237ab511f89635f856df61462cd8579235b36773cbfe7dba2274608cca21a2919545edad3  pkgs/dom0-fc25/gpg-split-dom0.spec.list
2022-05-30 01:12:39.986098 +0000 build-fedora4: 3a690f7d1d3b16fac1b727e8194db6aec22c4f33f23d955aa93e4e01720b219f823480fa1aff131de6453ffda0a23435295a6a2a34c4c0dcc839922c9ab2fc64  pkgs/dom0-fc25/qubes-gpg-split-dom0-2.0.51-1.fc25.x86_64.buildinfo
2022-05-30 01:12:39.986212 +0000 build-fedora4: b0423bcab7f38a74fb05c641c02bc5cd06a7e5b391656e235a0787b9b59b58fc7aac61fd5cb8e2f5d8ad32c15c7e565d36761eda147221214dd5ff847918855e  pkgs/dom0-fc25/qubes-gpg-split-dom0-2.0.52-1.fc25.x86_64.buildinfo
2022-05-30 01:12:39.993577 +0000 build-fedora4: ed97482ed58d9e8243290d70a8a930d6a0e94f3181d393597fad0b5379304948f65ea6da2b84eefb4b1c421421bd7ed10e09f3b0bad854dea49606b2e380cf26  pkgs/dom0-fc25/qubes-gpg-split-dom0-2.0.53-1.fc25.x86_64.buildinfo
2022-05-30 01:12:39.994761 +0000 build-fedora4: 238bb7392f953d0bb97e951ac319536266836b6e46767c5c7a79931f3ae71b6510566c01dfc828896784705b8c5271e02376063b54c7dc42995b2e56d820f934  pkgs/dom0-fc25/qubes-gpg-split-dom0-2.0.54-1.fc25.x86_64.buildinfo
2022-05-30 01:12:39.995894 +0000 build-fedora4: 19417a81b00aef4de55c451241b3806a9c6ca6f858cb208b45a636512bbfb79f2af8ad186453badd37ab07a4291df449b1fd4fc3b7144ee2b80db77c238c25d7  pkgs/dom0-fc25/qubes-gpg-split-dom0-2.0.55-1.fc25.x86_64.buildinfo
2022-05-30 01:12:39.995953 +0000 build-fedora4: 2975dcf67266ca2d4f404b9f439dab3b6e0615ebd08b073c797f5ed7cff7aa27f2e11e55d925120338dfa8873fcab45f01c4365604835c14001e1cce44140c2b  pkgs/dom0-fc25/qubes-gpg-split-dom0-2.0.56-1.fc25.x86_64.buildinfo
2022-05-30 01:12:39.997322 +0000 build-fedora4: 8ec2112452ea0186d17cd93cf8202c45bb97e1185e535e17e963143816d0308276b5bb357f8092728b08b19cfda860f5b3d0986fa2f68bfbb13bccfd179b6589  pkgs/dom0-fc25/qubes-gpg-split-dom0-2.0.57-1.fc25.x86_64.buildinfo
2022-05-30 01:12:40.028987 +0000 build-fedora4: 00c9d5f8ff498587c667f6b752f70b427e1bbddecc2690d00f94aed875b694d8ac2e9fe9eba69e782f58c4863a051fad5bb99def20b71d45b12ad975e0d7c45c  pkgs/dom0-fc25/qubes-gpg-split-dom0-2.0.58-1.fc25.x86_64.buildinfo
2022-05-30 01:12:40.032913 +0000 build-fedora4: 489fbbae11631b7843e0f0f6783dec432eca853f90b1bc4becee6fd5002a8eda8c24f14460c0bac1e2b57110635b6d8ac93bc92b990c9bcf2aa03fc139cf0575  pkgs/dom0-fc25/qubes-gpg-split-dom0-2.0.59-1.fc25.src.rpm
2022-05-30 01:12:40.064910 +0000 build-fedora4: 17fdfef5f280e4f521073bd9c256d9704445d57df50c2bf2832ebe3d8874349b61ffdd08a23e822df6de4ae6ceb72cc3bc43fcebb779d2cc438f62f6a864e880  pkgs/dom0-fc25/qubes-gpg-split-dom0-2.0.59-1.fc25.x86_64.buildinfo
2022-05-30 01:12:40.066504 +0000 build-fedora4: 45577c8bbced8228eebc3f16c35e2d33ed7874118bca091fe707ac313dd2bb74d97f589f43f2463dfe121974c912e3a32cf1ceb3eb06e9b9cf8c9c750e1e866e  pkgs/dom0-fc25/qubes-gpg-split-dom0-2.0.59-1.fc25.x86_64.rpm
2022-05-30 01:12:40.066548 +0000 build-fedora4: 1ae70c383502aa58ecef17bfa7e97e562669de64d203bd17e24c4f78bbe0cd543ceb89c35287a24228dee92ed04037dcf5c1e814f4bacea2fcaff14a449beebc  pkgs/dom0-fc25/qubes-gpg-split-dom0-2.0.60-1.fc25.src.rpm
2022-05-30 01:12:40.066568 +0000 build-fedora4: 8e1b1eb444c74853599412baba46838fa472ca3b721d05af0cc58feae1e3ed53a5ce7ac6d72d7274cd034ab0b72d2f2e4df417a5c98af046d7f6226e46b26168  pkgs/dom0-fc25/qubes-gpg-split-dom0-2.0.60-1.fc25.x86_64.buildinfo
2022-05-30 01:12:40.066586 +0000 build-fedora4: fca496c3989aac53c6826bfd687e38d051e65d8f1580dfc4f73f0d96508d4032375c9a18566133f6cf61f5b6a7f6a9b5e67fb750ef71a8bac3f73338c0057bb7  pkgs/dom0-fc25/qubes-gpg-split-dom0-2.0.60-1.fc25.x86_64.rpm
2022-05-30 01:12:40.669451 +0000 build-fedora4: ================================================================================
2022-05-30 01:12:40.669517 +0000 build-fedora4:                            B U I L D   I N F O                                  
2022-05-30 01:12:40.674775 +0000 build-fedora4: Items in red indicate it was automatically generated by configuration file(s)
2022-05-30 01:12:40.674813 +0000 build-fedora4: Items in white indicate it was automatically removed by configuration file(s)
2022-05-30 01:12:40.674826 +0000 build-fedora4: ================================================================================
2022-05-30 01:12:40.674833 +0000 build-fedora4: DISTS_VM:
2022-05-30 01:12:40.684907 +0000 build-fedora4:     
2022-05-30 01:12:40.684943 +0000 build-fedora4: DISTS_ALL:
2022-05-30 01:12:40.726616 +0000 build-fedora4:      dom0-fc25,
2022-05-30 01:12:40.727822 +0000 build-fedora4: DIST_DOM0:
2022-05-30 01:12:40.781979 +0000 build-fedora4:      fc25,
2022-05-30 01:12:40.783237 +0000 build-fedora4: BUILDER_PLUGINS:
2022-05-30 01:12:40.785633 +0000 build-fedora4:      builder-rpm, builder-debian, mgmt-salt, linux-yum, release-configs, builder-github,
2022-05-30 01:12:40.785666 +0000 build-fedora4: COMPONENTS:
2022-05-30 01:12:40.788286 +0000 build-fedora4:      app-linux-split-gpg,
2022-05-30 01:12:40.789519 +0000 build-fedora4: GIT_REPOS:
2022-05-30 01:12:40.792499 +0000 build-fedora4:      qubes-src/app-linux-split-gpg,
2022-05-30 01:12:40.792532 +0000 build-fedora4: TEMPLATE:
2022-05-30 01:12:40.796049 +0000 build-fedora4:     
2022-05-30 01:12:40.797301 +0000 build-fedora4: TEMPLATE_FLAVOR_DIR:
2022-05-30 01:12:40.799533 +0000 build-fedora4:     
2022-05-30 01:12:40.800762 +0000 build-fedora4: TEMPLATE_ALIAS:
2022-05-30 01:12:40.803025 +0000 build-fedora4:      stretch:stretch+standard, stretch+gnome:stretch+gnome+standard,
2022-05-30 01:12:40.803064 +0000 build-fedora4:      stretch+minimal:stretch+minimal+no-recommends, buster:buster+standard, buster+gnome:buster+gnome+standard,
2022-05-30 01:12:40.803077 +0000 build-fedora4:      buster+minimal:buster+minimal+no-recommends, bullseye:bullseye+standard,
2022-05-30 01:12:40.803088 +0000 build-fedora4:      bullseye+gnome:bullseye+gnome+standard, bullseye+minimal:bullseye+minimal+no-recommends,
2022-05-30 01:12:40.803101 +0000 build-fedora4:      bionic:bionic+standard, focal:focal+standard, whonix-gateway-15:buster+whonix-gateway+minimal+no-recommends,
2022-05-30 01:12:40.803111 +0000 build-fedora4:      whonix-workstation-15:buster+whonix-workstation+minimal+no-recommends,
2022-05-30 01:12:40.803120 +0000 build-fedora4:      whonix-gateway-16:bullseye+whonix-gateway+minimal+no-recommends,
2022-05-30 01:12:40.803133 +0000 build-fedora4:      whonix-workstation-16:bullseye+whonix-workstation+minimal+no-recommends,
2022-05-30 01:12:40.803143 +0000 build-fedora4:      whonix-gateway:jessie+whonix-gateway+minimal+no-recommends,
2022-05-30 01:12:40.803153 +0000 build-fedora4:      whonix-workstation:jessie+whonix-workstation+minimal+no-recommends,
2022-05-30 01:12:40.803278 +0000 build-fedora4: TEMPLATE_LABEL:
2022-05-30 01:12:40.806531 +0000 build-fedora4:      fc25:fedora-25 fc32:fedora-32 fc33:fedora-33 fc34:fedora-34 fc35:fedora-35
2022-05-30 01:12:40.806569 +0000 build-fedora4:      fc32+minimal:fedora-32-minimal fc33+minimal:fedora-33-minimal fc34+minimal:fedora-34-minimal
2022-05-30 01:12:40.806583 +0000 build-fedora4:      fc35+minimal:fedora-35-minimal fc32+xfce:fedora-32-xfce fc33+xfce:fedora-33-xfce fc34+xfce:fedora-34-xfce
2022-05-30 01:12:40.806595 +0000 build-fedora4:      fc35+xfce:fedora-35-xfce stretch:debian-9 stretch+standard:debian-9 stretch+xfce:debian-9-xfce
2022-05-30 01:12:40.806610 +0000 build-fedora4:      buster:debian-10 buster+standard:debian-10 buster+xfce:debian-10-xfce bullseye:debian-11
2022-05-30 01:12:40.806620 +0000 build-fedora4:      bullseye+standard:debian-11 bullseye+xfce:debian-11-xfce bionic+standard:bionic
2022-05-30 01:12:40.806631 +0000 build-fedora4:      focal+standard:focal buster+whonix-gateway+minimal+no-recommends:whonix-gw-15
2022-05-30 01:12:40.806640 +0000 build-fedora4:      buster+whonix-workstation+minimal+no-recommends:whonix-ws-15
2022-05-30 01:12:40.806649 +0000 build-fedora4:      bullseye+whonix-gateway+minimal+no-recommends:whonix-gw-16
2022-05-30 01:12:40.806662 +0000 build-fedora4:      bullseye+whonix-workstation+minimal+no-recommends:whonix-ws-16
2022-05-30 01:12:40.806672 +0000 build-fedora4:      centos7:centos-7 centos7+minimal:centos-7-minimal centos7+xfce:centos-7-xfce
2022-05-30 01:12:40.806682 +0000 build-fedora4:      centos-stream8:centos-stream-8 centos-stream8+minimal:centos-stream-8-minimal
2022-05-30 01:12:40.806693 +0000 build-fedora4:      centos-stream8+xfce:centos-stream-8-xfce jessie+whonix-gateway+minimal+no-recommends:whonix-gw
2022-05-30 01:12:40.806703 +0000 build-fedora4:      jessie+whonix-workstation+minimal+no-recommends:whonix-ws
2022-05-30 01:12:41.240700 +0000 build-fedora4: > running make
2022-05-30 01:12:41.395438 +0000 build-fedora4: Makefile:299: target 'sign.dom0.fc25.app-linux-split-gpg' does not exist
2022-05-30 01:12:41.395528 +0000 build-fedora4: if [ -n "app-linux-split-gpg" -a "0" -ne 0 ]; then BRANCH=release4.0; branch_var="BRANCH_app_linux_split_gpg"; [ -n "${!branch_var}" ] && BRANCH="${!branch_var}"; pushd qubes-src/app-linux-split-gpg > /dev/null; CURRENT_BRANCH=`git symbolic-ref --short HEAD 2>/dev/null || git describe --tags --exact-match HEAD`; if [ "$BRANCH" != "$CURRENT_BRANCH" ]; then echo "-> ERROR: Wrong branch $branch_var=$CURRENT_BRANCH (expected $BRANCH)"; exit 1; fi; popd > /dev/null; fi
2022-05-30 01:12:41.395543 +0000 build-fedora4: SIGN_KEY=5817A43B283DE5A9181A522E1848792F9E2795E9; \
2022-05-30 01:12:41.395569 +0000 build-fedora4: sign_key_var="SIGN_KEY_${DIST%%+*}"; \
2022-05-30 01:12:41.395579 +0000 build-fedora4: [ -n "${!sign_key_var}" ] && SIGN_KEY="${!sign_key_var}"; \
2022-05-30 01:12:41.395588 +0000 build-fedora4: if [ "app-linux-split-gpg" = linux-template-builder ]; then
2022-05-30 01:12:41.395600 +0000 build-fedora4: export TEMPLATE_NAME=$(MAKEFLAGS= make -s -C qubes-src/linux-template-builder DIST=fc25 template-name)
2022-05-30 01:12:41.395606 +0000 build-fedora4: fi
2022-05-30 01:12:41.395616 +0000 build-fedora4: if [ -r qubes-src/app-linux-split-gpg/Makefile.builder ]; then \
2022-05-30 01:12:41.395625 +0000 build-fedora4: .make --no-print-directory -f Makefile.generic \
2022-05-30 01:12:41.395631 +0000 build-fedora4: ..DIST=fc25 \
2022-05-30 01:12:41.395638 +0000 build-fedora4: ..PACKAGE_SET=dom0 \
2022-05-30 01:12:41.395645 +0000 build-fedora4: ..COMPONENT=app-linux-split-gpg \
2022-05-30 01:12:41.395652 +0000 build-fedora4: ..SIGN_KEY=$SIGN_KEY \
2022-05-30 01:12:41.395659 +0000 build-fedora4: ..sign || exit 1; \
2022-05-30 01:12:41.395667 +0000 build-fedora4: elif [ -d qubes-src/app-linux-split-gpg/rpm ]; then \
2022-05-30 01:12:41.395675 +0000 build-fedora4: .# Old mechanism supported only for RPM
2022-05-30 01:12:41.395684 +0000 build-fedora4: FILE_LIST=""; for RPM in qubes-src/app-linux-split-gpg/rpm/*/*.rpm; do \
2022-05-30 01:12:41.395694 +0000 build-fedora4: ..if ! qubes-src/installer-qubes-os/rpm_verify $RPM > /dev/null; then \
2022-05-30 01:12:41.395701 +0000 build-fedora4: ...FILE_LIST="$FILE_LIST $RPM" ;\
2022-05-30 01:12:41.395706 +0000 build-fedora4: ..fi ;\
2022-05-30 01:12:41.395712 +0000 build-fedora4: .done ; \
2022-05-30 01:12:41.395720 +0000 build-fedora4: .if [ -n "$FILE_LIST" ]; then \
2022-05-30 01:12:41.395727 +0000 build-fedora4: ..echo "--> Signing..."; \
2022-05-30 01:12:41.395734 +0000 build-fedora4: ..RPMSIGN_OPTS=--digest-algo=sha256; \
2022-05-30 01:12:41.395742 +0000 build-fedora4: ..if [ -n "$SIGN_KEY" ]; then \
2022-05-30 01:12:41.395749 +0000 build-fedora4: ...RPMSIGN_OPTS="--key-id=$SIGN_KEY"; \
2022-05-30 01:12:41.395755 +0000 build-fedora4: ..fi; \
2022-05-30 01:12:41.395764 +0000 build-fedora4: ..setsid -w rpmsign "$RPMSIGN_OPTS" --addsign $FILE_LIST </dev/null ;\
2022-05-30 01:12:41.395770 +0000 build-fedora4: .fi; \
2022-05-30 01:12:41.395775 +0000 build-fedora4: fi
2022-05-30 01:12:41.985485 +0000 build-fedora4: + ERR_OUTPUT=/dev/stderr
2022-05-30 01:12:41.985529 +0000 build-fedora4: + '[' 2 -lt 2 ']'
2022-05-30 01:12:41.998080 +0000 build-fedora4: ++ basename qubes-src/app-linux-split-gpg/rpm_spec/gpg-split-dom0.spec.in
2022-05-30 01:12:42.037958 +0000 build-fedora4: + [[ xgpg-split-dom0.spec.in == \x\.\i\n ]]
2022-05-30 01:12:42.038003 +0000 build-fedora4: + '[' -r qubes-src/app-linux-split-gpg/rpm_spec/gpg-split-dom0.spec.in ']'
2022-05-30 01:12:42.038014 +0000 build-fedora4: ++ mktemp --tmpdir tmp.XXXXXX.spec
2022-05-30 01:12:42.038022 +0000 build-fedora4: + tmp_spec=/tmp/tmp.JkF3Uh.spec
2022-05-30 01:12:42.038033 +0000 build-fedora4: ++ dirname /home/user/builder-r4.0-dom0/qubes-src/builder-rpm/scripts/query-spec
2022-05-30 01:12:42.038049 +0000 build-fedora4: + /home/user/builder-r4.0-dom0/qubes-src/builder-rpm/scripts/generate-spec qubes-src/app-linux-split-gpg/rpm_spec/gpg-split-dom0.spec.in /tmp/tmp.JkF3Uh.spec
2022-05-30 01:12:42.170979 +0000 build-fedora4: + '[' 2 -lt 2 ']'
2022-05-30 01:12:42.171027 +0000 build-fedora4: + '[' -z qubes-src/app-linux-split-gpg ']'
2022-05-30 01:12:42.171044 +0000 build-fedora4: + cp qubes-src/app-linux-split-gpg/rpm_spec/gpg-split-dom0.spec.in qubes-src/app-linux-split-gpg/rpm_spec/gpg-split-dom0.spec.in.tmp
2022-05-30 01:12:42.259899 +0000 build-fedora4: + read -r ver
2022-05-30 01:12:42.259945 +0000 build-fedora4: + '[' x = x ']'
2022-05-30 01:12:42.259960 +0000 build-fedora4: + sed -i 's|@VERSION@|2.0.60|g' qubes-src/app-linux-split-gpg/rpm_spec/gpg-split-dom0.spec.in.tmp
2022-05-30 01:12:42.367301 +0000 build-fedora4: + vnum=1
2022-05-30 01:12:42.367357 +0000 build-fedora4: + read -r ver
2022-05-30 01:12:42.367369 +0000 build-fedora4: + '[' -e qubes-src/app-linux-split-gpg/rel ']'
2022-05-30 01:12:42.367380 +0000 build-fedora4: + grep -q @REL@ qubes-src/app-linux-split-gpg/rpm_spec/gpg-split-dom0.spec.in.tmp
2022-05-30 01:12:42.405194 +0000 build-fedora4: + sed -i -e s:@BACKEND_VMM@:xen:g qubes-src/app-linux-split-gpg/rpm_spec/gpg-split-dom0.spec.in.tmp
2022-05-30 01:12:42.414267 +0000 build-fedora4: + grep -q @CHANGELOG@ qubes-src/app-linux-split-gpg/rpm_spec/gpg-split-dom0.spec.in.tmp
2022-05-30 01:12:42.522947 +0000 build-fedora4: ++ dirname /home/user/builder-r4.0-dom0/qubes-src/builder-rpm/scripts/generate-spec
2022-05-30 01:12:42.526621 +0000 build-fedora4: + /home/user/builder-r4.0-dom0/qubes-src/builder-rpm/scripts/generate-changelog qubes-src/app-linux-split-gpg qubes-src/app-linux-split-gpg/rpm_spec/gpg-split-dom0.spec.in.tmp
2022-05-30 01:12:48.889528 +0000 build-fedora4: + cat qubes-src/app-linux-split-gpg/rpm_spec/gpg-split-dom0.spec.in.tmp
2022-05-30 01:12:48.940615 +0000 build-fedora4: + rm -rf qubes-src/app-linux-split-gpg/rpm_spec/gpg-split-dom0.spec.in.tmp
2022-05-30 01:12:48.945533 +0000 build-fedora4: + '[' '%{SOURCE0}' = '%{SOURCE0}' ']'
2022-05-30 01:12:48.947989 +0000 build-fedora4: ++ dirname /home/user/builder-r4.0-dom0/qubes-src/builder-rpm/scripts/query-spec
2022-05-30 01:12:48.953295 +0000 build-fedora4: + /home/user/builder-r4.0-dom0/qubes-src/builder-rpm/scripts/../tools/spectool --list-files --source 0 /tmp/tmp.JkF3Uh.spec
2022-05-30 01:12:50.129178 +0000 build-fedora4: + rm -f /tmp/tmp.JkF3Uh.spec
2022-05-30 01:12:50.160315 +0000 build-fedora4: /home/user/builder-r4.0-dom0/qubes-src/builder-rpm/Makefile.rpmbuilder:201: target 'sign-prep' does not exist
2022-05-30 01:12:50.160360 +0000 build-fedora4: if [ -n "qubes-gpg-client-wrapper" ]; then \
2022-05-30 01:12:50.160373 +0000 build-fedora4: .mkdir -p /home/user/builder-r4.0-dom0/keyrings/rpmdb; \
2022-05-30 01:12:50.160381 +0000 build-fedora4: .tmpname=$(mktemp); \
2022-05-30 01:12:50.160393 +0000 build-fedora4: .qubes-gpg-client-wrapper --armor --export "5817A43B283DE5A9181A522E1848792F9E2795E9" > "$tmpname"; \
2022-05-30 01:12:50.160405 +0000 build-fedora4: .rpmkeys --dbpath=/home/user/builder-r4.0-dom0/keyrings/rpmdb --import "$tmpname"; \
2022-05-30 01:12:50.160412 +0000 build-fedora4: .rm -f "$tmpname"; \
2022-05-30 01:12:50.160439 +0000 build-fedora4: fi
2022-05-30 01:12:50.459127 +0000 build-fedora4: + ERR_OUTPUT=/dev/stderr
2022-05-30 01:12:50.459172 +0000 build-fedora4: + '[' 2 -lt 2 ']'
2022-05-30 01:12:50.459185 +0000 build-fedora4: ++ basename qubes-src/app-linux-split-gpg/rpm_spec/gpg-split-dom0.spec.in
2022-05-30 01:12:50.465288 +0000 build-fedora4: + [[ xgpg-split-dom0.spec.in == \x\.\i\n ]]
2022-05-30 01:12:50.465412 +0000 build-fedora4: + '[' -r qubes-src/app-linux-split-gpg/rpm_spec/gpg-split-dom0.spec.in ']'
2022-05-30 01:12:50.477638 +0000 build-fedora4: ++ mktemp --tmpdir tmp.XXXXXX.spec
2022-05-30 01:12:50.501514 +0000 build-fedora4: + tmp_spec=/tmp/tmp.zmISGC.spec
2022-05-30 01:12:50.508617 +0000 build-fedora4: ++ dirname /home/user/builder-r4.0-dom0/qubes-src/builder-rpm/scripts/query-spec
2022-05-30 01:12:50.519786 +0000 build-fedora4: + /home/user/builder-r4.0-dom0/qubes-src/builder-rpm/scripts/generate-spec qubes-src/app-linux-split-gpg/rpm_spec/gpg-split-dom0.spec.in /tmp/tmp.zmISGC.spec
2022-05-30 01:12:50.530807 +0000 build-fedora4: + '[' 2 -lt 2 ']'
2022-05-30 01:12:50.530850 +0000 build-fedora4: + '[' -z qubes-src/app-linux-split-gpg ']'
2022-05-30 01:12:50.530866 +0000 build-fedora4: + cp qubes-src/app-linux-split-gpg/rpm_spec/gpg-split-dom0.spec.in qubes-src/app-linux-split-gpg/rpm_spec/gpg-split-dom0.spec.in.tmp
2022-05-30 01:12:50.546051 +0000 build-fedora4: + read -r ver
2022-05-30 01:12:50.546089 +0000 build-fedora4: + '[' x = x ']'
2022-05-30 01:12:50.546103 +0000 build-fedora4: + sed -i 's|@VERSION@|2.0.60|g' qubes-src/app-linux-split-gpg/rpm_spec/gpg-split-dom0.spec.in.tmp
2022-05-30 01:12:50.571249 +0000 build-fedora4: + vnum=1
2022-05-30 01:12:50.571289 +0000 build-fedora4: + read -r ver
2022-05-30 01:12:50.571299 +0000 build-fedora4: + '[' -e qubes-src/app-linux-split-gpg/rel ']'
2022-05-30 01:12:50.571311 +0000 build-fedora4: + grep -q @REL@ qubes-src/app-linux-split-gpg/rpm_spec/gpg-split-dom0.spec.in.tmp
2022-05-30 01:12:50.585293 +0000 build-fedora4: + sed -i -e s:@BACKEND_VMM@:xen:g qubes-src/app-linux-split-gpg/rpm_spec/gpg-split-dom0.spec.in.tmp
2022-05-30 01:12:50.593125 +0000 build-fedora4: + grep -q @CHANGELOG@ qubes-src/app-linux-split-gpg/rpm_spec/gpg-split-dom0.spec.in.tmp
2022-05-30 01:12:50.628821 +0000 build-fedora4: ++ dirname /home/user/builder-r4.0-dom0/qubes-src/builder-rpm/scripts/generate-spec
2022-05-30 01:12:50.638064 +0000 build-fedora4: + /home/user/builder-r4.0-dom0/qubes-src/builder-rpm/scripts/generate-changelog qubes-src/app-linux-split-gpg qubes-src/app-linux-split-gpg/rpm_spec/gpg-split-dom0.spec.in.tmp
2022-05-30 01:12:52.503688 +0000 build-fedora4: + cat qubes-src/app-linux-split-gpg/rpm_spec/gpg-split-dom0.spec.in.tmp
2022-05-30 01:12:52.515181 +0000 build-fedora4: + rm -rf qubes-src/app-linux-split-gpg/rpm_spec/gpg-split-dom0.spec.in.tmp
2022-05-30 01:12:52.517603 +0000 build-fedora4: + '[' '%{SOURCE0}' = '%{SOURCE0}' ']'
2022-05-30 01:12:52.523488 +0000 build-fedora4: ++ dirname /home/user/builder-r4.0-dom0/qubes-src/builder-rpm/scripts/query-spec
2022-05-30 01:12:52.527138 +0000 build-fedora4: + /home/user/builder-r4.0-dom0/qubes-src/builder-rpm/scripts/../tools/spectool --list-files --source 0 /tmp/tmp.zmISGC.spec
2022-05-30 01:12:52.878259 +0000 build-fedora4: + rm -f /tmp/tmp.zmISGC.spec
2022-05-30 01:12:53.669938 +0000 build-fedora4: warning: Found bdb_ro Packages database while attempting sqlite backend: using bdb_ro backend.
2022-05-30 01:12:54.085601 +0000 build-fedora4: /home/user/builder-r4.0-dom0/qubes-src/builder-rpm/Makefile.rpmbuilder:217: update target 'sign' due to: sign-prep
2022-05-30 01:12:54.085664 +0000 build-fedora4: cd qubes-src/app-linux-split-gpg && for pkg in pkgs/dom0-fc25/qubes-gpg-split-dom0-2.0.60-1.fc25.src.rpm pkgs/dom0-fc25/qubes-gpg-split-dom0-2.0.60-1.fc25.x86_64.rpm pkgs/dom0-fc25/qubes-gpg-split-dom0-2.0.60-1.fc25.x86_64.buildinfo ; do \
2022-05-30 01:12:54.085677 +0000 build-fedora4: .if [ "${pkg##*.}" = "buildinfo" ]; then \
2022-05-30 01:12:54.085696 +0000 build-fedora4: ../home/user/builder-r4.0-dom0/qubes-src/builder-rpm/scripts/update-rpmbuildinfo "$pkg" | /usr/bin/qubes-gpg-client-wrapper --clearsign --local-user 5817A43B283DE5A9181A522E1848792F9E2795E9 > "$pkg".tmp && \
2022-05-30 01:12:54.085705 +0000 build-fedora4: ..mv -f "$pkg".tmp "$pkg"; \
2022-05-30 01:12:54.085716 +0000 build-fedora4: .elif [ "$(rpmkeys --checksig -- "$pkg")" != "$pkg: digests signatures OK" ]; then \
2022-05-30 01:12:54.085730 +0000 build-fedora4: ..setsid -w rpmsign --digest-algo=sha256 --key-id=5817A43B283DE5A9181A522E1848792F9E2795E9 --addsign --rpmv3 -- "$pkg" </dev/null || exit 1; \
2022-05-30 01:12:54.085736 +0000 build-fedora4: .fi; \
2022-05-30 01:12:54.085742 +0000 build-fedora4: done
2022-05-30 01:12:54.239902 +0000 build-fedora4: + ERR_OUTPUT=/dev/stderr
2022-05-30 01:12:54.241146 +0000 build-fedora4: + '[' 2 -lt 2 ']'
2022-05-30 01:12:54.241182 +0000 build-fedora4: ++ basename qubes-src/app-linux-split-gpg/rpm_spec/gpg-split-dom0.spec.in
2022-05-30 01:12:54.245500 +0000 build-fedora4: + [[ xgpg-split-dom0.spec.in == \x\.\i\n ]]
2022-05-30 01:12:54.245555 +0000 build-fedora4: + '[' -r qubes-src/app-linux-split-gpg/rpm_spec/gpg-split-dom0.spec.in ']'
2022-05-30 01:12:54.246941 +0000 build-fedora4: ++ mktemp --tmpdir tmp.XXXXXX.spec
2022-05-30 01:12:54.249178 +0000 build-fedora4: + tmp_spec=/tmp/tmp.qZgE1A.spec
2022-05-30 01:12:54.254802 +0000 build-fedora4: ++ dirname /home/user/builder-r4.0-dom0/qubes-src/builder-rpm/scripts/query-spec
2022-05-30 01:12:54.262405 +0000 build-fedora4: + /home/user/builder-r4.0-dom0/qubes-src/builder-rpm/scripts/generate-spec qubes-src/app-linux-split-gpg/rpm_spec/gpg-split-dom0.spec.in /tmp/tmp.qZgE1A.spec
2022-05-30 01:12:54.324190 +0000 build-fedora4: + '[' 2 -lt 2 ']'
2022-05-30 01:12:54.324237 +0000 build-fedora4: + '[' -z qubes-src/app-linux-split-gpg ']'
2022-05-30 01:12:54.324254 +0000 build-fedora4: + cp qubes-src/app-linux-split-gpg/rpm_spec/gpg-split-dom0.spec.in qubes-src/app-linux-split-gpg/rpm_spec/gpg-split-dom0.spec.in.tmp
2022-05-30 01:12:54.394329 +0000 build-fedora4: + read -r ver
2022-05-30 01:12:54.394373 +0000 build-fedora4: + '[' x = x ']'
2022-05-30 01:12:54.394388 +0000 build-fedora4: + sed -i 's|@VERSION@|2.0.60|g' qubes-src/app-linux-split-gpg/rpm_spec/gpg-split-dom0.spec.in.tmp
2022-05-30 01:12:54.412782 +0000 build-fedora4: + vnum=1
2022-05-30 01:12:54.412819 +0000 build-fedora4: + read -r ver
2022-05-30 01:12:54.412830 +0000 build-fedora4: + '[' -e qubes-src/app-linux-split-gpg/rel ']'
2022-05-30 01:12:54.412841 +0000 build-fedora4: + grep -q @REL@ qubes-src/app-linux-split-gpg/rpm_spec/gpg-split-dom0.spec.in.tmp
2022-05-30 01:12:54.433702 +0000 build-fedora4: + sed -i -e s:@BACKEND_VMM@:xen:g qubes-src/app-linux-split-gpg/rpm_spec/gpg-split-dom0.spec.in.tmp
2022-05-30 01:12:54.610087 +0000 build-fedora4: + grep -q @CHANGELOG@ qubes-src/app-linux-split-gpg/rpm_spec/gpg-split-dom0.spec.in.tmp
2022-05-30 01:12:54.638749 +0000 build-fedora4: ++ dirname /home/user/builder-r4.0-dom0/qubes-src/builder-rpm/scripts/generate-spec
2022-05-30 01:12:54.682677 +0000 build-fedora4: + /home/user/builder-r4.0-dom0/qubes-src/builder-rpm/scripts/generate-changelog qubes-src/app-linux-split-gpg qubes-src/app-linux-split-gpg/rpm_spec/gpg-split-dom0.spec.in.tmp
2022-05-30 01:12:58.536638 +0000 build-fedora4: + cat qubes-src/app-linux-split-gpg/rpm_spec/gpg-split-dom0.spec.in.tmp
2022-05-30 01:12:58.570549 +0000 build-fedora4: + rm -rf qubes-src/app-linux-split-gpg/rpm_spec/gpg-split-dom0.spec.in.tmp
2022-05-30 01:12:58.583682 +0000 build-fedora4: + '[' '%{SOURCE0}' = '%{SOURCE0}' ']'
2022-05-30 01:12:58.589331 +0000 build-fedora4: ++ dirname /home/user/builder-r4.0-dom0/qubes-src/builder-rpm/scripts/query-spec
2022-05-30 01:12:58.610837 +0000 build-fedora4: + /home/user/builder-r4.0-dom0/qubes-src/builder-rpm/scripts/../tools/spectool --list-files --source 0 /tmp/tmp.qZgE1A.spec
2022-05-30 01:12:59.559288 +0000 build-fedora4: + rm -f /tmp/tmp.qZgE1A.spec
2022-05-30 01:12:59.807798 +0000 build-fedora4: warning: Could not set GPG_TTY to stdin: Inappropriate ioctl for device
2022-05-30 01:13:00.127163 +0000 build-fedora4: warning: Could not set GPG_TTY to stdin: Inappropriate ioctl for device
2022-05-30 01:13:00.399172 +0000 build-fedora4: pkgs/dom0-fc25/qubes-gpg-split-dom0-2.0.60-1.fc25.src.rpm:
2022-05-30 01:13:00.461180 +0000 build-fedora4: warning: Could not set GPG_TTY to stdin: Inappropriate ioctl for device
2022-05-30 01:13:00.656561 +0000 build-fedora4: warning: Could not set GPG_TTY to stdin: Inappropriate ioctl for device
2022-05-30 01:13:00.850220 +0000 build-fedora4: pkgs/dom0-fc25/qubes-gpg-split-dom0-2.0.60-1.fc25.x86_64.rpm:
2022-05-30 01:13:01.136985 +0000 build-fedora4: Makefile:863: target 'internal-update-repo-current-testing.dom0.fc25.app-linux-split-gpg' does not exist
2022-05-30 01:13:01.137032 +0000 build-fedora4: repo_base_var="LINUX_REPO_${DIST//-/_}_BASEDIR"; \
2022-05-30 01:13:01.137045 +0000 build-fedora4: if [ "app-linux-split-gpg" = linux-template-builder ]; then \
2022-05-30 01:13:01.137056 +0000 build-fedora4: .# templates belongs to dom0 repository, even though PACKAGE_SET=vm
2022-05-30 01:13:01.137064 +0000 build-fedora4: repo_base_var="LINUX_REPO_fc25_BASEDIR"; \
2022-05-30 01:13:01.137070 +0000 build-fedora4: fi; \
2022-05-30 01:13:01.137078 +0000 build-fedora4: if [ -n "${!repo_base_var}" ]; then \
2022-05-30 01:13:01.137086 +0000 build-fedora4: .repo_basedir="${!repo_base_var}"; \
2022-05-30 01:13:01.137092 +0000 build-fedora4: else \
2022-05-30 01:13:01.137099 +0000 build-fedora4: .repo_basedir="qubes-src/linux-yum/r4.0"; \
2022-05-30 01:13:01.137120 +0000 build-fedora4: fi; \
2022-05-30 01:13:01.137130 +0000 build-fedora4: if [ -r qubes-src/app-linux-split-gpg/Makefile.builder ]; then \
2022-05-30 01:13:01.137139 +0000 build-fedora4: .echo -n "Updating qubes-src/app-linux-split-gpg... "; \
2022-05-30 01:13:01.137146 +0000 build-fedora4: .if [ "0" -eq 1 ]; then \
2022-05-30 01:13:01.137157 +0000 build-fedora4: ..vtag=`git -C qubes-src/app-linux-split-gpg tag --points-at HEAD --list v*`; \
2022-05-30 01:13:01.137164 +0000 build-fedora4: ..if [ -z "$vtag" ]; then \
2022-05-30 01:13:01.137171 +0000 build-fedora4: ...echo "no version tag"; \
2022-05-30 01:13:01.137177 +0000 build-fedora4: ...exit 0; \
2022-05-30 01:13:01.137183 +0000 build-fedora4: ..fi; \
2022-05-30 01:13:01.137189 +0000 build-fedora4: .fi; \
2022-05-30 01:13:01.137197 +0000 build-fedora4: .if [ "app-linux-split-gpg" = linux-template-builder ]; then
2022-05-30 01:13:01.137209 +0000 build-fedora4: export TEMPLATE_NAME=$(MAKEFLAGS= make -s -C qubes-src/linux-template-builder DIST=fc25 template-name)
2022-05-30 01:13:01.137214 +0000 build-fedora4: fi
2022-05-30 01:13:01.137236 +0000 build-fedora4: component_packages=$(MAKEFLAGS= make -s -f Makefile.generic DIST=fc25 PACKAGE_SET=dom0 COMPONENT=`basename qubes-src/app-linux-split-gpg` UPDATE_REPO=/home/user/builder-r4.0-dom0/$repo_basedir/current-testing/dom0/fc25 get-var GET_VAR=PACKAGE_LIST); \
2022-05-30 01:13:01.137244 +0000 build-fedora4: .if [ -z "$component_packages" ]; then \
2022-05-30 01:13:01.137251 +0000 build-fedora4: ..echo "no packages."; \
2022-05-30 01:13:01.137257 +0000 build-fedora4: ..exit 0; \
2022-05-30 01:13:01.137263 +0000 build-fedora4: .fi; \
2022-05-30 01:13:01.137271 +0000 build-fedora4: .make -s -f Makefile.generic DIST=fc25 PACKAGE_SET=dom0 \
2022-05-30 01:13:01.137280 +0000 build-fedora4: ..COMPONENT=`basename qubes-src/app-linux-split-gpg` \
2022-05-30 01:13:01.137287 +0000 build-fedora4: ..SNAPSHOT_REPO=current-testing \
2022-05-30 01:13:01.137294 +0000 build-fedora4: ..TARGET_REPO=current-testing \
2022-05-30 01:13:01.137304 +0000 build-fedora4: ..UPDATE_REPO=/home/user/builder-r4.0-dom0/$repo_basedir/current-testing/dom0/fc25 \
2022-05-30 01:13:01.137318 +0000 build-fedora4: ..SNAPSHOT_FILE=/home/user/builder-r4.0-dom0/repo-latest-snapshot/current-testing-dom0-fc25-`basename qubes-src/app-linux-split-gpg` \
2022-05-30 01:13:01.137329 +0000 build-fedora4: ..BUILD_LOG_URL=https://github.com/QubesOS/build-logs/tree/master/build-fedora4/log_2022-05-30_01-03-06 \
2022-05-30 01:13:01.137336 +0000 build-fedora4: ..update-repo || exit 1; \
2022-05-30 01:13:01.137348 +0000 build-fedora4: elif make -C qubes-src/app-linux-split-gpg -n update-repo-current-testing >/dev/null 2>/dev/null; then \
2022-05-30 01:13:01.137356 +0000 build-fedora4: .echo "Updating qubes-src/app-linux-split-gpg... "; \
2022-05-30 01:13:01.137367 +0000 build-fedora4: .DIST=fc25 UPDATE_REPO=/home/user/builder-r4.0-dom0/$repo_basedir/current-testing/dom0/fc25 \
2022-05-30 01:13:01.137377 +0000 build-fedora4: .make -s -C qubes-src/app-linux-split-gpg update-repo-current-testing || exit 1; \
2022-05-30 01:13:01.137382 +0000 build-fedora4: else \
2022-05-30 01:13:01.137391 +0000 build-fedora4: .echo -n "Updating qubes-src/app-linux-split-gpg... skipping."; \
2022-05-30 01:13:01.137397 +0000 build-fedora4: fi; \
2022-05-30 01:13:01.137402 +0000 build-fedora4: echo
2022-05-30 01:13:01.259473 +0000 build-fedora4: Updating qubes-src/app-linux-split-gpg... + ERR_OUTPUT=/dev/stderr
2022-05-30 01:13:01.260685 +0000 build-fedora4: + '[' 2 -lt 2 ']'
2022-05-30 01:13:01.260725 +0000 build-fedora4: ++ basename qubes-src/app-linux-split-gpg/rpm_spec/gpg-split-dom0.spec.in
2022-05-30 01:13:01.262274 +0000 build-fedora4: + [[ xgpg-split-dom0.spec.in == \x\.\i\n ]]
2022-05-30 01:13:01.263277 +0000 build-fedora4: + '[' -r qubes-src/app-linux-split-gpg/rpm_spec/gpg-split-dom0.spec.in ']'
2022-05-30 01:13:01.270332 +0000 build-fedora4: ++ mktemp --tmpdir tmp.XXXXXX.spec
2022-05-30 01:13:01.276937 +0000 build-fedora4: + tmp_spec=/tmp/tmp.rSsV8p.spec
2022-05-30 01:13:01.283222 +0000 build-fedora4: ++ dirname /home/user/builder-r4.0-dom0/qubes-src/builder-rpm/scripts/query-spec
2022-05-30 01:13:01.289256 +0000 build-fedora4: + /home/user/builder-r4.0-dom0/qubes-src/builder-rpm/scripts/generate-spec qubes-src/app-linux-split-gpg/rpm_spec/gpg-split-dom0.spec.in /tmp/tmp.rSsV8p.spec
2022-05-30 01:13:01.293861 +0000 build-fedora4: + '[' 2 -lt 2 ']'
2022-05-30 01:13:01.297405 +0000 build-fedora4: + '[' -z qubes-src/app-linux-split-gpg ']'
2022-05-30 01:13:01.297475 +0000 build-fedora4: + cp qubes-src/app-linux-split-gpg/rpm_spec/gpg-split-dom0.spec.in qubes-src/app-linux-split-gpg/rpm_spec/gpg-split-dom0.spec.in.tmp
2022-05-30 01:13:01.301581 +0000 build-fedora4: + read -r ver
2022-05-30 01:13:01.301618 +0000 build-fedora4: + '[' x = x ']'
2022-05-30 01:13:01.301632 +0000 build-fedora4: + sed -i 's|@VERSION@|2.0.60|g' qubes-src/app-linux-split-gpg/rpm_spec/gpg-split-dom0.spec.in.tmp
2022-05-30 01:13:01.308821 +0000 build-fedora4: + vnum=1
2022-05-30 01:13:01.308855 +0000 build-fedora4: + read -r ver
2022-05-30 01:13:01.308868 +0000 build-fedora4: + '[' -e qubes-src/app-linux-split-gpg/rel ']'
2022-05-30 01:13:01.308880 +0000 build-fedora4: + grep -q @REL@ qubes-src/app-linux-split-gpg/rpm_spec/gpg-split-dom0.spec.in.tmp
2022-05-30 01:13:01.311813 +0000 build-fedora4: + sed -i -e s:@BACKEND_VMM@:xen:g qubes-src/app-linux-split-gpg/rpm_spec/gpg-split-dom0.spec.in.tmp
2022-05-30 01:13:01.335900 +0000 build-fedora4: + grep -q @CHANGELOG@ qubes-src/app-linux-split-gpg/rpm_spec/gpg-split-dom0.spec.in.tmp
2022-05-30 01:13:01.354113 +0000 build-fedora4: ++ dirname /home/user/builder-r4.0-dom0/qubes-src/builder-rpm/scripts/generate-spec
2022-05-30 01:13:01.355294 +0000 build-fedora4: + /home/user/builder-r4.0-dom0/qubes-src/builder-rpm/scripts/generate-changelog qubes-src/app-linux-split-gpg qubes-src/app-linux-split-gpg/rpm_spec/gpg-split-dom0.spec.in.tmp
2022-05-30 01:13:02.250530 +0000 build-fedora4: + cat qubes-src/app-linux-split-gpg/rpm_spec/gpg-split-dom0.spec.in.tmp
2022-05-30 01:13:02.256284 +0000 build-fedora4: + rm -rf qubes-src/app-linux-split-gpg/rpm_spec/gpg-split-dom0.spec.in.tmp
2022-05-30 01:13:02.269617 +0000 build-fedora4: + '[' '%{SOURCE0}' = '%{SOURCE0}' ']'
2022-05-30 01:13:02.269660 +0000 build-fedora4: ++ dirname /home/user/builder-r4.0-dom0/qubes-src/builder-rpm/scripts/query-spec
2022-05-30 01:13:02.273222 +0000 build-fedora4: + /home/user/builder-r4.0-dom0/qubes-src/builder-rpm/scripts/../tools/spectool --list-files --source 0 /tmp/tmp.rSsV8p.spec
2022-05-30 01:13:02.601479 +0000 build-fedora4: + rm -f /tmp/tmp.rSsV8p.spec
2022-05-30 01:13:02.638539 +0000 build-fedora4: + ERR_OUTPUT=/dev/stderr
2022-05-30 01:13:02.638577 +0000 build-fedora4: + '[' 2 -lt 2 ']'
2022-05-30 01:13:02.639733 +0000 build-fedora4: ++ basename qubes-src/app-linux-split-gpg/rpm_spec/gpg-split-dom0.spec.in
2022-05-30 01:13:02.659739 +0000 build-fedora4: + [[ xgpg-split-dom0.spec.in == \x\.\i\n ]]
2022-05-30 01:13:02.659780 +0000 build-fedora4: + '[' -r qubes-src/app-linux-split-gpg/rpm_spec/gpg-split-dom0.spec.in ']'
2022-05-30 01:13:02.664011 +0000 build-fedora4: ++ mktemp --tmpdir tmp.XXXXXX.spec
2022-05-30 01:13:02.664617 +0000 build-fedora4: + tmp_spec=/tmp/tmp.IyVi8f.spec
2022-05-30 01:13:02.668184 +0000 build-fedora4: ++ dirname /home/user/builder-r4.0-dom0/qubes-src/builder-rpm/scripts/query-spec
2022-05-30 01:13:02.669250 +0000 build-fedora4: + /home/user/builder-r4.0-dom0/qubes-src/builder-rpm/scripts/generate-spec qubes-src/app-linux-split-gpg/rpm_spec/gpg-split-dom0.spec.in /tmp/tmp.IyVi8f.spec
2022-05-30 01:13:02.672685 +0000 build-fedora4: + '[' 2 -lt 2 ']'
2022-05-30 01:13:02.672722 +0000 build-fedora4: + '[' -z qubes-src/app-linux-split-gpg ']'
2022-05-30 01:13:02.672738 +0000 build-fedora4: + cp qubes-src/app-linux-split-gpg/rpm_spec/gpg-split-dom0.spec.in qubes-src/app-linux-split-gpg/rpm_spec/gpg-split-dom0.spec.in.tmp
2022-05-30 01:13:02.689960 +0000 build-fedora4: + read -r ver
2022-05-30 01:13:02.689997 +0000 build-fedora4: + '[' x = x ']'
2022-05-30 01:13:02.690011 +0000 build-fedora4: + sed -i 's|@VERSION@|2.0.60|g' qubes-src/app-linux-split-gpg/rpm_spec/gpg-split-dom0.spec.in.tmp
2022-05-30 01:13:02.698076 +0000 build-fedora4: + vnum=1
2022-05-30 01:13:02.698110 +0000 build-fedora4: + read -r ver
2022-05-30 01:13:02.698121 +0000 build-fedora4: + '[' -e qubes-src/app-linux-split-gpg/rel ']'
2022-05-30 01:13:02.698132 +0000 build-fedora4: + grep -q @REL@ qubes-src/app-linux-split-gpg/rpm_spec/gpg-split-dom0.spec.in.tmp
2022-05-30 01:13:02.722088 +0000 build-fedora4: + sed -i -e s:@BACKEND_VMM@:xen:g qubes-src/app-linux-split-gpg/rpm_spec/gpg-split-dom0.spec.in.tmp
2022-05-30 01:13:02.732765 +0000 build-fedora4: + grep -q @CHANGELOG@ qubes-src/app-linux-split-gpg/rpm_spec/gpg-split-dom0.spec.in.tmp
2022-05-30 01:13:02.735025 +0000 build-fedora4: ++ dirname /home/user/builder-r4.0-dom0/qubes-src/builder-rpm/scripts/generate-spec
2022-05-30 01:13:02.743718 +0000 build-fedora4: + /home/user/builder-r4.0-dom0/qubes-src/builder-rpm/scripts/generate-changelog qubes-src/app-linux-split-gpg qubes-src/app-linux-split-gpg/rpm_spec/gpg-split-dom0.spec.in.tmp
2022-05-30 01:13:03.997248 +0000 build-fedora4: + cat qubes-src/app-linux-split-gpg/rpm_spec/gpg-split-dom0.spec.in.tmp
2022-05-30 01:13:04.012727 +0000 build-fedora4: + rm -rf qubes-src/app-linux-split-gpg/rpm_spec/gpg-split-dom0.spec.in.tmp
2022-05-30 01:13:04.016144 +0000 build-fedora4: + '[' '%{SOURCE0}' = '%{SOURCE0}' ']'
2022-05-30 01:13:04.022798 +0000 build-fedora4: ++ dirname /home/user/builder-r4.0-dom0/qubes-src/builder-rpm/scripts/query-spec
2022-05-30 01:13:04.031414 +0000 build-fedora4: + /home/user/builder-r4.0-dom0/qubes-src/builder-rpm/scripts/../tools/spectool --list-files --source 0 /tmp/tmp.IyVi8f.spec
2022-05-30 01:13:04.363588 +0000 build-fedora4: + rm -f /tmp/tmp.IyVi8f.spec
2022-05-30 01:13:04.570595 +0000 build-fedora4: + ERR_OUTPUT=/dev/stderr
2022-05-30 01:13:04.570641 +0000 build-fedora4: + '[' 2 -lt 2 ']'
2022-05-30 01:13:04.571904 +0000 build-fedora4: ++ basename qubes-src/app-linux-split-gpg/rpm_spec/gpg-split-dom0.spec.in
2022-05-30 01:13:04.578474 +0000 build-fedora4: + [[ xgpg-split-dom0.spec.in == \x\.\i\n ]]
2022-05-30 01:13:04.578529 +0000 build-fedora4: + '[' -r qubes-src/app-linux-split-gpg/rpm_spec/gpg-split-dom0.spec.in ']'
2022-05-30 01:13:04.584494 +0000 build-fedora4: ++ mktemp --tmpdir tmp.XXXXXX.spec
2022-05-30 01:13:04.593061 +0000 build-fedora4: + tmp_spec=/tmp/tmp.OVMpHs.spec
2022-05-30 01:13:04.604831 +0000 build-fedora4: ++ dirname /home/user/builder-r4.0-dom0/qubes-src/builder-rpm/scripts/query-spec
2022-05-30 01:13:04.607140 +0000 build-fedora4: + /home/user/builder-r4.0-dom0/qubes-src/builder-rpm/scripts/generate-spec qubes-src/app-linux-split-gpg/rpm_spec/gpg-split-dom0.spec.in /tmp/tmp.OVMpHs.spec
2022-05-30 01:13:04.616300 +0000 build-fedora4: + '[' 2 -lt 2 ']'
2022-05-30 01:13:04.616338 +0000 build-fedora4: + '[' -z qubes-src/app-linux-split-gpg ']'
2022-05-30 01:13:04.616355 +0000 build-fedora4: + cp qubes-src/app-linux-split-gpg/rpm_spec/gpg-split-dom0.spec.in qubes-src/app-linux-split-gpg/rpm_spec/gpg-split-dom0.spec.in.tmp
2022-05-30 01:13:04.620273 +0000 build-fedora4: + read -r ver
2022-05-30 01:13:04.620307 +0000 build-fedora4: + '[' x = x ']'
2022-05-30 01:13:04.620411 +0000 build-fedora4: + sed -i 's|@VERSION@|2.0.60|g' qubes-src/app-linux-split-gpg/rpm_spec/gpg-split-dom0.spec.in.tmp
2022-05-30 01:13:04.638355 +0000 build-fedora4: + vnum=1
2022-05-30 01:13:04.638391 +0000 build-fedora4: + read -r ver
2022-05-30 01:13:04.638402 +0000 build-fedora4: + '[' -e qubes-src/app-linux-split-gpg/rel ']'
2022-05-30 01:13:04.638416 +0000 build-fedora4: + grep -q @REL@ qubes-src/app-linux-split-gpg/rpm_spec/gpg-split-dom0.spec.in.tmp
2022-05-30 01:13:04.644079 +0000 build-fedora4: + sed -i -e s:@BACKEND_VMM@:xen:g qubes-src/app-linux-split-gpg/rpm_spec/gpg-split-dom0.spec.in.tmp
2022-05-30 01:13:04.684121 +0000 build-fedora4: + grep -q @CHANGELOG@ qubes-src/app-linux-split-gpg/rpm_spec/gpg-split-dom0.spec.in.tmp
2022-05-30 01:13:04.703284 +0000 build-fedora4: ++ dirname /home/user/builder-r4.0-dom0/qubes-src/builder-rpm/scripts/generate-spec
2022-05-30 01:13:04.715003 +0000 build-fedora4: + /home/user/builder-r4.0-dom0/qubes-src/builder-rpm/scripts/generate-changelog qubes-src/app-linux-split-gpg qubes-src/app-linux-split-gpg/rpm_spec/gpg-split-dom0.spec.in.tmp
2022-05-30 01:13:06.005257 +0000 build-fedora4: + cat qubes-src/app-linux-split-gpg/rpm_spec/gpg-split-dom0.spec.in.tmp
2022-05-30 01:13:06.044960 +0000 build-fedora4: + rm -rf qubes-src/app-linux-split-gpg/rpm_spec/gpg-split-dom0.spec.in.tmp
2022-05-30 01:13:06.046057 +0000 build-fedora4: + '[' '%{SOURCE0}' = '%{SOURCE0}' ']'
2022-05-30 01:13:06.047509 +0000 build-fedora4: ++ dirname /home/user/builder-r4.0-dom0/qubes-src/builder-rpm/scripts/query-spec
2022-05-30 01:13:06.048561 +0000 build-fedora4: + /home/user/builder-r4.0-dom0/qubes-src/builder-rpm/scripts/../tools/spectool --list-files --source 0 /tmp/tmp.OVMpHs.spec
2022-05-30 01:13:06.339638 +0000 build-fedora4: + rm -f /tmp/tmp.OVMpHs.spec
2022-05-30 01:13:06.435111 +0000 build-fedora4: /home/user/builder-r4.0-dom0/qubes-src/builder-rpm/Makefile.rpmbuilder:176: target 'update-repo-do' does not exist
2022-05-30 01:13:06.435158 +0000 build-fedora4: mkdir -p /home/user/builder-r4.0-dom0/qubes-src/linux-yum/r4.0/current-testing/dom0/fc25/rpm
2022-05-30 01:13:06.550127 +0000 build-fedora4: + ERR_OUTPUT=/dev/stderr
2022-05-30 01:13:06.550261 +0000 build-fedora4: + '[' 2 -lt 2 ']'
2022-05-30 01:13:06.561483 +0000 build-fedora4: ++ basename qubes-src/app-linux-split-gpg/rpm_spec/gpg-split-dom0.spec.in
2022-05-30 01:13:06.562970 +0000 build-fedora4: + [[ xgpg-split-dom0.spec.in == \x\.\i\n ]]
2022-05-30 01:13:06.563006 +0000 build-fedora4: + '[' -r qubes-src/app-linux-split-gpg/rpm_spec/gpg-split-dom0.spec.in ']'
2022-05-30 01:13:06.566900 +0000 build-fedora4: ++ mktemp --tmpdir tmp.XXXXXX.spec
2022-05-30 01:13:06.570169 +0000 build-fedora4: + tmp_spec=/tmp/tmp.zpQuQY.spec
2022-05-30 01:13:06.571542 +0000 build-fedora4: ++ dirname /home/user/builder-r4.0-dom0/qubes-src/builder-rpm/scripts/query-spec
2022-05-30 01:13:06.572699 +0000 build-fedora4: + /home/user/builder-r4.0-dom0/qubes-src/builder-rpm/scripts/generate-spec qubes-src/app-linux-split-gpg/rpm_spec/gpg-split-dom0.spec.in /tmp/tmp.zpQuQY.spec
2022-05-30 01:13:06.573932 +0000 build-fedora4: + '[' 2 -lt 2 ']'
2022-05-30 01:13:06.573963 +0000 build-fedora4: + '[' -z qubes-src/app-linux-split-gpg ']'
2022-05-30 01:13:06.573978 +0000 build-fedora4: + cp qubes-src/app-linux-split-gpg/rpm_spec/gpg-split-dom0.spec.in qubes-src/app-linux-split-gpg/rpm_spec/gpg-split-dom0.spec.in.tmp
2022-05-30 01:13:06.575182 +0000 build-fedora4: + read -r ver
2022-05-30 01:13:06.575212 +0000 build-fedora4: + '[' x = x ']'
2022-05-30 01:13:06.575225 +0000 build-fedora4: + sed -i 's|@VERSION@|2.0.60|g' qubes-src/app-linux-split-gpg/rpm_spec/gpg-split-dom0.spec.in.tmp
2022-05-30 01:13:06.577769 +0000 build-fedora4: + vnum=1
2022-05-30 01:13:06.577806 +0000 build-fedora4: + read -r ver
2022-05-30 01:13:06.577816 +0000 build-fedora4: + '[' -e qubes-src/app-linux-split-gpg/rel ']'
2022-05-30 01:13:06.577827 +0000 build-fedora4: + grep -q @REL@ qubes-src/app-linux-split-gpg/rpm_spec/gpg-split-dom0.spec.in.tmp
2022-05-30 01:13:06.578458 +0000 build-fedora4: + sed -i -e s:@BACKEND_VMM@:xen:g qubes-src/app-linux-split-gpg/rpm_spec/gpg-split-dom0.spec.in.tmp
2022-05-30 01:13:06.580927 +0000 build-fedora4: + grep -q @CHANGELOG@ qubes-src/app-linux-split-gpg/rpm_spec/gpg-split-dom0.spec.in.tmp
2022-05-30 01:13:06.588551 +0000 build-fedora4: ++ dirname /home/user/builder-r4.0-dom0/qubes-src/builder-rpm/scripts/generate-spec
2022-05-30 01:13:06.589879 +0000 build-fedora4: + /home/user/builder-r4.0-dom0/qubes-src/builder-rpm/scripts/generate-changelog qubes-src/app-linux-split-gpg qubes-src/app-linux-split-gpg/rpm_spec/gpg-split-dom0.spec.in.tmp
2022-05-30 01:13:07.762360 +0000 build-fedora4: + cat qubes-src/app-linux-split-gpg/rpm_spec/gpg-split-dom0.spec.in.tmp
2022-05-30 01:13:07.765776 +0000 build-fedora4: + rm -rf qubes-src/app-linux-split-gpg/rpm_spec/gpg-split-dom0.spec.in.tmp
2022-05-30 01:13:07.771593 +0000 build-fedora4: + '[' '%{SOURCE0}' = '%{SOURCE0}' ']'
2022-05-30 01:13:07.774075 +0000 build-fedora4: ++ dirname /home/user/builder-r4.0-dom0/qubes-src/builder-rpm/scripts/query-spec
2022-05-30 01:13:07.781312 +0000 build-fedora4: + /home/user/builder-r4.0-dom0/qubes-src/builder-rpm/scripts/../tools/spectool --list-files --source 0 /tmp/tmp.zpQuQY.spec
2022-05-30 01:13:08.004845 +0000 build-fedora4: + rm -f /tmp/tmp.zpQuQY.spec
2022-05-30 01:13:08.055831 +0000 build-fedora4: if [ -n "pkgs/dom0-fc25/qubes-gpg-split-dom0-2.0.60-1.fc25.src.rpm pkgs/dom0-fc25/qubes-gpg-split-dom0-2.0.60-1.fc25.x86_64.rpm pkgs/dom0-fc25/qubes-gpg-split-dom0-2.0.60-1.fc25.x86_64.buildinfo" ]; then \
2022-05-30 01:13:08.055897 +0000 build-fedora4: .cd qubes-src/app-linux-split-gpg && ln -f pkgs/dom0-fc25/qubes-gpg-split-dom0-2.0.60-1.fc25.src.rpm pkgs/dom0-fc25/qubes-gpg-split-dom0-2.0.60-1.fc25.x86_64.rpm pkgs/dom0-fc25/qubes-gpg-split-dom0-2.0.60-1.fc25.x86_64.buildinfo  /home/user/builder-r4.0-dom0/qubes-src/linux-yum/r4.0/current-testing/dom0/fc25/rpm/; \
2022-05-30 01:13:08.055907 +0000 build-fedora4: else \
2022-05-30 01:13:08.055921 +0000 build-fedora4: .echo "`tput bold`No packages defined by rpm_spec/gpg-split-dom0.spec, syntax error?`tput sgr0`"; \
2022-05-30 01:13:08.055928 +0000 build-fedora4: .exit 1; \
2022-05-30 01:13:08.055933 +0000 build-fedora4: fi
2022-05-30 01:13:08.088791 +0000 build-fedora4: cd qubes-src/app-linux-split-gpg && echo pkgs/dom0-fc25/qubes-gpg-split-dom0-2.0.60-1.fc25.src.rpm pkgs/dom0-fc25/qubes-gpg-split-dom0-2.0.60-1.fc25.x86_64.rpm pkgs/dom0-fc25/qubes-gpg-split-dom0-2.0.60-1.fc25.x86_64.buildinfo  > /home/user/builder-r4.0-dom0/repo-latest-snapshot/current-testing-dom0-fc25-app-linux-split-gpg
2022-05-30 01:13:08.148196 +0000 build-fedora4: /home/user/builder-r4.0-dom0/qubes-src/builder-github//Makefile.github:18: target 'notify-github' does not exist
2022-05-30 01:13:08.148244 +0000 build-fedora4: [ -z "qubes-gpg-split-dom0-2.0.60-1.fc25" ] || /home/user/builder-r4.0-dom0/qubes-src/builder-github//notify-issues \
2022-05-30 01:13:08.148259 +0000 build-fedora4: .--build-log="https://github.com/QubesOS/build-logs/tree/master/build-fedora4/log_2022-05-30_01-03-06" \
2022-05-30 01:13:08.148267 +0000 build-fedora4: .upload \
2022-05-30 01:13:08.148274 +0000 build-fedora4: ."r4.0" \
2022-05-30 01:13:08.148281 +0000 build-fedora4: ."qubes-src/app-linux-split-gpg" \
2022-05-30 01:13:08.148289 +0000 build-fedora4: ."qubes-gpg-split-dom0-2.0.60-1.fc25" \
2022-05-30 01:13:08.148295 +0000 build-fedora4: ."fc25" \
2022-05-30 01:13:08.148300 +0000 build-fedora4: ."dom0" \
2022-05-30 01:13:08.148307 +0000 build-fedora4: ."current-testing" \
2022-05-30 01:13:08.148317 +0000 build-fedora4: ."/home/user/github-notify-state/r4.0-app-linux-split-gpg-dom0-fc25-current-testing" \
2022-05-30 01:13:08.148327 +0000 build-fedora4: ."/home/user/github-notify-state/r4.0-app-linux-split-gpg-dom0-fc25-current"
2022-05-30 01:13:08.243935 +0000 build-fedora4: + ERR_OUTPUT=/dev/stderr
2022-05-30 01:13:08.243977 +0000 build-fedora4: + '[' 2 -lt 2 ']'
2022-05-30 01:13:08.248614 +0000 build-fedora4: ++ basename qubes-src/app-linux-split-gpg/rpm_spec/gpg-split-dom0.spec.in
2022-05-30 01:13:08.250893 +0000 build-fedora4: + [[ xgpg-split-dom0.spec.in == \x\.\i\n ]]
2022-05-30 01:13:08.253241 +0000 build-fedora4: + '[' -r qubes-src/app-linux-split-gpg/rpm_spec/gpg-split-dom0.spec.in ']'
2022-05-30 01:13:08.259346 +0000 build-fedora4: ++ mktemp --tmpdir tmp.XXXXXX.spec
2022-05-30 01:13:08.265252 +0000 build-fedora4: + tmp_spec=/tmp/tmp.zDUcWK.spec
2022-05-30 01:13:08.266912 +0000 build-fedora4: ++ dirname /home/user/builder-r4.0-dom0/qubes-src/builder-rpm/scripts/query-spec
2022-05-30 01:13:08.269425 +0000 build-fedora4: + /home/user/builder-r4.0-dom0/qubes-src/builder-rpm/scripts/generate-spec qubes-src/app-linux-split-gpg/rpm_spec/gpg-split-dom0.spec.in /tmp/tmp.zDUcWK.spec
2022-05-30 01:13:08.274597 +0000 build-fedora4: + '[' 2 -lt 2 ']'
2022-05-30 01:13:08.274633 +0000 build-fedora4: + '[' -z qubes-src/app-linux-split-gpg ']'
2022-05-30 01:13:08.274650 +0000 build-fedora4: + cp qubes-src/app-linux-split-gpg/rpm_spec/gpg-split-dom0.spec.in qubes-src/app-linux-split-gpg/rpm_spec/gpg-split-dom0.spec.in.tmp
2022-05-30 01:13:08.279126 +0000 build-fedora4: + read -r ver
2022-05-30 01:13:08.279160 +0000 build-fedora4: + '[' x = x ']'
2022-05-30 01:13:08.279174 +0000 build-fedora4: + sed -i 's|@VERSION@|2.0.60|g' qubes-src/app-linux-split-gpg/rpm_spec/gpg-split-dom0.spec.in.tmp
2022-05-30 01:13:08.287837 +0000 build-fedora4: + vnum=1
2022-05-30 01:13:08.287875 +0000 build-fedora4: + read -r ver
2022-05-30 01:13:08.287887 +0000 build-fedora4: + '[' -e qubes-src/app-linux-split-gpg/rel ']'
2022-05-30 01:13:08.287898 +0000 build-fedora4: + grep -q @REL@ qubes-src/app-linux-split-gpg/rpm_spec/gpg-split-dom0.spec.in.tmp
2022-05-30 01:13:08.298462 +0000 build-fedora4: + sed -i -e s:@BACKEND_VMM@:xen:g qubes-src/app-linux-split-gpg/rpm_spec/gpg-split-dom0.spec.in.tmp
2022-05-30 01:13:08.303646 +0000 build-fedora4: + grep -q @CHANGELOG@ qubes-src/app-linux-split-gpg/rpm_spec/gpg-split-dom0.spec.in.tmp
2022-05-30 01:13:08.305507 +0000 build-fedora4: ++ dirname /home/user/builder-r4.0-dom0/qubes-src/builder-rpm/scripts/generate-spec
2022-05-30 01:13:08.306797 +0000 build-fedora4: + /home/user/builder-r4.0-dom0/qubes-src/builder-rpm/scripts/generate-changelog qubes-src/app-linux-split-gpg qubes-src/app-linux-split-gpg/rpm_spec/gpg-split-dom0.spec.in.tmp
2022-05-30 01:13:09.017279 +0000 build-fedora4: + cat qubes-src/app-linux-split-gpg/rpm_spec/gpg-split-dom0.spec.in.tmp
2022-05-30 01:13:09.036874 +0000 build-fedora4: + rm -rf qubes-src/app-linux-split-gpg/rpm_spec/gpg-split-dom0.spec.in.tmp
2022-05-30 01:13:09.045370 +0000 build-fedora4: + '[' '%{SOURCE0}' = '%{SOURCE0}' ']'
2022-05-30 01:13:09.045580 +0000 build-fedora4: ++ dirname /home/user/builder-r4.0-dom0/qubes-src/builder-rpm/scripts/query-spec
2022-05-30 01:13:09.048527 +0000 build-fedora4: + /home/user/builder-r4.0-dom0/qubes-src/builder-rpm/scripts/../tools/spectool --list-files --source 0 /tmp/tmp.zDUcWK.spec
2022-05-30 01:13:09.225928 +0000 build-fedora4: + rm -f /tmp/tmp.zDUcWK.spec
2022-05-30 01:13:10.408452 +0000 build-fedora4: Traceback (most recent call last):
2022-05-30 01:13:10.408520 +0000 build-fedora4:   File "/usr/lib/python3.9/site-packages/urllib3/connection.py", line 159, in _new_conn
2022-05-30 01:13:10.409514 +0000 build-fedora4:     conn = connection.create_connection(
2022-05-30 01:13:10.409569 +0000 build-fedora4:   File "/usr/lib/python3.9/site-packages/urllib3/util/connection.py", line 61, in create_connection
2022-05-30 01:13:10.410744 +0000 build-fedora4:     for res in socket.getaddrinfo(host, port, family, socket.SOCK_STREAM):
2022-05-30 01:13:10.410780 +0000 build-fedora4:   File "/usr/lib64/python3.9/socket.py", line 954, in getaddrinfo
2022-05-30 01:13:10.418819 +0000 build-fedora4:     for res in _socket.getaddrinfo(host, port, family, type, proto, flags):
2022-05-30 01:13:10.418858 +0000 build-fedora4: socket.gaierror: [Errno -2] Name or service not known
2022-05-30 01:13:10.418869 +0000 build-fedora4: 
2022-05-30 01:13:10.418880 +0000 build-fedora4: During handling of the above exception, another exception occurred:
2022-05-30 01:13:10.418886 +0000 build-fedora4: 
2022-05-30 01:13:10.418893 +0000 build-fedora4: Traceback (most recent call last):
2022-05-30 01:13:10.418904 +0000 build-fedora4:   File "/usr/lib/python3.9/site-packages/urllib3/connectionpool.py", line 670, in urlopen
2022-05-30 01:13:10.422418 +0000 build-fedora4:     httplib_response = self._make_request(
2022-05-30 01:13:10.422476 +0000 build-fedora4:   File "/usr/lib/python3.9/site-packages/urllib3/connectionpool.py", line 381, in _make_request
2022-05-30 01:13:10.422504 +0000 build-fedora4:     self._validate_conn(conn)
2022-05-30 01:13:10.422518 +0000 build-fedora4:   File "/usr/lib/python3.9/site-packages/urllib3/connectionpool.py", line 978, in _validate_conn
2022-05-30 01:13:10.422526 +0000 build-fedora4:     conn.connect()
2022-05-30 01:13:10.422537 +0000 build-fedora4:   File "/usr/lib/python3.9/site-packages/urllib3/connection.py", line 309, in connect
2022-05-30 01:13:10.422545 +0000 build-fedora4:     conn = self._new_conn()
2022-05-30 01:13:10.422556 +0000 build-fedora4:   File "/usr/lib/python3.9/site-packages/urllib3/connection.py", line 171, in _new_conn
2022-05-30 01:13:10.422563 +0000 build-fedora4:     raise NewConnectionError(
2022-05-30 01:13:10.422580 +0000 build-fedora4: urllib3.exceptions.NewConnectionError: <urllib3.connection.HTTPSConnection object at 0x7616dccbe640>: Failed to establish a new connection: [Errno -2] Name or service not known
2022-05-30 01:13:10.422587 +0000 build-fedora4: 
2022-05-30 01:13:10.422597 +0000 build-fedora4: During handling of the above exception, another exception occurred:
2022-05-30 01:13:10.422603 +0000 build-fedora4: 
2022-05-30 01:13:10.422610 +0000 build-fedora4: Traceback (most recent call last):
2022-05-30 01:13:10.422621 +0000 build-fedora4:   File "/usr/lib/python3.9/site-packages/requests/adapters.py", line 439, in send
2022-05-30 01:13:10.428168 +0000 build-fedora4:     resp = conn.urlopen(
2022-05-30 01:13:10.428208 +0000 build-fedora4:   File "/usr/lib/python3.9/site-packages/urllib3/connectionpool.py", line 726, in urlopen
2022-05-30 01:13:10.428218 +0000 build-fedora4:     retries = retries.increment(
2022-05-30 01:13:10.428229 +0000 build-fedora4:   File "/usr/lib/python3.9/site-packages/urllib3/util/retry.py", line 439, in increment
2022-05-30 01:13:10.429683 +0000 build-fedora4:     raise MaxRetryError(_pool, url, error or ResponseError(cause))
2022-05-30 01:13:10.429741 +0000 build-fedora4: urllib3.exceptions.MaxRetryError: HTTPSConnectionPool(host='api.github.com', port=443): Max retries exceeded with url: /search/issues?q=repo:QubesOS/updates-status+%22app-linux-split-gpg%20v2.0.60%20(r4.0)%22&sort=created (Caused by NewConnectionError('<urllib3.connection.HTTPSConnection object at 0x7616dccbe640>: Failed to establish a new connection: [Errno -2] Name or service not known'))
2022-05-30 01:13:10.429751 +0000 build-fedora4: 
2022-05-30 01:13:10.429762 +0000 build-fedora4: During handling of the above exception, another exception occurred:
2022-05-30 01:13:10.429768 +0000 build-fedora4: 
2022-05-30 01:13:10.429775 +0000 build-fedora4: Traceback (most recent call last):
2022-05-30 01:13:10.429786 +0000 build-fedora4:   File "/home/user/builder-r4.0-dom0/qubes-src/builder-github//notify-issues", line 532, in <module>
2022-05-30 01:13:10.431628 +0000 build-fedora4:     main()
2022-05-30 01:13:10.431687 +0000 build-fedora4:   File "/home/user/builder-r4.0-dom0/qubes-src/builder-github//notify-issues", line 527, in main
2022-05-30 01:13:10.431701 +0000 build-fedora4:     notify_build_report(args, dist_label, repo_type, current_commit,
2022-05-30 01:13:10.431714 +0000 build-fedora4:   File "/home/user/builder-r4.0-dom0/qubes-src/builder-github//notify-issues", line 392, in notify_build_report
2022-05-30 01:13:10.431723 +0000 build-fedora4:     report_issue_no = search_or_create_issue(
2022-05-30 01:13:10.431736 +0000 build-fedora4:   File "/home/user/builder-r4.0-dom0/qubes-src/builder-github//notify-issues", line 128, in search_or_create_issue
2022-05-30 01:13:10.431745 +0000 build-fedora4:     resp = requests.get(search_url, headers=auth_headers)
2022-05-30 01:13:10.431755 +0000 build-fedora4:   File "/usr/lib/python3.9/site-packages/requests/api.py", line 76, in get
2022-05-30 01:13:10.431763 +0000 build-fedora4:     return request('get', url, params=params, **kwargs)
2022-05-30 01:13:10.431773 +0000 build-fedora4:   File "/usr/lib/python3.9/site-packages/requests/api.py", line 61, in request
2022-05-30 01:13:10.431795 +0000 build-fedora4:     return session.request(method=method, url=url, **kwargs)
2022-05-30 01:13:10.431806 +0000 build-fedora4:   File "/usr/lib/python3.9/site-packages/requests/sessions.py", line 542, in request
2022-05-30 01:13:10.439035 +0000 build-fedora4:     resp = self.send(prep, **send_kwargs)
2022-05-30 01:13:10.439074 +0000 build-fedora4:   File "/usr/lib/python3.9/site-packages/requests/sessions.py", line 655, in send
2022-05-30 01:13:10.439085 +0000 build-fedora4:     r = adapter.send(request, **kwargs)
2022-05-30 01:13:10.439096 +0000 build-fedora4:   File "/usr/lib/python3.9/site-packages/requests/adapters.py", line 516, in send
2022-05-30 01:13:10.439104 +0000 build-fedora4:     raise ConnectionError(e, request=request)
2022-05-30 01:13:10.439134 +0000 build-fedora4: requests.exceptions.ConnectionError: HTTPSConnectionPool(host='api.github.com', port=443): Max retries exceeded with url: /search/issues?q=repo:QubesOS/updates-status+%22app-linux-split-gpg%20v2.0.60%20(r4.0)%22&sort=created (Caused by NewConnectionError('<urllib3.connection.HTTPSConnection object at 0x7616dccbe640>: Failed to establish a new connection: [Errno -2] Name or service not known'))
2022-05-30 01:13:10.518650 +0000 build-fedora4: make[1]: *** [/home/user/builder-r4.0-dom0/qubes-src/builder-github//Makefile.github:18: notify-github] Error 1
2022-05-30 01:13:10.519660 +0000 build-fedora4: make: *** [Makefile:863: internal-update-repo-current-testing.dom0.fc25.app-linux-split-gpg] Error 1
2022-05-30 01:13:10.519696 +0000 > closing log
