2020-10-10 04:35:29.746738 +0000 > starting log
2020-10-10 04:35:29.747253 +0000 build-fedora4: > starting build with log
2020-10-10 04:35:29.747273 +0000 build-fedora4: >> make args: update-repo-current
2020-10-10 04:35:29.747285 +0000 build-fedora4: >> MAKEFLAGS=
2020-10-10 04:35:29.747296 +0000 build-fedora4: >> COMPONENTS=python-u2flib-host
2020-10-10 04:35:29.747306 +0000 build-fedora4: >> DISTS_VM=fc29 fc30 fc31 fc32
2020-10-10 04:35:29.747315 +0000 build-fedora4: >> DIST_DOM0=
2020-10-10 04:35:29.747327 +0000 build-fedora4: >> qubes-builder caade35959ee6e68fa87d0aa8be1d0a9a01a9bdf
2020-10-10 04:35:29.774245 +0000 build-fedora4: >> qubes-builder/qubes-src/python-u2flib-host df168274b6feb562a29d73891c48f0b6bb455b85
2020-10-10 04:35:29.867147 +0000 build-fedora4: !! pkgs/vm-fc26/python-u2flib-host-3.0.3-2.fc26.src.rpm
2020-10-10 04:35:29.867237 +0000 build-fedora4: !! pkgs/vm-fc26/python3-u2flib-host-3.0.3-2.fc26.noarch.rpm
2020-10-10 04:35:29.867255 +0000 build-fedora4: !! pkgs/vm-fc26/python3-u2flib-host.spec.list
2020-10-10 04:35:29.867268 +0000 build-fedora4: !! pkgs/vm-fc27/python-u2flib-host-3.0.3-3.fc27.src.rpm
2020-10-10 04:35:29.867281 +0000 build-fedora4: !! pkgs/vm-fc27/python-u2flib-host-3.0.3-3.fc27.x86_64.buildinfo
2020-10-10 04:35:29.867293 +0000 build-fedora4: !! pkgs/vm-fc27/python3-u2flib-host-3.0.3-3.fc27.noarch.rpm
2020-10-10 04:35:29.867303 +0000 build-fedora4: !! pkgs/vm-fc27/python3-u2flib-host.spec.list
2020-10-10 04:35:29.867318 +0000 build-fedora4: !! pkgs/vm-fc28/python-u2flib-host-3.0.3-3.fc28.src.rpm
2020-10-10 04:35:29.867330 +0000 build-fedora4: !! pkgs/vm-fc28/python-u2flib-host-3.0.3-3.fc28.x86_64.buildinfo
2020-10-10 04:35:29.867342 +0000 build-fedora4: !! pkgs/vm-fc28/python3-u2flib-host-3.0.3-3.fc28.noarch.rpm
2020-10-10 04:35:29.867352 +0000 build-fedora4: !! pkgs/vm-fc28/python3-u2flib-host.spec.list
2020-10-10 04:35:29.867364 +0000 build-fedora4: !! pkgs/vm-fc29/python-u2flib-host-3.0.3-3.fc29.x86_64.buildinfo
2020-10-10 04:35:29.867376 +0000 build-fedora4: !! pkgs/vm-fc29/python-u2flib-host-3.0.3-4.fc29.x86_64.buildinfo
2020-10-10 04:35:29.867388 +0000 build-fedora4: !! pkgs/vm-fc29/python-u2flib-host-3.0.3-5.fc29.x86_64.buildinfo
2020-10-10 04:35:29.867399 +0000 build-fedora4: !! pkgs/vm-fc29/python-u2flib-host-3.0.3-6.fc29.src.rpm
2020-10-10 04:35:29.867411 +0000 build-fedora4: !! pkgs/vm-fc29/python-u2flib-host-3.0.3-6.fc29.x86_64.buildinfo
2020-10-10 04:35:29.867422 +0000 build-fedora4: !! pkgs/vm-fc29/python3-u2flib-host-3.0.3-6.fc29.noarch.rpm
2020-10-10 04:35:29.867432 +0000 build-fedora4: !! pkgs/vm-fc29/python3-u2flib-host.spec.list
2020-10-10 04:35:29.867444 +0000 build-fedora4: !! pkgs/vm-fc30/python-u2flib-host-3.0.3-2.fc30.x86_64.buildinfo
2020-10-10 04:35:29.867456 +0000 build-fedora4: !! pkgs/vm-fc30/python-u2flib-host-3.0.3-3.fc30.x86_64.buildinfo
2020-10-10 04:35:29.867468 +0000 build-fedora4: !! pkgs/vm-fc30/python-u2flib-host-3.0.3-4.fc30.x86_64.buildinfo
2020-10-10 04:35:29.867479 +0000 build-fedora4: !! pkgs/vm-fc30/python-u2flib-host-3.0.3-5.fc30.x86_64.buildinfo
2020-10-10 04:35:29.867490 +0000 build-fedora4: !! pkgs/vm-fc30/python-u2flib-host-3.0.3-6.fc30.src.rpm
2020-10-10 04:35:29.867502 +0000 build-fedora4: !! pkgs/vm-fc30/python-u2flib-host-3.0.3-6.fc30.x86_64.buildinfo
2020-10-10 04:35:29.867514 +0000 build-fedora4: !! pkgs/vm-fc30/python3-u2flib-host-3.0.3-6.fc30.noarch.rpm
2020-10-10 04:35:29.867524 +0000 build-fedora4: !! pkgs/vm-fc30/python3-u2flib-host.spec.list
2020-10-10 04:35:29.867536 +0000 build-fedora4: !! pkgs/vm-fc31/python-u2flib-host-3.0.3-3.fc31.x86_64.buildinfo
2020-10-10 04:35:29.867547 +0000 build-fedora4: !! pkgs/vm-fc31/python-u2flib-host-3.0.3-4.fc31.x86_64.buildinfo
2020-10-10 04:35:29.867559 +0000 build-fedora4: !! pkgs/vm-fc31/python-u2flib-host-3.0.3-5.fc31.x86_64.buildinfo
2020-10-10 04:35:29.867570 +0000 build-fedora4: !! pkgs/vm-fc31/python-u2flib-host-3.0.3-6.fc31.src.rpm
2020-10-10 04:35:29.867582 +0000 build-fedora4: !! pkgs/vm-fc31/python-u2flib-host-3.0.3-6.fc31.x86_64.buildinfo
2020-10-10 04:35:29.867593 +0000 build-fedora4: !! pkgs/vm-fc31/python3-u2flib-host-3.0.3-6.fc31.noarch.rpm
2020-10-10 04:35:29.867620 +0000 build-fedora4: !! pkgs/vm-fc31/python3-u2flib-host.spec.list
2020-10-10 04:35:29.867633 +0000 build-fedora4: !! pkgs/vm-fc32/python-u2flib-host-3.0.3-3.fc32.x86_64.buildinfo
2020-10-10 04:35:29.867645 +0000 build-fedora4: !! pkgs/vm-fc32/python-u2flib-host-3.0.3-4.fc32.x86_64.buildinfo
2020-10-10 04:35:29.867657 +0000 build-fedora4: !! pkgs/vm-fc32/python-u2flib-host-3.0.3-5.fc32.x86_64.buildinfo
2020-10-10 04:35:29.867668 +0000 build-fedora4: !! pkgs/vm-fc32/python-u2flib-host-3.0.3-6.fc32.src.rpm
2020-10-10 04:35:29.867680 +0000 build-fedora4: !! pkgs/vm-fc32/python-u2flib-host-3.0.3-6.fc32.x86_64.buildinfo
2020-10-10 04:35:29.867691 +0000 build-fedora4: !! pkgs/vm-fc32/python3-u2flib-host-3.0.3-6.fc32.noarch.rpm
2020-10-10 04:35:29.867701 +0000 build-fedora4: !! pkgs/vm-fc32/python3-u2flib-host.spec.list
2020-10-10 04:35:29.867711 +0000 build-fedora4: !! python-u2flib-host-3.0.3.tar.gz
2020-10-10 04:35:29.877866 +0000 build-fedora4: 21e8d31f8dbc92a19e66513f37220ea5d45728915514304fa657162179c00ccac3375b220ce5849a81a2960ad11f953db39cc8154a501bcfc44b1809737549db  pkgs/vm-fc26/python-u2flib-host-3.0.3-2.fc26.src.rpm
2020-10-10 04:35:29.879283 +0000 build-fedora4: 2377bcd5d4454a450aa2f716a9f8bde29123fe71cc071121a9e8e45dce4418fae0055cba9b9031373c2ec74f4642507fd66f306a83b2324916e03c068213f174  pkgs/vm-fc26/python3-u2flib-host-3.0.3-2.fc26.noarch.rpm
2020-10-10 04:35:29.883397 +0000 build-fedora4: a96eee84f551d1e552b4e7ee2b8032e5ab5b6892353c8953eb6fc18ef6c78f05ecaf95d7b063c8fab3fc4173bbf0c1eaebb17d38a8dee7eb815dc222ed02918e  pkgs/vm-fc26/python3-u2flib-host.spec.list
2020-10-10 04:35:29.884908 +0000 build-fedora4: e15160375b23858ac4290300d18d8364e490045299b7e1222cd62f43493fb643408c82351da91e05451dc0ceb461f75c3a833cacfe5047f76d087ce251b2ee0c  pkgs/vm-fc27/python-u2flib-host-3.0.3-3.fc27.src.rpm
2020-10-10 04:35:29.887545 +0000 build-fedora4: 20d729c0f16caac7839f7a06d1ed12bc8fdaa860de11143932dd5eb2d3445dfa02befb3ee88dcd4b1c310f3439429ed8f3938175f41ccd216646dcf94508ba36  pkgs/vm-fc27/python-u2flib-host-3.0.3-3.fc27.x86_64.buildinfo
2020-10-10 04:35:29.889405 +0000 build-fedora4: ec2bb9fc0af0bbbfe9151b3dad5a5e36a1cef28316bfcf5e61ee60c131e717f1958a6eb22e0d9a0beb45ea8854ad499206362c9c2c7a356ec690a25c2024c671  pkgs/vm-fc27/python3-u2flib-host-3.0.3-3.fc27.noarch.rpm
2020-10-10 04:35:29.894634 +0000 build-fedora4: 6dad8270951fb2efead7179bba11f9581ea9588ae268fd80b33f2391ef576b6ffd4edbd313ed193a3268737f27087aefae4a0de2fba9fd2ca53ac05a17dff446  pkgs/vm-fc27/python3-u2flib-host.spec.list
2020-10-10 04:35:29.896060 +0000 build-fedora4: 585a7964d0ddd52f3311db883bd9c4befbf7aa58efed071159a710fa3ad93dafb2691853370ddd5a3cda4b7bf0f0ce0cfe44a82c297ab2697a087abad62181b6  pkgs/vm-fc28/python-u2flib-host-3.0.3-3.fc28.src.rpm
2020-10-10 04:35:29.897455 +0000 build-fedora4: e1e78ffa2de996d83759f6f165eb55689d44293455c74e4b3394ac2215b9f6efa60d89253b601fe20366e47b3e11253a55317911677a00e98b273642eca9a244  pkgs/vm-fc28/python-u2flib-host-3.0.3-3.fc28.x86_64.buildinfo
2020-10-10 04:35:29.899927 +0000 build-fedora4: ea2d5ecf4dab3fa6d942843a13b9d3db88046f8ada3178a852e286bdee03e4b393547b610e6b344386294596250b1e0e6a62e4b21edfbbf56f30c93432e5c5c2  pkgs/vm-fc28/python3-u2flib-host-3.0.3-3.fc28.noarch.rpm
2020-10-10 04:35:29.901327 +0000 build-fedora4: 8f5168308b1f8d4d442311eaa356cabcd6b35880b4670513de5e9573d6cec3480d6cd4239d451564fd5e5a58b141dd242a170bc16e72c768206b2c778e3b2afd  pkgs/vm-fc28/python3-u2flib-host.spec.list
2020-10-10 04:35:29.902672 +0000 build-fedora4: ef01a21e422604d87c82b0111849b2f7f23d984366f148a99faea9f70fb9bc00f3ce656ac4a5d6fcf324d60ca33332817ab6f2560ff1fa1f14963676d2420338  pkgs/vm-fc29/python-u2flib-host-3.0.3-3.fc29.x86_64.buildinfo
2020-10-10 04:35:29.904089 +0000 build-fedora4: 2eb58032f80345ff7a626894cc12dd54d3cb7a43fa7b2908cd2379e0983da8ad236446f07da9d6a69b6203c33cd2834964433a147584f22d69764f1b207df465  pkgs/vm-fc29/python-u2flib-host-3.0.3-4.fc29.x86_64.buildinfo
2020-10-10 04:35:29.905601 +0000 build-fedora4: 0303880a1ceb184614683bad059eb014cb8d342efac64f226a4ab013fd56d86ac9237ef0c8cc930b0184521085c1553c6b9f2ebc5398631d8a8dce8f20e87d0e  pkgs/vm-fc29/python-u2flib-host-3.0.3-5.fc29.x86_64.buildinfo
2020-10-10 04:35:29.907794 +0000 build-fedora4: b35bf7512b2b51f97711ed0ed0225eadc8e178164628ee0d8415e0beafc3ce57f751639426ef0251fa40e01e37b4936607b6400007d03b6f7abdf9c74b5f9d38  pkgs/vm-fc29/python-u2flib-host-3.0.3-6.fc29.src.rpm
2020-10-10 04:35:29.909178 +0000 build-fedora4: 0e9f2db93c04bf6e7c2aa8fe5955f0a886881c152b62bcb1c0475e9c1647e7da7e6e16d6cc9243a5610e824bbe36f29d0a956c435a554d47d9a91f38e0a96aa9  pkgs/vm-fc29/python-u2flib-host-3.0.3-6.fc29.x86_64.buildinfo
2020-10-10 04:35:29.910851 +0000 build-fedora4: 27010a8a664851cad04a8cd570360274b044dc1f81f891e27f802ba8f469e8e3d6053543c62e4381b03c2a683164e9623559d3059e8baea7909be1de25a1591b  pkgs/vm-fc29/python3-u2flib-host-3.0.3-6.fc29.noarch.rpm
2020-10-10 04:35:29.912514 +0000 build-fedora4: a61aed6b729ddbde0f37f1d4f04f5c18b51f724258b2f66f1ca20ec263f5cb12ead4f840db0005a64a5bcdec480bd0879724a58b5ec326f14239802f1ff163c4  pkgs/vm-fc29/python3-u2flib-host.spec.list
2020-10-10 04:35:29.915433 +0000 build-fedora4: 1601a14313e62f8d2cdcd48be46dece829f77ff4c0e9e194725a3bc8aae91d0642e4885c477c29bc26f83919a246695d5c9c51703b4b9c6d929ab5bf181073e5  pkgs/vm-fc30/python-u2flib-host-3.0.3-2.fc30.x86_64.buildinfo
2020-10-10 04:35:29.917808 +0000 build-fedora4: d9eb1101c748e88765a4bf8c55e290c12342ce3ac73a1af66a5286922d613fa8ea0b64612639e6fd3a641a7c1e8f0efa2f7bb5193ca19a3275a2deeaa9bae24c  pkgs/vm-fc30/python-u2flib-host-3.0.3-3.fc30.x86_64.buildinfo
2020-10-10 04:35:29.919270 +0000 build-fedora4: 305248bbcf8aaf21813f41b07c015281375d02a35296bcc5dbc6c1228203111369a3b013f7320a7ab3886758e664a8542ea1331eab7c6a36818b03d172d316b6  pkgs/vm-fc30/python-u2flib-host-3.0.3-4.fc30.x86_64.buildinfo
2020-10-10 04:35:29.920751 +0000 build-fedora4: 27650a669a2dc160fd5ba9eee6719b64ba46b9365556b08f4f32c9a815f6b4224c4dbb620d59fa37b6cc0f30bd7974c0b7c4212e1385f64ccf8e254b868f722b  pkgs/vm-fc30/python-u2flib-host-3.0.3-5.fc30.x86_64.buildinfo
2020-10-10 04:35:29.922424 +0000 build-fedora4: 14ef46ca26c65f65c97542c02b8f9a70ad7c63a29f55aee68dbce8d3fcac553076874253935313d39caeb3e7c07cf624116b22cf3ecfa6ec3a61d97236b31a88  pkgs/vm-fc30/python-u2flib-host-3.0.3-6.fc30.src.rpm
2020-10-10 04:35:29.923927 +0000 build-fedora4: befc11cc6144307c009adc1132baa9bcd266c0896629f0f45e5743ca5458b54c89878b2dbf7efd4850550edc0f50375094d679d4a4ee6bfdf3b3f2d37798ada7  pkgs/vm-fc30/python-u2flib-host-3.0.3-6.fc30.x86_64.buildinfo
2020-10-10 04:35:29.927799 +0000 build-fedora4: 93db6d17120d6fd5155771a5c57fe514a0fffc193dd09b0096b4bbe8d9711d363b834e32fa6c50947dc6240ceea287431baddbfef7d4d45c853d75c63cdea7d9  pkgs/vm-fc30/python3-u2flib-host-3.0.3-6.fc30.noarch.rpm
2020-10-10 04:35:29.930945 +0000 build-fedora4: 58e49001623538d882cf9f5a97caa39f71ee19f00b0307aea3e2b788002fa51f3427f51da923e6af79fcf66c530c436ca76e3b1b594d8624677fe812d8d506d9  pkgs/vm-fc30/python3-u2flib-host.spec.list
2020-10-10 04:35:29.936216 +0000 build-fedora4: 6f21fef8bcb80acbfc675c1fb2d77ce3d77e34a3da06d3fa7b35b4e18448cf9250764c56f7609c3abe3573240e719436fb050aa93113a782e364822260d72149  pkgs/vm-fc31/python-u2flib-host-3.0.3-3.fc31.x86_64.buildinfo
2020-10-10 04:35:29.937848 +0000 build-fedora4: 508840bde0daf605895099dbf1e60105b78357d318011604fa32ff5a10a41aa898ac4566f5b27ee2b1f46cbef141ea7e051cfe528b9c5c69ea8bea5c84bbe793  pkgs/vm-fc31/python-u2flib-host-3.0.3-4.fc31.x86_64.buildinfo
2020-10-10 04:35:29.939259 +0000 build-fedora4: df7c5f2f5a993e56ffb9ad2492147faeabe28ce7b20169ae0bbd7a5bf597a58c08de520e8ba3156bbaed22409f815346ebfc9a0bffaea7d12f540777cdb9dc30  pkgs/vm-fc31/python-u2flib-host-3.0.3-5.fc31.x86_64.buildinfo
2020-10-10 04:35:29.940790 +0000 build-fedora4: e763a8b9a0699784b60809d016aa361825bd1b1d841b7221b50992e31a9dcc23b2a4ee09cc679b2c27de4a5edd7ed3d9ec6e4fa225b16929ffa58295243a8c6f  pkgs/vm-fc31/python-u2flib-host-3.0.3-6.fc31.src.rpm
2020-10-10 04:35:29.942263 +0000 build-fedora4: d76c28cf03676b517e66b67ee2fbebdf1111fd0f211560a4331f21b80000fca799a735795fb9785893ebf83a73a0911bd2cfae9b1f65174455ba41b11c0795d3  pkgs/vm-fc31/python-u2flib-host-3.0.3-6.fc31.x86_64.buildinfo
2020-10-10 04:35:29.944838 +0000 build-fedora4: 6dedc51a8589a10a8818f7267c101798f6fee8bb0f38563febd87d5ef34b89fe1a8753ab8472ee8916d0d23dc487d8a440bee32e8f08edfc3305e595f96043c5  pkgs/vm-fc31/python3-u2flib-host-3.0.3-6.fc31.noarch.rpm
2020-10-10 04:35:29.946309 +0000 build-fedora4: 22023123c0c00c5a96651d720a138f75fb33e6613e49113d6b0e10480dfee0d3934a2dc7d5c61a8ed5b8e02a7c8c0f32cdc7b6c1b0e3572e8d2092daa235d10d  pkgs/vm-fc31/python3-u2flib-host.spec.list
2020-10-10 04:35:29.947795 +0000 build-fedora4: 846c5b7f6eaca93a98ed4e46dc98b986311ab633c868a6fe0bd0bd6f94849e1d360ea6048072e35ec1bdfb758e603a8948aa46a12b16ed129ede9688524e2ef8  pkgs/vm-fc32/python-u2flib-host-3.0.3-3.fc32.x86_64.buildinfo
2020-10-10 04:35:29.949622 +0000 build-fedora4: 5c09598d07ebaa66f3e40ee245f0a9d915c99eb080cae4f84d6906f165b16ba1d96b498954616f9da5ad0093d1a7467829644528515a2874d5675610ab75453f  pkgs/vm-fc32/python-u2flib-host-3.0.3-4.fc32.x86_64.buildinfo
2020-10-10 04:35:29.951137 +0000 build-fedora4: c897bc64e24beb86ea91f9ab39bfcce24506eb3d42a050f7bda72f5fe2122bad9a8419f03e2192b4e12b1f6a5b1b1e0d3c32794c282ac7dbb48b8599de33f263  pkgs/vm-fc32/python-u2flib-host-3.0.3-5.fc32.x86_64.buildinfo
2020-10-10 04:35:29.952657 +0000 build-fedora4: aa8c3249e7149191feb6aba26e18cc4531a84ad8f1fcaa015edb9beb36015b3a5ea21e49688c84e0d558804623a9e79678fb51f6dded86f7763bc3b5c07b016e  pkgs/vm-fc32/python-u2flib-host-3.0.3-6.fc32.src.rpm
2020-10-10 04:35:29.954134 +0000 build-fedora4: dce8191fcbefa90ade6f30ccb11e09844d447fa7caf5a1ff975571dc9b56330816c7a3639d318c4e083df2b14e96e6b5762ca0d02b88d41e127ac7633547dd0f  pkgs/vm-fc32/python-u2flib-host-3.0.3-6.fc32.x86_64.buildinfo
2020-10-10 04:35:29.955639 +0000 build-fedora4: d873a507ece56309de379f61b0b96e6b45960e8db310109685037ffb67823a44c340628241a17a60f6649eff285d8a75c414f4578d8211c4e54dbc9e88a35bbb  pkgs/vm-fc32/python3-u2flib-host-3.0.3-6.fc32.noarch.rpm
2020-10-10 04:35:29.957348 +0000 build-fedora4: ebda51e808b4465c6a0bf40f05a7434007b8a1f947494e0706798f694a2038ab259626aee9c21781966cc9ac83142052d7e9f219c15fbbdfd3cbf623cdb27d2b  pkgs/vm-fc32/python3-u2flib-host.spec.list
2020-10-10 04:35:29.958756 +0000 build-fedora4: 04f0a9427912d3d7595aa37de8556b3789c46b5c056745e864a4609492d8f2b790fc7157c66124d0d010b45c726c2f6ed316fb7a8f1224da6206acd17e7e1897  python-u2flib-host-3.0.3.tar.gz
2020-10-10 04:35:30.033463 +0000 build-fedora4: ================================================================================
2020-10-10 04:35:30.033517 +0000 build-fedora4:                            B U I L D   I N F O                                  
2020-10-10 04:35:30.033537 +0000 build-fedora4: Items in red indicate it was automatically generated by configuration file(s)
2020-10-10 04:35:30.033552 +0000 build-fedora4: Items in white indicate it was automatically removed by configuration file(s)
2020-10-10 04:35:30.033566 +0000 build-fedora4: ================================================================================
2020-10-10 04:35:30.033575 +0000 build-fedora4: DISTS_VM:
2020-10-10 04:35:30.041946 +0000 build-fedora4:      fc29, fc30, fc31, fc32,
2020-10-10 04:35:30.041994 +0000 build-fedora4: DISTS_ALL:
2020-10-10 04:35:30.046747 +0000 build-fedora4:      vm-fc29, vm-fc30, vm-fc31, vm-fc32,
2020-10-10 04:35:30.046794 +0000 build-fedora4: DIST_DOM0:
2020-10-10 04:35:30.050690 +0000 build-fedora4:     
2020-10-10 04:35:30.051931 +0000 build-fedora4: BUILDER_PLUGINS:
2020-10-10 04:35:30.054019 +0000 build-fedora4:      builder-rpm, builder-debian, mgmt-salt, linux-yum, release-configs, builder-github,
2020-10-10 04:35:30.056607 +0000 build-fedora4: COMPONENTS:
2020-10-10 04:35:30.058699 +0000 build-fedora4:      python-u2flib-host,
2020-10-10 04:35:30.058748 +0000 build-fedora4: GIT_REPOS:
2020-10-10 04:35:30.062607 +0000 build-fedora4:      qubes-src/python-u2flib-host,
2020-10-10 04:35:30.062653 +0000 build-fedora4: TEMPLATE:
2020-10-10 04:35:30.065492 +0000 build-fedora4:     
2020-10-10 04:35:30.066741 +0000 build-fedora4: TEMPLATE_FLAVOR_DIR:
2020-10-10 04:35:30.069413 +0000 build-fedora4:     
2020-10-10 04:35:30.070656 +0000 build-fedora4: TEMPLATE_ALIAS:
2020-10-10 04:35:30.073873 +0000 build-fedora4:      stretch:stretch+standard, stretch+gnome:stretch+gnome+standard,
2020-10-10 04:35:30.073926 +0000 build-fedora4:      stretch+minimal:stretch+minimal+no-recommends, buster:buster+standard, buster+gnome:buster+gnome+standard,
2020-10-10 04:35:30.073943 +0000 build-fedora4:      buster+minimal:buster+minimal+no-recommends, bullseye:bullseye+standard,
2020-10-10 04:35:30.073959 +0000 build-fedora4:      bullseye+gnome:bullseye+gnome+standard, bullseye+minimal:bullseye+minimal+no-recommends,
2020-10-10 04:35:30.073973 +0000 build-fedora4:      whonix-gateway-14:stretch+whonix-gateway+minimal+no-recommends,
2020-10-10 04:35:30.073986 +0000 build-fedora4:      whonix-workstation-14:stretch+whonix-workstation+minimal+no-recommends,
2020-10-10 04:35:30.073998 +0000 build-fedora4:      whonix-gateway-15:buster+whonix-gateway+minimal+no-recommends,
2020-10-10 04:35:30.074010 +0000 build-fedora4:      whonix-workstation-15:buster+whonix-workstation+minimal+no-recommends,
2020-10-10 04:35:30.077123 +0000 build-fedora4: TEMPLATE_LABEL:
2020-10-10 04:35:30.081150 +0000 build-fedora4:      fc30:fedora-30, fc31:fedora-31, fc32:fedora-32, fc25:fedora-25 fc30+minimal:fedora-30-minimal
2020-10-10 04:35:30.081228 +0000 build-fedora4:      fc31+minimal:fedora-31-minimal fc32+minimal:fedora-32-minimal fc30+xfce:fedora-30-xfce
2020-10-10 04:35:30.081249 +0000 build-fedora4:      fc31+xfce:fedora-31-xfce fc32+xfce:fedora-32-xfce stretch:debian-9 stretch+standard:debian-9
2020-10-10 04:35:30.081263 +0000 build-fedora4:      stretch+xfce:debian-9-xfce buster:debian-10 buster+standard:debian-10
2020-10-10 04:35:30.081277 +0000 build-fedora4:      buster+xfce:debian-10-xfce bullseye:debian-11 bullseye+standard:debian-11
2020-10-10 04:35:30.081291 +0000 build-fedora4:      bullseye+xfce:debian-11-xfce stretch+whonix-gateway+minimal+no-recommends:whonix-gw-14
2020-10-10 04:35:30.081303 +0000 build-fedora4:      stretch+whonix-workstation+minimal+no-recommends:whonix-ws-14
2020-10-10 04:35:30.081319 +0000 build-fedora4:      buster+whonix-gateway+minimal+no-recommends:whonix-gw-15
2020-10-10 04:35:30.081332 +0000 build-fedora4:      buster+whonix-workstation+minimal+no-recommends:whonix-ws-15 centos7:centos-7
2020-10-10 04:35:30.081346 +0000 build-fedora4:      centos7+minimal:centos-7-minimal centos7+xfce:centos-7-xfce centos8:centos-8
2020-10-10 04:35:30.081357 +0000 build-fedora4:      centos8+minimal:centos-8-minimal centos8+xfce:centos-8-xfce
2020-10-10 04:35:30.118622 +0000 build-fedora4: > running make
2020-10-10 04:35:30.149744 +0000 build-fedora4: Makefile:818: target 'internal-update-repo-current.vm.fc29.python-u2flib-host' does not exist
2020-10-10 04:35:30.149797 +0000 build-fedora4: repo_base_var="LINUX_REPO_fc29_BASEDIR"; \
2020-10-10 04:35:30.149815 +0000 build-fedora4: if [ "python-u2flib-host" = linux-template-builder ]; then \
2020-10-10 04:35:30.149830 +0000 build-fedora4: .# templates belongs to dom0 repository, even though PACKAGE_SET=vm
2020-10-10 04:35:30.149841 +0000 build-fedora4: repo_base_var="LINUX_REPO__BASEDIR"; \
2020-10-10 04:35:30.149849 +0000 build-fedora4: fi; \
2020-10-10 04:35:30.149861 +0000 build-fedora4: if [ -n "${!repo_base_var}" ]; then \
2020-10-10 04:35:30.149871 +0000 build-fedora4: .repo_basedir="${!repo_base_var}"; \
2020-10-10 04:35:30.149879 +0000 build-fedora4: else \
2020-10-10 04:35:30.149890 +0000 build-fedora4: .repo_basedir="qubes-src/linux-yum/r4.0"; \
2020-10-10 04:35:30.149897 +0000 build-fedora4: fi; \
2020-10-10 04:35:30.149910 +0000 build-fedora4: if [ -r qubes-src/python-u2flib-host/Makefile.builder ]; then \
2020-10-10 04:35:30.149921 +0000 build-fedora4: .echo -n "Updating qubes-src/python-u2flib-host... "; \
2020-10-10 04:35:30.149931 +0000 build-fedora4: .if [ "0" -eq 1 ]; then \
2020-10-10 04:35:30.149964 +0000 build-fedora4: ..vtag=`git -C qubes-src/python-u2flib-host tag --points-at HEAD --list v*`; \
2020-10-10 04:35:30.149976 +0000 build-fedora4: ..if [ -z "$vtag" ]; then \
2020-10-10 04:35:30.149985 +0000 build-fedora4: ...echo "no version tag"; \
2020-10-10 04:35:30.149994 +0000 build-fedora4: ...exit 0; \
2020-10-10 04:35:30.150002 +0000 build-fedora4: ..fi; \
2020-10-10 04:35:30.150010 +0000 build-fedora4: .fi; \
2020-10-10 04:35:30.150022 +0000 build-fedora4: .if [ "python-u2flib-host" = linux-template-builder ]; then
2020-10-10 04:35:30.150037 +0000 build-fedora4: export TEMPLATE_NAME=$(MAKEFLAGS= make -s -C qubes-src/linux-template-builder DIST=fc29 template-name)
2020-10-10 04:35:30.150046 +0000 build-fedora4: fi
2020-10-10 04:35:30.150072 +0000 build-fedora4: component_packages=$(MAKEFLAGS= make -s -f Makefile.generic DIST=fc29 PACKAGE_SET=vm COMPONENT=`basename qubes-src/python-u2flib-host` UPDATE_REPO=/home/user/builder-r4.0/$repo_basedir/current/vm/fc29 get-var GET_VAR=PACKAGE_LIST); \
2020-10-10 04:35:30.150084 +0000 build-fedora4: .if [ -z "$component_packages" ]; then \
2020-10-10 04:35:30.150093 +0000 build-fedora4: ..echo "no packages."; \
2020-10-10 04:35:30.150101 +0000 build-fedora4: ..exit 0; \
2020-10-10 04:35:30.150109 +0000 build-fedora4: .fi; \
2020-10-10 04:35:30.150121 +0000 build-fedora4: .make -s -f Makefile.generic DIST=fc29 PACKAGE_SET=vm \
2020-10-10 04:35:30.150132 +0000 build-fedora4: ..COMPONENT=`basename qubes-src/python-u2flib-host` \
2020-10-10 04:35:30.150180 +0000 build-fedora4: ..SNAPSHOT_REPO=current-testing \
2020-10-10 04:35:30.150190 +0000 build-fedora4: ..TARGET_REPO=current \
2020-10-10 04:35:30.150203 +0000 build-fedora4: ..UPDATE_REPO=/home/user/builder-r4.0/$repo_basedir/current/vm/fc29 \
2020-10-10 04:35:30.150219 +0000 build-fedora4: ..SNAPSHOT_FILE=/home/user/builder-r4.0/repo-latest-snapshot/current-testing-vm-fc29-`basename qubes-src/python-u2flib-host` \
2020-10-10 04:35:30.150228 +0000 build-fedora4: ..BUILD_LOG_URL= \
2020-10-10 04:35:30.150238 +0000 build-fedora4: ..update-repo-from-snapshot || exit 1; \
2020-10-10 04:35:30.150252 +0000 build-fedora4: elif make -C qubes-src/python-u2flib-host -n update-repo-current >/dev/null 2>/dev/null; then \
2020-10-10 04:35:30.150263 +0000 build-fedora4: .echo "Updating qubes-src/python-u2flib-host... "; \
2020-10-10 04:35:30.150276 +0000 build-fedora4: .DIST=fc29 UPDATE_REPO=/home/user/builder-r4.0/$repo_basedir/current/vm/fc29 \
2020-10-10 04:35:30.150288 +0000 build-fedora4: .make -s -C qubes-src/python-u2flib-host update-repo-current || exit 1; \
2020-10-10 04:35:30.150296 +0000 build-fedora4: else \
2020-10-10 04:35:30.150311 +0000 build-fedora4: .echo -n "Updating qubes-src/python-u2flib-host... skipping."; \
2020-10-10 04:35:30.150319 +0000 build-fedora4: fi; \
2020-10-10 04:35:30.150327 +0000 build-fedora4: echo
2020-10-10 04:35:30.235915 +0000 build-fedora4: Updating qubes-src/python-u2flib-host... Makefile.generic:223: target 'update-repo-date-check' does not exist
2020-10-10 04:35:30.235972 +0000 build-fedora4: if ! [ -r /home/user/builder-r4.0/repo-latest-snapshot/current-testing-vm-fc29-python-u2flib-host ]; then \
2020-10-10 04:35:30.235991 +0000 build-fedora4: .echo "`tput bold`*** Packages weren't uploaded to current-testing! ***`tput sgr0`"; \
2020-10-10 04:35:30.236002 +0000 build-fedora4: .exit 1; \
2020-10-10 04:35:30.236012 +0000 build-fedora4: fi
2020-10-10 04:35:30.250304 +0000 build-fedora4: touch -t `date -d "7 days ago" +%Y%m%d%H%M` /tmp/age-compare-file
2020-10-10 04:35:30.254896 +0000 build-fedora4: if ! [ /home/user/builder-r4.0/repo-latest-snapshot/current-testing-vm-fc29-python-u2flib-host -ot /tmp/age-compare-file ]; then \
2020-10-10 04:35:30.254950 +0000 build-fedora4: .echo "`tput bold`*** Packages weren't in current-testing for at least 7 days! ***`tput sgr0`"; \
2020-10-10 04:35:30.254963 +0000 build-fedora4: .exit 1; \
2020-10-10 04:35:30.254973 +0000 build-fedora4: fi
2020-10-10 04:35:30.256556 +0000 build-fedora4: rm -f /tmp/age-compare-file
2020-10-10 04:35:30.266516 +0000 build-fedora4: /home/user/builder-r4.0/qubes-src/builder-rpm/Makefile.rpmbuilder:176: target 'update-repo-from-snapshot-do' does not exist
2020-10-10 04:35:30.266578 +0000 build-fedora4: for f in pkgs/vm-fc29/python-u2flib-host-3.0.3-6.fc29.src.rpm pkgs/vm-fc29/python3-u2flib-host-3.0.3-6.fc29.noarch.rpm pkgs/vm-fc29/python-u2flib-host-3.0.3-6.fc29.x86_64.buildinfo; do \
2020-10-10 04:35:30.266604 +0000 build-fedora4: .ln -f /home/user/builder-r4.0/qubes-src/linux-yum/r4.0/current-testing/vm/fc29/rpm/`basename $f` /home/user/builder-r4.0/qubes-src/linux-yum/r4.0/current/vm/fc29/rpm/ || exit 1; \
2020-10-10 04:35:30.266613 +0000 build-fedora4: done
2020-10-10 04:35:30.299821 +0000 build-fedora4: /home/user/builder-r4.0/qubes-src/builder-github//Makefile.github:18: target 'notify-github' does not exist
2020-10-10 04:35:30.299877 +0000 build-fedora4: [ -z "python-u2flib-host-3.0.3-6.fc29" ] || /home/user/builder-r4.0/qubes-src/builder-github//notify-issues \
2020-10-10 04:35:30.299890 +0000 build-fedora4: .--build-log="" \
2020-10-10 04:35:30.299902 +0000 build-fedora4: .upload \
2020-10-10 04:35:30.299912 +0000 build-fedora4: ."r4.0" \
2020-10-10 04:35:30.299922 +0000 build-fedora4: ."qubes-src/python-u2flib-host" \
2020-10-10 04:35:30.299933 +0000 build-fedora4: ."python-u2flib-host-3.0.3-6.fc29" \
2020-10-10 04:35:30.299941 +0000 build-fedora4: ."fc29" \
2020-10-10 04:35:30.299955 +0000 build-fedora4: ."vm" \
2020-10-10 04:35:30.299964 +0000 build-fedora4: ."current" \
2020-10-10 04:35:30.299977 +0000 build-fedora4: ."/home/user/github-notify-state/r4.0-python-u2flib-host-vm-fc29-current" \
2020-10-10 04:35:30.299991 +0000 build-fedora4: ."/home/user/github-notify-state/r4.0-python-u2flib-host-vm-fc29-current"
2020-10-10 04:35:41.569520 +0000 build-fedora4: WARNING: message template /home/user/builder-r4.0/qubes-src/builder-github/templates/message-stable-vm doesn't exist, not adding comments
2020-10-10 04:35:41.710794 +0000 build-fedora4: Traceback (most recent call last):
2020-10-10 04:35:41.710850 +0000 build-fedora4:   File "/usr/lib/python3.8/site-packages/urllib3/connection.py", line 156, in _new_conn
2020-10-10 04:35:41.710866 +0000 build-fedora4:     conn = connection.create_connection(
2020-10-10 04:35:41.710882 +0000 build-fedora4:   File "/usr/lib/python3.8/site-packages/urllib3/util/connection.py", line 61, in create_connection
2020-10-10 04:35:41.710896 +0000 build-fedora4:     for res in socket.getaddrinfo(host, port, family, socket.SOCK_STREAM):
2020-10-10 04:35:41.710908 +0000 build-fedora4:   File "/usr/lib64/python3.8/socket.py", line 918, in getaddrinfo
2020-10-10 04:35:41.710920 +0000 build-fedora4:     for res in _socket.getaddrinfo(host, port, family, type, proto, flags):
2020-10-10 04:35:41.710932 +0000 build-fedora4: socket.gaierror: [Errno -2] Name or service not known
2020-10-10 04:35:41.710939 +0000 build-fedora4: 
2020-10-10 04:35:41.710951 +0000 build-fedora4: During handling of the above exception, another exception occurred:
2020-10-10 04:35:41.710958 +0000 build-fedora4: 
2020-10-10 04:35:41.710968 +0000 build-fedora4: Traceback (most recent call last):
2020-10-10 04:35:41.710981 +0000 build-fedora4:   File "/usr/lib/python3.8/site-packages/urllib3/connectionpool.py", line 665, in urlopen
2020-10-10 04:35:41.710991 +0000 build-fedora4:     httplib_response = self._make_request(
2020-10-10 04:35:41.711005 +0000 build-fedora4:   File "/usr/lib/python3.8/site-packages/urllib3/connectionpool.py", line 376, in _make_request
2020-10-10 04:35:41.711015 +0000 build-fedora4:     self._validate_conn(conn)
2020-10-10 04:35:41.711029 +0000 build-fedora4:   File "/usr/lib/python3.8/site-packages/urllib3/connectionpool.py", line 994, in _validate_conn
2020-10-10 04:35:41.711038 +0000 build-fedora4:     conn.connect()
2020-10-10 04:35:41.711051 +0000 build-fedora4:   File "/usr/lib/python3.8/site-packages/urllib3/connection.py", line 334, in connect
2020-10-10 04:35:41.711060 +0000 build-fedora4:     conn = self._new_conn()
2020-10-10 04:35:41.711090 +0000 build-fedora4:   File "/usr/lib/python3.8/site-packages/urllib3/connection.py", line 168, in _new_conn
2020-10-10 04:35:41.711101 +0000 build-fedora4:     raise NewConnectionError(
2020-10-10 04:35:41.711121 +0000 build-fedora4: urllib3.exceptions.NewConnectionError: <urllib3.connection.VerifiedHTTPSConnection object at 0x79873b80e760>: Failed to establish a new connection: [Errno -2] Name or service not known
2020-10-10 04:35:41.711129 +0000 build-fedora4: 
2020-10-10 04:35:41.711180 +0000 build-fedora4: During handling of the above exception, another exception occurred:
2020-10-10 04:35:41.711191 +0000 build-fedora4: 
2020-10-10 04:35:41.711201 +0000 build-fedora4: Traceback (most recent call last):
2020-10-10 04:35:41.711213 +0000 build-fedora4:   File "/usr/lib/python3.8/site-packages/requests/adapters.py", line 439, in send
2020-10-10 04:35:41.711222 +0000 build-fedora4:     resp = conn.urlopen(
2020-10-10 04:35:41.711236 +0000 build-fedora4:   File "/usr/lib/python3.8/site-packages/urllib3/connectionpool.py", line 719, in urlopen
2020-10-10 04:35:41.711245 +0000 build-fedora4:     retries = retries.increment(
2020-10-10 04:35:41.711258 +0000 build-fedora4:   File "/usr/lib/python3.8/site-packages/urllib3/util/retry.py", line 436, in increment
2020-10-10 04:35:41.711270 +0000 build-fedora4:     raise MaxRetryError(_pool, url, error or ResponseError(cause))
2020-10-10 04:35:41.711304 +0000 build-fedora4: urllib3.exceptions.MaxRetryError: HTTPSConnectionPool(host='api.github.com', port=443): Max retries exceeded with url: /repos/QubesOS/updates-status/issues/2000/comments (Caused by NewConnectionError('<urllib3.connection.VerifiedHTTPSConnection object at 0x79873b80e760>: Failed to establish a new connection: [Errno -2] Name or service not known'))
2020-10-10 04:35:41.711317 +0000 build-fedora4: 
2020-10-10 04:35:41.711329 +0000 build-fedora4: During handling of the above exception, another exception occurred:
2020-10-10 04:35:41.711336 +0000 build-fedora4: 
2020-10-10 04:35:41.711345 +0000 build-fedora4: Traceback (most recent call last):
2020-10-10 04:35:41.711359 +0000 build-fedora4:   File "/home/user/builder-r4.0/qubes-src/builder-github//notify-issues", line 532, in <module>
2020-10-10 04:35:41.711367 +0000 build-fedora4:     main()
2020-10-10 04:35:41.711380 +0000 build-fedora4:   File "/home/user/builder-r4.0/qubes-src/builder-github//notify-issues", line 527, in main
2020-10-10 04:35:41.711392 +0000 build-fedora4:     notify_build_report(args, dist_label, repo_type, current_commit,
2020-10-10 04:35:41.711406 +0000 build-fedora4:   File "/home/user/builder-r4.0/qubes-src/builder-github//notify-issues", line 397, in notify_build_report
2020-10-10 04:35:41.711417 +0000 build-fedora4:     comment_issue(report_issue_no, report_message,
2020-10-10 04:35:41.711431 +0000 build-fedora4:   File "/home/user/builder-r4.0/qubes-src/builder-github//notify-issues", line 51, in comment_issue
2020-10-10 04:35:41.711443 +0000 build-fedora4:     resp = requests.post("{}/repos/{}/issues/{}/comments".format(
2020-10-10 04:35:41.711455 +0000 build-fedora4:   File "/usr/lib/python3.8/site-packages/requests/api.py", line 116, in post
2020-10-10 04:35:41.711467 +0000 build-fedora4:     return request('post', url, data=data, json=json, **kwargs)
2020-10-10 04:35:41.711479 +0000 build-fedora4:   File "/usr/lib/python3.8/site-packages/requests/api.py", line 60, in request
2020-10-10 04:35:41.711490 +0000 build-fedora4:     return session.request(method=method, url=url, **kwargs)
2020-10-10 04:35:41.711503 +0000 build-fedora4:   File "/usr/lib/python3.8/site-packages/requests/sessions.py", line 533, in request
2020-10-10 04:35:41.711513 +0000 build-fedora4:     resp = self.send(prep, **send_kwargs)
2020-10-10 04:35:41.711525 +0000 build-fedora4:   File "/usr/lib/python3.8/site-packages/requests/sessions.py", line 646, in send
2020-10-10 04:35:41.711535 +0000 build-fedora4:     r = adapter.send(request, **kwargs)
2020-10-10 04:35:41.711548 +0000 build-fedora4:   File "/usr/lib/python3.8/site-packages/requests/adapters.py", line 516, in send
2020-10-10 04:35:41.711564 +0000 build-fedora4:     raise ConnectionError(e, request=request)
2020-10-10 04:35:41.711599 +0000 build-fedora4: requests.exceptions.ConnectionError: HTTPSConnectionPool(host='api.github.com', port=443): Max retries exceeded with url: /repos/QubesOS/updates-status/issues/2000/comments (Caused by NewConnectionError('<urllib3.connection.VerifiedHTTPSConnection object at 0x79873b80e760>: Failed to establish a new connection: [Errno -2] Name or service not known'))
2020-10-10 04:35:41.948765 +0000 build-fedora4: make[1]: *** [/home/user/builder-r4.0/qubes-src/builder-github//Makefile.github:18: notify-github] Error 1
2020-10-10 04:35:41.948822 +0000 build-fedora4: make: *** [Makefile:818: internal-update-repo-current.vm.fc29.python-u2flib-host] Error 1
2020-10-10 04:35:41.948840 +0000 > closing log
