2022-06-27 10:24:25.439982 +0000 > starting log
2022-06-27 10:24:25.440473 +0000 build-fedora4: > starting build with log
2022-06-27 10:24:25.440487 +0000 build-fedora4: >> make args: update-repo-current
2022-06-27 10:24:25.440494 +0000 build-fedora4: >> MAKEFLAGS=
2022-06-27 10:24:25.440501 +0000 build-fedora4: >> COMPONENTS=vmm-xen
2022-06-27 10:24:25.440507 +0000 build-fedora4: >> DISTS_VM=
2022-06-27 10:24:25.440513 +0000 build-fedora4: >> DIST_DOM0=
2022-06-27 10:24:25.440522 +0000 build-fedora4: >> qubes-builder 20ad3a0690db5a940dc9c0c7f080d1980cf24c83
2022-06-27 10:24:25.440531 +0000 build-fedora4: >> qubes-builder/qubes-src/vmm-xen 94601e316fdd6adf9fd0cde72d8ae262e2fb260b
2022-06-27 10:24:25.616778 +0000 build-fedora4: !! gc.tar.gz
2022-06-27 10:24:25.616822 +0000 build-fedora4: !! gmp-4.3.2.tar.bz2
2022-06-27 10:24:25.616832 +0000 build-fedora4: !! gmp-4.3.2.tar.bz2.sig
2022-06-27 10:24:25.616839 +0000 build-fedora4: !! grub-0.97.tar.gz
2022-06-27 10:24:25.616846 +0000 build-fedora4: !! grub-0.97.tar.gz.sig
2022-06-27 10:24:25.616853 +0000 build-fedora4: !! lwip-1.3.0.tar.gz
2022-06-27 10:24:25.616859 +0000 build-fedora4: !! lwip-1.3.0.tar.gz.sig
2022-06-27 10:24:25.616866 +0000 build-fedora4: !! newlib-1.16.0.tar.gz
2022-06-27 10:24:25.616873 +0000 build-fedora4: !! ocaml-3.11.0.tar.gz
2022-06-27 10:24:25.616879 +0000 build-fedora4: !! pciutils-2.2.9.tar.bz2
2022-06-27 10:24:25.616886 +0000 build-fedora4: !! pkgs/dom0-fc24/xen.spec.list
2022-06-27 10:24:25.616896 +0000 build-fedora4: !! pkgs/dom0-fc25/python2-xen-4.8.5-36.fc25.x86_64.rpm
2022-06-27 10:24:25.616904 +0000 build-fedora4: !! pkgs/dom0-fc25/python2-xen-4.8.5-37.fc25.x86_64.rpm
2022-06-27 10:24:25.616913 +0000 build-fedora4: !! pkgs/dom0-fc25/python2-xen-4.8.5-38.fc25.x86_64.rpm
2022-06-27 10:24:25.616921 +0000 build-fedora4: !! pkgs/dom0-fc25/python2-xen-4.8.5-39.fc25.x86_64.rpm
2022-06-27 10:24:25.616933 +0000 build-fedora4: !! pkgs/dom0-fc25/python2-xen-4.8.5-41.fc25.x86_64.rpm
2022-06-27 10:24:25.616941 +0000 build-fedora4: !! pkgs/dom0-fc25/python3-xen-4.8.5-36.fc25.x86_64.rpm
2022-06-27 10:24:25.616950 +0000 build-fedora4: !! pkgs/dom0-fc25/python3-xen-4.8.5-37.fc25.x86_64.rpm
2022-06-27 10:24:25.616958 +0000 build-fedora4: !! pkgs/dom0-fc25/python3-xen-4.8.5-38.fc25.x86_64.rpm
2022-06-27 10:24:25.616966 +0000 build-fedora4: !! pkgs/dom0-fc25/python3-xen-4.8.5-39.fc25.x86_64.rpm
2022-06-27 10:24:25.616975 +0000 build-fedora4: !! pkgs/dom0-fc25/python3-xen-4.8.5-41.fc25.x86_64.rpm
2022-06-27 10:24:25.616983 +0000 build-fedora4: !! pkgs/dom0-fc25/xen-4.8.5-31.fc25.x86_64.buildinfo
2022-06-27 10:24:25.616991 +0000 build-fedora4: !! pkgs/dom0-fc25/xen-4.8.5-32.fc25.x86_64.buildinfo
2022-06-27 10:24:25.616999 +0000 build-fedora4: !! pkgs/dom0-fc25/xen-4.8.5-33.fc25.x86_64.buildinfo
2022-06-27 10:24:25.617007 +0000 build-fedora4: !! pkgs/dom0-fc25/xen-4.8.5-34.fc25.x86_64.buildinfo
2022-06-27 10:24:25.617016 +0000 build-fedora4: !! pkgs/dom0-fc25/xen-4.8.5-35.fc25.x86_64.buildinfo
2022-06-27 10:24:25.617023 +0000 build-fedora4: !! pkgs/dom0-fc25/xen-4.8.5-36.fc25.src.rpm
2022-06-27 10:24:25.617031 +0000 build-fedora4: !! pkgs/dom0-fc25/xen-4.8.5-36.fc25.x86_64.buildinfo
2022-06-27 10:24:25.617039 +0000 build-fedora4: !! pkgs/dom0-fc25/xen-4.8.5-36.fc25.x86_64.rpm
2022-06-27 10:24:25.617047 +0000 build-fedora4: !! pkgs/dom0-fc25/xen-4.8.5-37.fc25.src.rpm
2022-06-27 10:24:25.617055 +0000 build-fedora4: !! pkgs/dom0-fc25/xen-4.8.5-37.fc25.x86_64.buildinfo
2022-06-27 10:24:25.617063 +0000 build-fedora4: !! pkgs/dom0-fc25/xen-4.8.5-37.fc25.x86_64.rpm
2022-06-27 10:24:25.617071 +0000 build-fedora4: !! pkgs/dom0-fc25/xen-4.8.5-38.fc25.src.rpm
2022-06-27 10:24:25.617079 +0000 build-fedora4: !! pkgs/dom0-fc25/xen-4.8.5-38.fc25.x86_64.buildinfo
2022-06-27 10:24:25.617087 +0000 build-fedora4: !! pkgs/dom0-fc25/xen-4.8.5-38.fc25.x86_64.rpm
2022-06-27 10:24:25.617094 +0000 build-fedora4: !! pkgs/dom0-fc25/xen-4.8.5-39.fc25.src.rpm
2022-06-27 10:24:25.617103 +0000 build-fedora4: !! pkgs/dom0-fc25/xen-4.8.5-39.fc25.x86_64.buildinfo
2022-06-27 10:24:25.617111 +0000 build-fedora4: !! pkgs/dom0-fc25/xen-4.8.5-39.fc25.x86_64.rpm
2022-06-27 10:24:25.617136 +0000 build-fedora4: !! pkgs/dom0-fc25/xen-4.8.5-40.fc25.x86_64.buildinfo
2022-06-27 10:24:25.617144 +0000 build-fedora4: !! pkgs/dom0-fc25/xen-4.8.5-41.fc25.src.rpm
2022-06-27 10:24:25.617153 +0000 build-fedora4: !! pkgs/dom0-fc25/xen-4.8.5-41.fc25.x86_64.buildinfo
2022-06-27 10:24:25.617161 +0000 build-fedora4: !! pkgs/dom0-fc25/xen-4.8.5-41.fc25.x86_64.rpm
2022-06-27 10:24:25.617169 +0000 build-fedora4: !! pkgs/dom0-fc25/xen-debuginfo-4.8.5-36.fc25.x86_64.rpm
2022-06-27 10:24:25.617178 +0000 build-fedora4: !! pkgs/dom0-fc25/xen-debuginfo-4.8.5-37.fc25.x86_64.rpm
2022-06-27 10:24:25.617186 +0000 build-fedora4: !! pkgs/dom0-fc25/xen-debuginfo-4.8.5-38.fc25.x86_64.rpm
2022-06-27 10:24:25.617194 +0000 build-fedora4: !! pkgs/dom0-fc25/xen-debuginfo-4.8.5-39.fc25.x86_64.rpm
2022-06-27 10:24:25.617203 +0000 build-fedora4: !! pkgs/dom0-fc25/xen-debuginfo-4.8.5-41.fc25.x86_64.rpm
2022-06-27 10:24:25.617211 +0000 build-fedora4: !! pkgs/dom0-fc25/xen-devel-4.8.5-36.fc25.x86_64.rpm
2022-06-27 10:24:25.617220 +0000 build-fedora4: !! pkgs/dom0-fc25/xen-devel-4.8.5-37.fc25.x86_64.rpm
2022-06-27 10:24:25.617228 +0000 build-fedora4: !! pkgs/dom0-fc25/xen-devel-4.8.5-38.fc25.x86_64.rpm
2022-06-27 10:24:25.617236 +0000 build-fedora4: !! pkgs/dom0-fc25/xen-devel-4.8.5-39.fc25.x86_64.rpm
2022-06-27 10:24:25.617244 +0000 build-fedora4: !! pkgs/dom0-fc25/xen-devel-4.8.5-41.fc25.x86_64.rpm
2022-06-27 10:24:25.617252 +0000 build-fedora4: !! pkgs/dom0-fc25/xen-doc-4.8.5-36.fc25.x86_64.rpm
2022-06-27 10:24:25.617260 +0000 build-fedora4: !! pkgs/dom0-fc25/xen-doc-4.8.5-37.fc25.x86_64.rpm
2022-06-27 10:24:25.617268 +0000 build-fedora4: !! pkgs/dom0-fc25/xen-doc-4.8.5-38.fc25.x86_64.rpm
2022-06-27 10:24:25.617276 +0000 build-fedora4: !! pkgs/dom0-fc25/xen-doc-4.8.5-39.fc25.x86_64.rpm
2022-06-27 10:24:25.617285 +0000 build-fedora4: !! pkgs/dom0-fc25/xen-doc-4.8.5-41.fc25.x86_64.rpm
2022-06-27 10:24:25.617293 +0000 build-fedora4: !! pkgs/dom0-fc25/xen-hvm-4.8.5-36.fc25.x86_64.rpm
2022-06-27 10:24:25.617301 +0000 build-fedora4: !! pkgs/dom0-fc25/xen-hvm-4.8.5-37.fc25.x86_64.rpm
2022-06-27 10:24:25.617309 +0000 build-fedora4: !! pkgs/dom0-fc25/xen-hvm-4.8.5-38.fc25.x86_64.rpm
2022-06-27 10:24:25.617317 +0000 build-fedora4: !! pkgs/dom0-fc25/xen-hvm-4.8.5-39.fc25.x86_64.rpm
2022-06-27 10:24:25.617325 +0000 build-fedora4: !! pkgs/dom0-fc25/xen-hvm-4.8.5-41.fc25.x86_64.rpm
2022-06-27 10:24:25.617334 +0000 build-fedora4: !! pkgs/dom0-fc25/xen-hypervisor-4.8.5-36.fc25.x86_64.rpm
2022-06-27 10:24:25.617342 +0000 build-fedora4: !! pkgs/dom0-fc25/xen-hypervisor-4.8.5-37.fc25.x86_64.rpm
2022-06-27 10:24:25.617351 +0000 build-fedora4: !! pkgs/dom0-fc25/xen-hypervisor-4.8.5-38.fc25.x86_64.rpm
2022-06-27 10:24:25.617359 +0000 build-fedora4: !! pkgs/dom0-fc25/xen-hypervisor-4.8.5-39.fc25.x86_64.rpm
2022-06-27 10:24:25.617367 +0000 build-fedora4: !! pkgs/dom0-fc25/xen-hypervisor-4.8.5-41.fc25.x86_64.rpm
2022-06-27 10:24:25.617376 +0000 build-fedora4: !! pkgs/dom0-fc25/xen-libs-4.8.5-36.fc25.x86_64.rpm
2022-06-27 10:24:25.617384 +0000 build-fedora4: !! pkgs/dom0-fc25/xen-libs-4.8.5-37.fc25.x86_64.rpm
2022-06-27 10:24:25.617392 +0000 build-fedora4: !! pkgs/dom0-fc25/xen-libs-4.8.5-38.fc25.x86_64.rpm
2022-06-27 10:24:25.617400 +0000 build-fedora4: !! pkgs/dom0-fc25/xen-libs-4.8.5-39.fc25.x86_64.rpm
2022-06-27 10:24:25.617409 +0000 build-fedora4: !! pkgs/dom0-fc25/xen-libs-4.8.5-41.fc25.x86_64.rpm
2022-06-27 10:24:25.617417 +0000 build-fedora4: !! pkgs/dom0-fc25/xen-licenses-4.8.5-36.fc25.x86_64.rpm
2022-06-27 10:24:25.617425 +0000 build-fedora4: !! pkgs/dom0-fc25/xen-licenses-4.8.5-37.fc25.x86_64.rpm
2022-06-27 10:24:25.617434 +0000 build-fedora4: !! pkgs/dom0-fc25/xen-licenses-4.8.5-38.fc25.x86_64.rpm
2022-06-27 10:24:25.617442 +0000 build-fedora4: !! pkgs/dom0-fc25/xen-licenses-4.8.5-39.fc25.x86_64.rpm
2022-06-27 10:24:25.617450 +0000 build-fedora4: !! pkgs/dom0-fc25/xen-licenses-4.8.5-41.fc25.x86_64.rpm
2022-06-27 10:24:25.617459 +0000 build-fedora4: !! pkgs/dom0-fc25/xen-qemu-tools-4.8.5-36.fc25.x86_64.rpm
2022-06-27 10:24:25.617474 +0000 build-fedora4: !! pkgs/dom0-fc25/xen-qemu-tools-4.8.5-37.fc25.x86_64.rpm
2022-06-27 10:24:25.617483 +0000 build-fedora4: !! pkgs/dom0-fc25/xen-qemu-tools-4.8.5-38.fc25.x86_64.rpm
2022-06-27 10:24:25.617492 +0000 build-fedora4: !! pkgs/dom0-fc25/xen-qemu-tools-4.8.5-39.fc25.x86_64.rpm
2022-06-27 10:24:25.617500 +0000 build-fedora4: !! pkgs/dom0-fc25/xen-qemu-tools-4.8.5-41.fc25.x86_64.rpm
2022-06-27 10:24:25.617509 +0000 build-fedora4: !! pkgs/dom0-fc25/xen-qubes-vm-4.8.5-36.fc25.x86_64.rpm
2022-06-27 10:24:25.617526 +0000 build-fedora4: !! pkgs/dom0-fc25/xen-qubes-vm-4.8.5-37.fc25.x86_64.rpm
2022-06-27 10:24:25.617535 +0000 build-fedora4: !! pkgs/dom0-fc25/xen-qubes-vm-4.8.5-38.fc25.x86_64.rpm
2022-06-27 10:24:25.617544 +0000 build-fedora4: !! pkgs/dom0-fc25/xen-qubes-vm-4.8.5-39.fc25.x86_64.rpm
2022-06-27 10:24:25.617553 +0000 build-fedora4: !! pkgs/dom0-fc25/xen-qubes-vm-4.8.5-41.fc25.x86_64.rpm
2022-06-27 10:24:25.617561 +0000 build-fedora4: !! pkgs/dom0-fc25/xen-runtime-4.8.5-36.fc25.x86_64.rpm
2022-06-27 10:24:25.617569 +0000 build-fedora4: !! pkgs/dom0-fc25/xen-runtime-4.8.5-37.fc25.x86_64.rpm
2022-06-27 10:24:25.617612 +0000 build-fedora4: !! pkgs/dom0-fc25/xen-runtime-4.8.5-38.fc25.x86_64.rpm
2022-06-27 10:24:25.617624 +0000 build-fedora4: !! pkgs/dom0-fc25/xen-runtime-4.8.5-39.fc25.x86_64.rpm
2022-06-27 10:24:25.617633 +0000 build-fedora4: !! pkgs/dom0-fc25/xen-runtime-4.8.5-41.fc25.x86_64.rpm
2022-06-27 10:24:25.617640 +0000 build-fedora4: !! pkgs/dom0-fc25/xen.spec.list
2022-06-27 10:24:25.617647 +0000 build-fedora4: !! polarssl-1.1.4-gpl.tgz
2022-06-27 10:24:25.617655 +0000 build-fedora4: !! tboot-20090330.tar.gz
2022-06-27 10:24:25.617662 +0000 build-fedora4: !! tpm_emulator-0.7.4.tar.gz
2022-06-27 10:24:25.617668 +0000 build-fedora4: !! xen-4.8.0.tar.gz
2022-06-27 10:24:25.617675 +0000 build-fedora4: !! xen-4.8.0.tar.gz.sig
2022-06-27 10:24:25.617681 +0000 build-fedora4: !! xen-4.8.1.tar.gz
2022-06-27 10:24:25.617688 +0000 build-fedora4: !! xen-4.8.1.tar.gz.sig
2022-06-27 10:24:25.617694 +0000 build-fedora4: !! xen-4.8.2.tar.gz
2022-06-27 10:24:25.617701 +0000 build-fedora4: !! xen-4.8.2.tar.gz.sig
2022-06-27 10:24:25.617707 +0000 build-fedora4: !! xen-4.8.3.tar.gz
2022-06-27 10:24:25.617713 +0000 build-fedora4: !! xen-4.8.3.tar.gz.sig
2022-06-27 10:24:25.617720 +0000 build-fedora4: !! xen-4.8.4.tar.gz
2022-06-27 10:24:25.617726 +0000 build-fedora4: !! xen-4.8.4.tar.gz.sig
2022-06-27 10:24:25.617732 +0000 build-fedora4: !! xen-4.8.5.tar.gz
2022-06-27 10:24:25.617739 +0000 build-fedora4: !! xen-4.8.5.tar.gz.sig
2022-06-27 10:24:25.617745 +0000 build-fedora4: !! zlib-1.2.3.tar.gz
2022-06-27 10:24:25.631696 +0000 build-fedora4: 69a9554d2d213392512d4ce41ec8c4993557e65c2b3dc4f568ac18695421cc08b7677c25f9a0ce03e94fb5e68a298fcac7ed09fb90007a2c998ff6ef78d3c651  gc.tar.gz
2022-06-27 10:24:25.639550 +0000 build-fedora4: 2e0b0fd23e6f10742a5517981e5171c6e88b0a93c83da701b296f5c0861d72c19782daab589a7eac3f9032152a0fc7eff7f5362db8fccc4859564a9aa82329cf  gmp-4.3.2.tar.bz2
2022-06-27 10:24:25.640174 +0000 build-fedora4: 954408a918d425c89e3b5fce52aa77b94af9e0929e11216dc65b47af0eb258f38ec6ca6e8680675f827a2408439c83d4fab161d8a5684d4617bef98bdd2e3992  gmp-4.3.2.tar.bz2.sig
2022-06-27 10:24:25.644706 +0000 build-fedora4: c2bc9ffc8583aeae71cee9ddcc4418969768d4e3764d47307da54f93981c0109fb07d84b061b3a3628bd00ba4d14a54742bc04848110eb3ae8ca25dbfbaabadb  grub-0.97.tar.gz
2022-06-27 10:24:25.645038 +0000 build-fedora4: 1c9365859a3f9220633d12ca6849e7f67c25acd0306111c602d371b634f734e4daf428ea372237679b07b30a4d115fcfea666adfc7bf79e4d786f4754a1f04c1  grub-0.97.tar.gz.sig
2022-06-27 10:24:25.647275 +0000 build-fedora4: 1465b58279af1647f909450e394fe002ca165f0ff4a0254bfa9fe0e64316f50facdde2729d79a4e632565b4500cf4d6c74192ac0dd3bc9fe09129bbd67ba089d  lwip-1.3.0.tar.gz
2022-06-27 10:24:25.648006 +0000 build-fedora4: 57a5e2200b822a7215446fab87ef62533b8790cd43fb5f119f5d7dd30c91b7be4eb7e4a00d951a5bddecf26b9f12f34ef55b8fc2dc37b46f006ff368f8618044  lwip-1.3.0.tar.gz.sig
2022-06-27 10:24:25.828136 +0000 build-fedora4: 40eb96bbc6736a16b6399e0cdb73e853d0d90b685c967e77899183446664d64570277a633fdafdefc351b46ce210a99115769a1d9f47ac749d7e82837d4d1ac3  newlib-1.16.0.tar.gz
2022-06-27 10:24:25.874581 +0000 build-fedora4: 61cacf14d1d90a11bd0599e7ad323350f3a3f30afb4ef5eaadc2108e5d6007dafbb83e955435ee49eeb0130955215923fa72d4e56196bec2396c166a54641955  ocaml-3.11.0.tar.gz
2022-06-27 10:24:25.879012 +0000 build-fedora4: 2b3d98d027e46d8c08037366dde6f0781ca03c610ef2b380984639e4ef39899ed8d8b8e4cd9c9dc54df101279b95879bd66bfd4d04ad07fef41e847ea7ae32b5  pciutils-2.2.9.tar.bz2
2022-06-27 10:24:25.881452 +0000 build-fedora4: a06715c1582aec217842e5909f970ae0e7dafad1257fe2b381b19ba5439d7ab8c25542ad3df62b5b23e7a4fbb89a278448ce5fe21f274e4076d89e711870353b  pkgs/dom0-fc24/xen.spec.list
2022-06-27 10:24:25.884987 +0000 build-fedora4: 9dca82a343111e8602339b8a0cab5d4f27d73c455b2598bdb084e4a4b419e305e083b9a3e56867f80f1a027ca55060b5ed338232ca2d59400be90e1eaa8226a9  pkgs/dom0-fc25/python2-xen-4.8.5-36.fc25.x86_64.rpm
2022-06-27 10:24:25.888483 +0000 build-fedora4: c34e9f9eee63edfdfe37713ebd3ba4be09fc5d836ad3dddd4292ae71e78e62df9c48d97359a3dd7a6283e6cd1439d5204d6283faa2e5fe235a10a7bebc2b53f5  pkgs/dom0-fc25/python2-xen-4.8.5-37.fc25.x86_64.rpm
2022-06-27 10:24:25.890465 +0000 build-fedora4: 9e134844bf38317df49c9dad5624ca8d964d0c7c24ef9ae4323768d4cbfceee4030e57dc42ec8e69fbdaff4e03255561b5a0f5630822b747717bb48fb78c7cab  pkgs/dom0-fc25/python2-xen-4.8.5-38.fc25.x86_64.rpm
2022-06-27 10:24:25.893301 +0000 build-fedora4: 998ee538d10e8b0cfb6da1f25970440171bc4dab18baffa2d4cc8733bbb7217c5da14eba0d90beb85d5612b843c0d9220d1131b39e119976e26583a17e0c9961  pkgs/dom0-fc25/python2-xen-4.8.5-39.fc25.x86_64.rpm
2022-06-27 10:24:25.897999 +0000 build-fedora4: 5ea31de22ccac1d7ad890c9ac22f99e07729dc9e1bcf9fb7b771edae01f8d680076c6efb91b6c06052f21f901f044bcd2de5441a6abd280ec15487482c1f2af0  pkgs/dom0-fc25/python2-xen-4.8.5-41.fc25.x86_64.rpm
2022-06-27 10:24:25.901333 +0000 build-fedora4: 65b3494ef7bfb9aefbdafb812769389d85b985c8a874ef3b4cdd21001d994c12150f090b96b091d0da54f47d8d8eed1e6add776afc1ee110700d6e07b77d782b  pkgs/dom0-fc25/python3-xen-4.8.5-36.fc25.x86_64.rpm
2022-06-27 10:24:25.905778 +0000 build-fedora4: 312c970a653d488fa9dbb5826be97ed9578e8b147bed68ef014d6758a5b127e1eee0b74ed8dbab8225c0319a2423ff9c09aaf2a465a38da723fcb8f40a939a71  pkgs/dom0-fc25/python3-xen-4.8.5-37.fc25.x86_64.rpm
2022-06-27 10:24:25.908362 +0000 build-fedora4: 0460e8850427934e21a83d49b4f42adc9419d3b0bcc9ccd2a65448b5d621021dc210cd102f038a44dbc23819e28d2cb44ef93fe76de712ed01700463a0c647ea  pkgs/dom0-fc25/python3-xen-4.8.5-38.fc25.x86_64.rpm
2022-06-27 10:24:25.910416 +0000 build-fedora4: 92b7c409e098519b331bca59174a5eaf4382c97c2be26bea9c1fde2d4d3ea0c448fb2ec8b9d6a2f5d7b2f426cbb1f70be5ec9bdf3f7ebc009f13b4fbaee9dc99  pkgs/dom0-fc25/python3-xen-4.8.5-39.fc25.x86_64.rpm
2022-06-27 10:24:25.913409 +0000 build-fedora4: 9cb934448a505cda538fb6d5e5fba20d19f4fb8971cf9bede85a615df01caf92e3ff00b22e47f5d744260b4bbfcb5409507dda26bb2c0bec3d1963629481c1f8  pkgs/dom0-fc25/python3-xen-4.8.5-41.fc25.x86_64.rpm
2022-06-27 10:24:25.916341 +0000 build-fedora4: f494b036ac40a2485b27977871fd6e136e69b3d3ccec8d9806af0256f2ac1496872c4779ee417ab098d0cc881ea470dca89f2217c7effbf20d72f77438178868  pkgs/dom0-fc25/xen-4.8.5-31.fc25.x86_64.buildinfo
2022-06-27 10:24:25.921572 +0000 build-fedora4: 22943576a56768247aa60ff03843b5c677f92a9224869743e5c3c8bda665aba33bfb6b7b71d3dc9d9af350f6ad695bb182e359a821b3b023d8744659a607e734  pkgs/dom0-fc25/xen-4.8.5-32.fc25.x86_64.buildinfo
2022-06-27 10:24:25.923716 +0000 build-fedora4: fb3b4b9cc8f7ec1dbfbb4765dc01bd3f7a1cc769b1bd60fa2eedef0d0e71190675e4abcdc6afad33cd0075901a195e89e620a40b7b73743972aa8e16b93112c9  pkgs/dom0-fc25/xen-4.8.5-33.fc25.x86_64.buildinfo
2022-06-27 10:24:25.925910 +0000 build-fedora4: 9d1514a7d6b1b5aa142b2d3da964d4e1b130e22744a010a7b8399d9d5fae6c282b13fd635aa6d5b948a4f187518261138d1d1ff2fbc062168c1cdba6025e8299  pkgs/dom0-fc25/xen-4.8.5-34.fc25.x86_64.buildinfo
2022-06-27 10:24:25.927454 +0000 build-fedora4: c772c1187064f00397e5ea7ac0a8aefb46c2e93ef0c75d35a05fcef196c84223aa1c6e652cd69a65ae7ce5cfe9e71a17019b347dd000889dc7651aeabfc7e4d7  pkgs/dom0-fc25/xen-4.8.5-35.fc25.x86_64.buildinfo
2022-06-27 10:24:26.362887 +0000 build-fedora4: 282c5d6b2bcd409d88bc3462d63e7b8345f4fabd87de066ff32cc701b573db2e4f41f181b81a54ed22df216a4cc79ff8b6c21c47a8d7e45fab1d674b0af8f60b  pkgs/dom0-fc25/xen-4.8.5-36.fc25.src.rpm
2022-06-27 10:24:26.365242 +0000 build-fedora4: 3d17b64f3f345005245d06e4e93f19d93d1b70eab2eb74a622d96192448f5c810c68fd410e5ea736269f617736325a25c61bfc1164ad1b2092d1aa541c32594b  pkgs/dom0-fc25/xen-4.8.5-36.fc25.x86_64.buildinfo
2022-06-27 10:24:26.367762 +0000 build-fedora4: 60d84e15d6be76ded42097d280a0cf22637b95135611fe985ed2c17ba511d7f5cbd33807c6db2d5f6b0920a3994893fa8855b9204a27b0984149e65478c3f4e2  pkgs/dom0-fc25/xen-4.8.5-36.fc25.x86_64.rpm
2022-06-27 10:24:26.968170 +0000 build-fedora4: 425d7e119875501d7e74eb9deecd786ed7d934935b07ad444c38c624d25ede02961c35b154fa42e8ad26c7287534471f5b1cc319f19f13b5440498b5cdd2a577  pkgs/dom0-fc25/xen-4.8.5-37.fc25.src.rpm
2022-06-27 10:24:26.977723 +0000 build-fedora4: 792cddcfcce05bc26417b7f90d61bdccecf7674399ecdaa5130e4151f63bc1bb7304ebf8fa7f4dc1b1ae2355a8c303734fa0e73012442932d298d74e5eba4868  pkgs/dom0-fc25/xen-4.8.5-37.fc25.x86_64.buildinfo
2022-06-27 10:24:26.986481 +0000 build-fedora4: 90a430063c9dec5b22baf5cc1d870f8f5899f8d97ef6763afba9c83b4f235af7a3d65ede13ac7ca10c89d39b4aede1b9b85be51f2d554ffcd13a18c0e4e2cc56  pkgs/dom0-fc25/xen-4.8.5-37.fc25.x86_64.rpm
2022-06-27 10:24:27.421745 +0000 build-fedora4: 28603fe78336522b4688d677a4e84cb04cd283a62bf1e3e1b0fd118d3de255c2b0f489b24b04535f896c83420d65035480f4cd90339bd5c79ae9b81751738e06  pkgs/dom0-fc25/xen-4.8.5-38.fc25.src.rpm
2022-06-27 10:24:27.425223 +0000 build-fedora4: 439d4465adf203fe61587e3f2c8e6afec9cc79e5cd98da5878e0352afc31ec8f146a3580aed32bf83081439fbcd7adcd90aa790c5e6e1a89cb97df0c218b6d94  pkgs/dom0-fc25/xen-4.8.5-38.fc25.x86_64.buildinfo
2022-06-27 10:24:27.427068 +0000 build-fedora4: 086ac2f98a1a794739d65874efb2cc4f7f8b8f14d3a5d8db2de502c5cd8527d284419a3b7907670f9da468b2e7e2ef602dc926a1cf2ba1f79b46305804f6f45f  pkgs/dom0-fc25/xen-4.8.5-38.fc25.x86_64.rpm
2022-06-27 10:24:27.842062 +0000 build-fedora4: a8719b2684d3ae9e5ae1626776057cea868d20bc27919e5bd325e9feb1b298053512a9b54d5a92b1f3f3df62ad255b0bb4910c64b24e7402e12a600b85c179ef  pkgs/dom0-fc25/xen-4.8.5-39.fc25.src.rpm
2022-06-27 10:24:27.845642 +0000 build-fedora4: 88bc1f4b78fc4e6dfcaf0564a5d63e3af6fa010d45969b60bcfee64fe52f447903f7fb645a8373389c17e947fe7f6dfc78ee3b969065ba4ee3a404c072f77941  pkgs/dom0-fc25/xen-4.8.5-39.fc25.x86_64.buildinfo
2022-06-27 10:24:27.852329 +0000 build-fedora4: f396fdfe2c199e91636a5482126bf8a802276da241f89242fd258c06b3448aa336ce4cb0a92b50a487d47a5a108a0d9b24f513a13dd623138d5f087f73436eed  pkgs/dom0-fc25/xen-4.8.5-39.fc25.x86_64.rpm
2022-06-27 10:24:27.855962 +0000 build-fedora4: 26b1a1aa743dfeb00e6bd20d01cdbae8d29176c96ebb4bcf5b8a35f10f04ad4e51ecff8a7241c80ad94c01d3643133b94faaf99a4e07ac0e77478a4a0f37a962  pkgs/dom0-fc25/xen-4.8.5-40.fc25.x86_64.buildinfo
2022-06-27 10:24:28.407900 +0000 build-fedora4: 78c6eedf7be81c93befa170a89a07e624cc58736c782e70f2e2278b37fe8db68730429c82673b12fab4ffae1b7528462067d8c1030fa84d424812dbed6d01330  pkgs/dom0-fc25/xen-4.8.5-41.fc25.src.rpm
2022-06-27 10:24:28.458447 +0000 build-fedora4: 34e44936aec32961d4177e9d5651420f91b4037b45efd6c681fbca597580ba515b3843f515f4d3ca80c98295f7a4f39e090a2bdcf426b45accabfd30657e5d39  pkgs/dom0-fc25/xen-4.8.5-41.fc25.x86_64.buildinfo
2022-06-27 10:24:28.460977 +0000 build-fedora4: 6bee1ac7717f0b71e11bd53b597d3ccf83bf1f3780d03ef2e7264148cfb0e76ac72b9113b772ffa9fbc4625bd6e416354ca59443f7d51f5c29bdc7860cac23c4  pkgs/dom0-fc25/xen-4.8.5-41.fc25.x86_64.rpm
2022-06-27 10:24:28.571164 +0000 build-fedora4: e0b9c77d823872242a459dcc52a6ae9350c0ea513ef2f8d0554663f7d440ac80f4f0226df6cee640cf654f61034b2876353fe6832f30c8fdd5e5819c2100811e  pkgs/dom0-fc25/xen-debuginfo-4.8.5-36.fc25.x86_64.rpm
2022-06-27 10:24:28.701727 +0000 build-fedora4: b57f689f3f3bf600041edd6ed26d8dfbf62da218fefcc4b8d31037be0afece56cfb12daa3eb498ff6553756c5c0efcd82ffc06f4510506bc71355f9b9a95f070  pkgs/dom0-fc25/xen-debuginfo-4.8.5-37.fc25.x86_64.rpm
2022-06-27 10:24:28.964582 +0000 build-fedora4: ef3a8e460326ed7dc14b71b01c1889585583b729930d26922315ab3d35a4f8bddbacac464519c576c26f4be4edbfd89b273e89fe86d0647a2ea1502721b334b8  pkgs/dom0-fc25/xen-debuginfo-4.8.5-38.fc25.x86_64.rpm
2022-06-27 10:24:29.109514 +0000 build-fedora4: 2e51eaede8e4321522584df9a28ca301adc268b3971c8539ce15ff3ec2dfcc5f0b8f391fd6c838258b81f19bca664b6a74adf55fcb52c5dab68007e205f8b953  pkgs/dom0-fc25/xen-debuginfo-4.8.5-39.fc25.x86_64.rpm
2022-06-27 10:24:29.247538 +0000 build-fedora4: e313e7598dca97ac390691ecae912c68d665dcb1e47f114d9adcc7f369562517328528186791c816a4be557812a25764b6d745cb4852e563eef70cd70b8587a7  pkgs/dom0-fc25/xen-debuginfo-4.8.5-41.fc25.x86_64.rpm
2022-06-27 10:24:29.250583 +0000 build-fedora4: 17e6ea230ba0f218b8fe0c4bb5ac2ecc91c71c09a1dd5788d58ee229b7c524c74e7d82aea7bbfdd0400058eddfaa7e77557ef470860b805481da4a1cd6b75042  pkgs/dom0-fc25/xen-devel-4.8.5-36.fc25.x86_64.rpm
2022-06-27 10:24:29.258785 +0000 build-fedora4: 10617fc4ef76f6414690c83432d16a029ab02b3666738e307e019fdc98869881daa295f7ec6659fce544ab8e77ad1da84d53be4c0d7b8a60326fa99d3c9c20ff  pkgs/dom0-fc25/xen-devel-4.8.5-37.fc25.x86_64.rpm
2022-06-27 10:24:29.258830 +0000 build-fedora4: 67b96aad50f7ee1c8d6ff808e25b13d620cc531e8b907609502b73342e47ed3dde0a3abccee361bbbddf4fc1385d462398c322afa3c919f264b45a9e51aba0a9  pkgs/dom0-fc25/xen-devel-4.8.5-38.fc25.x86_64.rpm
2022-06-27 10:24:29.286852 +0000 build-fedora4: cf051cb2e731a24c10271ff8f32711f0ba1d897e3910892ea374fcbe1580e35c838d1336000afc92433f15c9a2a5f3539624f71738cfa6704358f1855c18a8b2  pkgs/dom0-fc25/xen-devel-4.8.5-39.fc25.x86_64.rpm
2022-06-27 10:24:29.290879 +0000 build-fedora4: 1dfc71cdfca5182dbe281e98c73540151cfde829fd2275be837cedd2ae71dc528b8754f73e2aac43cb8b5a8a9a86a74631e6ada1610de3999516dea10610d532  pkgs/dom0-fc25/xen-devel-4.8.5-41.fc25.x86_64.rpm
2022-06-27 10:24:29.322426 +0000 build-fedora4: 5bd2d7d468f02b9c0b88c2a57d37d4f8ac0de4459c33e0eaac6db4ea70cf620221e37d629ebaf859fb960e799ae417d29e65b2dd3f8fdab6033805c7caf59f33  pkgs/dom0-fc25/xen-doc-4.8.5-36.fc25.x86_64.rpm
2022-06-27 10:24:29.326720 +0000 build-fedora4: fbaea0fb767c04b07c02172548cbc18e2eb56eb5bfb8c46ec4faa84d72e2b838e00c6e5ef9593ec8396189dd0f099cdc9988359e00ccdf10fe8ca0d968825edb  pkgs/dom0-fc25/xen-doc-4.8.5-37.fc25.x86_64.rpm
2022-06-27 10:24:29.334230 +0000 build-fedora4: bdb48b47f8b49a1565062a2989b124964fc6b6b1e6f250b9703c9d1d00e2a096690044609fd1ac674ef6e9c834597c6acee757fdedf0ba926fbe02cad0f26f56  pkgs/dom0-fc25/xen-doc-4.8.5-38.fc25.x86_64.rpm
2022-06-27 10:24:29.342629 +0000 build-fedora4: ffc5d6a14dfec3e0d49ce4e9a438a7d89111de742a9eba66f93fbc3c0f5a5f7fa2d5d343e8aa5af577814e49223762155e7550084097336cbe161472847afb8c  pkgs/dom0-fc25/xen-doc-4.8.5-39.fc25.x86_64.rpm
2022-06-27 10:24:29.363003 +0000 build-fedora4: 14f6a756ddfd716d371b79b806f49981a52d20622b0b81fdce9bbde03b27bfa34cbb3eb8148a16e283d3849e18aeed6db1e7ae3160ec816311f361bab313a2dd  pkgs/dom0-fc25/xen-doc-4.8.5-41.fc25.x86_64.rpm
2022-06-27 10:24:29.528932 +0000 build-fedora4: 1e50e26c670c8ec0597fdf7f217403861173b342c62af13ac7d239d782fd1e1e770247d9346f61b1bb18b8bc3eabee38bde7414f2b7f52eeb69986b2d07879bb  pkgs/dom0-fc25/xen-hvm-4.8.5-36.fc25.x86_64.rpm
2022-06-27 10:24:29.885006 +0000 build-fedora4: 2fce56e564e12b557ef16916c5ab60334952b2dd59d5c820a134eaa5cdfcb87ce717ad9a805af5e8103581ddac1ba869c4ac6806439c200fc868c8c38a1a03ee  pkgs/dom0-fc25/xen-hvm-4.8.5-37.fc25.x86_64.rpm
2022-06-27 10:24:30.164500 +0000 build-fedora4: b0b6ce7b8fb8c80a68e3bfda5c5c8bf12527ec4b1c1e92063bf644b69f86a5cc3f3f6ae461e1c201efc10ce1eb331ec8ac441f19bc6cbfee8949e12eea60e57b  pkgs/dom0-fc25/xen-hvm-4.8.5-38.fc25.x86_64.rpm
2022-06-27 10:24:30.290113 +0000 build-fedora4: 23455fe4eb8ccde3d3d0316b7d606b447c6d54d9b2f5d59fb7cfb45aa7e9989452a286d43fa80f14f79f97e4e8174925cab4a5f316754a80aee149dbc84f5759  pkgs/dom0-fc25/xen-hvm-4.8.5-39.fc25.x86_64.rpm
2022-06-27 10:24:30.466931 +0000 build-fedora4: 19fac14a2e094e4f80950b581365b626753e6027d79ea9d3814a4904c79725b1c09eae7c0009494efc5cff39cb8aee9c49bfb1aae501a4e8430589b8db0715e1  pkgs/dom0-fc25/xen-hvm-4.8.5-41.fc25.x86_64.rpm
2022-06-27 10:24:30.590019 +0000 build-fedora4: c46df2997a17c86e98cfd6079eaa15aeb5da33d828b4105f5c8740f18255c26301046acb76cd05fb55eab9dc96bfef779a57b098fbc2d20ebe555dbf840f71b7  pkgs/dom0-fc25/xen-hypervisor-4.8.5-36.fc25.x86_64.rpm
2022-06-27 10:24:30.655858 +0000 build-fedora4: f268d7430bb387d739844ff50eb715ce6714877c09f0852e60a378b2260c7df0f7effd0bac97703d8dc97971beea0ddf4443c9de4e53679dd46c75aeac4139c1  pkgs/dom0-fc25/xen-hypervisor-4.8.5-37.fc25.x86_64.rpm
2022-06-27 10:24:30.740110 +0000 build-fedora4: 64c46271b9537dec169bddec5f3e43b6be0c6de1180a7965e8a47f0ebdd5e53d6bc367ec99814fd43c2f2c8cf5914e92d8f52974bee88ea90958aeb183d18d36  pkgs/dom0-fc25/xen-hypervisor-4.8.5-38.fc25.x86_64.rpm
2022-06-27 10:24:30.883747 +0000 build-fedora4: ed778b36e17f8da248c8c42205e3b0eeb575c5354592fd138dcc8c88050ebe77378510c5758da7476f6fea11a60d4bb2accb447b62ef33133c9d0d4616edfd9b  pkgs/dom0-fc25/xen-hypervisor-4.8.5-39.fc25.x86_64.rpm
2022-06-27 10:24:30.935305 +0000 build-fedora4: 2bfe0bbaed08aaa6f1efc1ff8a91022ea4e4ed4d6ce7dbfb51c04d11ca7871b1b2328c091cfcf61895cc88e2afb16c6da63cb661751214ec6e96f77a9e9cb88d  pkgs/dom0-fc25/xen-hypervisor-4.8.5-41.fc25.x86_64.rpm
2022-06-27 10:24:30.953923 +0000 build-fedora4: a577b52e92921394c83c0421b1083a3751809674e0f0f05ca1a9e0b4b94ed634a9bb7037da7b92447c822e745707f78aaf20696fbeacca5ffadac0422c6404de  pkgs/dom0-fc25/xen-libs-4.8.5-36.fc25.x86_64.rpm
2022-06-27 10:24:30.983241 +0000 build-fedora4: 5aa4f00d175fdbbcbc66ebcab65c32380ffdf2687231f3ded61e8a62c7c4c98e4395fb0c8489959ef905c8e3650b6a893b728ffe3f4b7f875b87d346bc528a85  pkgs/dom0-fc25/xen-libs-4.8.5-37.fc25.x86_64.rpm
2022-06-27 10:24:31.021531 +0000 build-fedora4: e09d04361ae7879cc29162e320bfd3b514c76fb2579e0892e2b86f71c60196bb489096c1f875b556fb1873b18787c0f3a3c0a73c133c0577618c23a788423fae  pkgs/dom0-fc25/xen-libs-4.8.5-38.fc25.x86_64.rpm
2022-06-27 10:24:31.058082 +0000 build-fedora4: 6fd20419b7acd78f34fb60ca3a619e8685b647cdfd05c502fc6e05fb2442e62fe95bbee7291f2b015348ff9bbdcb803afb24bb24c851630b1d2001b0504835f0  pkgs/dom0-fc25/xen-libs-4.8.5-39.fc25.x86_64.rpm
2022-06-27 10:24:31.070344 +0000 build-fedora4: a5ca37736c070ac589ee6562179b12df3a1693ac223162d1d4311299f55b5afa856d8a674b4883ffa707754a73fde2eee61be9a40e3615ffdb6e243b569eb819  pkgs/dom0-fc25/xen-libs-4.8.5-41.fc25.x86_64.rpm
2022-06-27 10:24:31.072055 +0000 build-fedora4: b55365f87638716bb18a18c78507de3beb73d52613971a3786d83f0656b354527709e9f0eb2b1a273f311ece1fb7a84160c934a12d7c7269be3a6b966052349a  pkgs/dom0-fc25/xen-licenses-4.8.5-36.fc25.x86_64.rpm
2022-06-27 10:24:31.075052 +0000 build-fedora4: be3aa7600775d1baec73909e2674fbaee64fa0614f38abbb2d3185d996b60765b5feee2f17e72637a7177cd0b3c798d3bf9c57fab17694beb38c55c4d88d5d85  pkgs/dom0-fc25/xen-licenses-4.8.5-37.fc25.x86_64.rpm
2022-06-27 10:24:31.088456 +0000 build-fedora4: 5b705b13204b6929d2ec9f6f198c99b2b3afa5ba0c6636611e90ec2c30636a5b8fccbee4d4a7b9f7f6f63399087719844733cdf33d09854b662ec41efa7be9ef  pkgs/dom0-fc25/xen-licenses-4.8.5-38.fc25.x86_64.rpm
2022-06-27 10:24:31.092968 +0000 build-fedora4: c108db9efe8a29efadde5395ccce228737b7d892736028e415074d98b00c5ebd4d7cec46a39947c027c4010cae7baf6d88a002c93a0375d5c96c6279426af7b2  pkgs/dom0-fc25/xen-licenses-4.8.5-39.fc25.x86_64.rpm
2022-06-27 10:24:31.153299 +0000 build-fedora4: 201462c32142ebe30354e277f3fdd30f28d471d9068c5766caa1babc603abc16af3a6beb06e414dfbadff1ae44ee13f57886ce1846384a3470abc4d422ef12e6  pkgs/dom0-fc25/xen-licenses-4.8.5-41.fc25.x86_64.rpm
2022-06-27 10:24:31.157059 +0000 build-fedora4: ca5016d36fc330a818a2c26b675661d877608c22fd46aadb397a3c8f0c18f017d47be8057a6a7950501c488e6e88043dfd0d1118c3dc1aeb373ff0b6ce4a53cb  pkgs/dom0-fc25/xen-qemu-tools-4.8.5-36.fc25.x86_64.rpm
2022-06-27 10:24:31.160048 +0000 build-fedora4: c5f2de6a7bfd30a7d38ced16036f9d163311642fe551c93f7dae38c7213c2daf116149b8802ff18880e35f34b66fd96f9b1b9d1aec7902184eb7ca5fc9824e43  pkgs/dom0-fc25/xen-qemu-tools-4.8.5-37.fc25.x86_64.rpm
2022-06-27 10:24:31.163087 +0000 build-fedora4: 18417c7da34350fce0be9d61107e66c4e42b28d86905f2f269769e7b66a3cd9cdcc9f6b2b2e44597deaa8bfc247db11e31349b4057d5dcc1d030a79edaa6d1e9  pkgs/dom0-fc25/xen-qemu-tools-4.8.5-38.fc25.x86_64.rpm
2022-06-27 10:24:31.164677 +0000 build-fedora4: ac35b1b8a3fdd59c599025aec486befc0c62d4570b93da59f06ae86e48ed944d99f97a162c8c8e5a6bdab59352f750056bc5e5fee8ecc446a23c730ddc3cbe5f  pkgs/dom0-fc25/xen-qemu-tools-4.8.5-39.fc25.x86_64.rpm
2022-06-27 10:24:31.166516 +0000 build-fedora4: 1a9cd03eb2ef70a3e958d6f957d65a72d149d6e45cfb965d32925e224dae6cb1788a85c369933a539edd5a70c1c63a9115d1a7c71cd8934a9119c69737386b94  pkgs/dom0-fc25/xen-qemu-tools-4.8.5-41.fc25.x86_64.rpm
2022-06-27 10:24:31.170782 +0000 build-fedora4: f0beca6f8ab49c850ddb7bb5d1318e5ad957134826825363c71f000c75857274af2849ac0676926f171d5d0955cd7cb02be82cb75f4a48ccffe0b39700511845  pkgs/dom0-fc25/xen-qubes-vm-4.8.5-36.fc25.x86_64.rpm
2022-06-27 10:24:31.175988 +0000 build-fedora4: 6cda3024ebe47e6c8b523944bbd15e8e683b6cf6adb41ea4976b4ba895aaa99fe6a9797445ecd492225a36767d5dfb68722cb94ff0e0864098d6e6310a96f6c2  pkgs/dom0-fc25/xen-qubes-vm-4.8.5-37.fc25.x86_64.rpm
2022-06-27 10:24:31.185051 +0000 build-fedora4: 52296e72058976bbc6dccc8ca2dc8588643d8837482e660acde99432c21f3b1c02ea7d4f8bea05f28866f06ae20e0025e36d10be58e527794a3be9409d34eb3c  pkgs/dom0-fc25/xen-qubes-vm-4.8.5-38.fc25.x86_64.rpm
2022-06-27 10:24:31.219370 +0000 build-fedora4: 742e46ceb7f7d152bfb27729d30d9282834aaf214169571b00b862ab8bb7820b69bc868fda66f15831f245185f16ac51c0c639dfeeab6b95a5d037dbd2e7aaf7  pkgs/dom0-fc25/xen-qubes-vm-4.8.5-39.fc25.x86_64.rpm
2022-06-27 10:24:31.228176 +0000 build-fedora4: 89f3871bfe6b9115a998aa8b618a95e52010c448fae12bb343dc00d97f7010da637a7b9ec7580aeaa69430fbebdf0dca9cfd0fb3fa44bc5c586cba84f9b0afdf  pkgs/dom0-fc25/xen-qubes-vm-4.8.5-41.fc25.x86_64.rpm
2022-06-27 10:24:31.611122 +0000 build-fedora4: f5db30b8e98b79a69ce2fc60be00e1c56be94ea10e78d35fdbca2af01fba93e2e8d8485cfb425d7e8294fa82dcf9007e9de4cb08377516a56b0b4e8583396c4d  pkgs/dom0-fc25/xen-runtime-4.8.5-36.fc25.x86_64.rpm
2022-06-27 10:24:31.743352 +0000 build-fedora4: c386b28f75f6202c7a99f5037d7fc153397dd4f2b7142ce5c935a505ab3b188fb84db68c561f33557505954eeb436905654e40fd9e2902d36d6ba38c863bcc0c  pkgs/dom0-fc25/xen-runtime-4.8.5-37.fc25.x86_64.rpm
2022-06-27 10:24:31.814449 +0000 build-fedora4: 43a5edf34505eca34dfca4e5e1bdee4c412a75ec53c0be3f3ad91f667f9b89dbd40798713977025ae052161e8619014f60b95d655e7d6f108db7088912ce0cdf  pkgs/dom0-fc25/xen-runtime-4.8.5-38.fc25.x86_64.rpm
2022-06-27 10:24:31.877001 +0000 build-fedora4: 7f6218a3e3a77cf39297b88b2c1c6c2e0f1bcbf958d42560106ccd06f587603a46e98e4c4bf6b6daa7d131e8bdca48df47b209fd3223e54d36416f4d3c5039e6  pkgs/dom0-fc25/xen-runtime-4.8.5-39.fc25.x86_64.rpm
2022-06-27 10:24:31.952100 +0000 build-fedora4: 17004ffa7b14e430b3273796a0eadcac7e9762083a644fb5d6a944516df51b9e8b67fb2fc61cb3c310b715ae905258a3e743511c24aa919602b1035013eddf1a  pkgs/dom0-fc25/xen-runtime-4.8.5-41.fc25.x86_64.rpm
2022-06-27 10:24:31.954740 +0000 build-fedora4: 0574b616d625b8af1cbcfdf642ced79b286436a06aa06aef94a461883fb55dc9c234307cc4a9727ff4d592be2f8768c0839615ff511a1f9ae44f8c56668ff8f5  pkgs/dom0-fc25/xen.spec.list
2022-06-27 10:24:31.969552 +0000 build-fedora4: 88da614e4d3f4409c4fd3bb3e44c7587ba051e3fed4e33d526069a67e8180212e1ea22da984656f50e290049f60ddca65383e5983c0f8884f648d71f698303ad  polarssl-1.1.4-gpl.tgz
2022-06-27 10:24:31.977917 +0000 build-fedora4: faa3af2ef1241fd908da6fb7f826dee0dad39de697fe14a35b2582a0b0baae29b41e824a0737b57809177b1fe09fdd73fd41a54e59ae98c2be77bd7dfccf93e6  tboot-20090330.tar.gz
2022-06-27 10:24:31.983117 +0000 build-fedora4: 4928b5b82f57645be9408362706ff2c4d9baa635b21b0d41b1c82930e8c60a759b1ea4fa74d7e6c7cae1b7692d006aa5cb72df0c3b88bf049779aa2b566f9d35  tpm_emulator-0.7.4.tar.gz
2022-06-27 10:24:32.232972 +0000 build-fedora4: 70b95553f9813573b12e52999a4df8701dec430f23c36a8dc70d25a46bb4bc9234e5b7feb74a04062af4c8d6b6bcfe947d90b2b172416206812e54bac9797454  xen-4.8.0.tar.gz
2022-06-27 10:24:32.293149 +0000 build-fedora4: 77bee00f8c6e4f3e5c6bdb7dddad7e0ee95eff391b8858ac9daef394b2815e984f4d6ab118f0855deb9452753154737f0160ad14ef8a1b962f2823337fc3068e  xen-4.8.0.tar.gz.sig
2022-06-27 10:24:32.647210 +0000 build-fedora4: 9f535b4bb57d285dfb92c974d55513505cf485b2d7218fe8f6ed62768e2cee7f225b08adf6706590b2c0a04feca16e10915297c33b98e1b110f8ea7035f46c15  xen-4.8.1.tar.gz
2022-06-27 10:24:32.650029 +0000 build-fedora4: 140e2376c425bab8d32ba9c5082bf905b6cf170fc74b415f97aac1806204a3306cd362006812954618e2a64efae9fea2091fd86854dc8e3edb22d16db121f6e0  xen-4.8.1.tar.gz.sig
2022-06-27 10:24:33.121131 +0000 build-fedora4: 7805531f73d23ecfff3439770e62d387f4254a444875670d53a0a739323e5d4d8f8fcc478f8936ee1ae8aff3e0229549e47c01c606365a8ce060dd5c503e87da  xen-4.8.2.tar.gz
2022-06-27 10:24:33.129574 +0000 build-fedora4: 5daa10d5066a46632060aed7e0c8dc5cf1f2d404a201e113860c8edfd97471056134b82df4eeeae4dec045a851f2814cfcd1cdaac1afa5ea0c2a6cfd524d59ee  xen-4.8.2.tar.gz.sig
2022-06-27 10:24:33.449402 +0000 build-fedora4: 584d8ee6e432e291a70e8f727da6d0a71afff7509fbf2e32eeb9cfe58b8279a80770c2c5f7759dcb5c0b08ed4644039e770e280ab534673215753d598f3f6508  xen-4.8.3.tar.gz
2022-06-27 10:24:33.450753 +0000 build-fedora4: 700bc1c40a1867f7b194d4cf251c2f6a90ad7c3ecad8dd05fa111eeab0b547216ed1909fab99fee9de7cd005976a6c90aa5d6da261f4b52769d296a6ce404648  xen-4.8.3.tar.gz.sig
2022-06-27 10:24:33.772758 +0000 build-fedora4: b6b39fcbf9dfaa259a5cd41196aaa94b4c646c323e34c50970279a41802d49c178dad92d0841c52d7b40246745f043be3aa9845d9d757a2250c413312183b64c  xen-4.8.4.tar.gz
2022-06-27 10:24:33.776607 +0000 build-fedora4: 07fa89067e3744817abec9db1cef1917a31b66894d888d88d4d5d47d233b3078a0dfad487a6abb5523efa4b68f6cb31347a633455ec4a75d6fc7d16ea8185a36  xen-4.8.4.tar.gz.sig
2022-06-27 10:24:34.174571 +0000 build-fedora4: 514ce2b56f22429a4ba792c1d19133898960403e6b31768b4b6111c45f55266d4d0216c582d3bfdd79abca0dc880111e327f9d55e5bd33144312f4fa091e518c  xen-4.8.5.tar.gz
2022-06-27 10:24:34.178558 +0000 build-fedora4: fb90c3c5f6c3439e75d6150a54530279d07f64d6adf909f2dea209fc235d9eef0a3de44171dd9e93ff7f9fb59af9db07f46edf06da4eba68e054599310b2e53f  xen-4.8.5.tar.gz.sig
2022-06-27 10:24:34.197159 +0000 build-fedora4: 021b958fcd0d346c4ba761bcf0cc40f3522de6186cf5a0a6ea34a70504ce9622b1c2626fce40675bc8282cf5f5ade18473656abc38050f72f5d6480507a2106e  zlib-1.2.3.tar.gz
2022-06-27 10:24:34.774268 +0000 build-fedora4: >> qubes-builder/qubes-src/vmm-xen/core-vchan-xen 42d07fbb38859904258148f2205323873de04b6c
2022-06-27 10:24:35.584961 +0000 build-fedora4: >> qubes-builder/qubes-src/vmm-xen/gui-agent-xen-hvm-stubdom 5f57a593f3ff714241258ee4d715b5c075e4211b
2022-06-27 10:24:36.160873 +0000 build-fedora4: >> qubes-builder/qubes-src/vmm-xen/gui-common c611481422aeff25feb0ffaf08cfe6139e358f6c
2022-06-27 10:24:36.653637 +0000 build-fedora4: ================================================================================
2022-06-27 10:24:36.653708 +0000 build-fedora4:                            B U I L D   I N F O                                  
2022-06-27 10:24:36.653722 +0000 build-fedora4: Items in red indicate it was automatically generated by configuration file(s)
2022-06-27 10:24:36.653733 +0000 build-fedora4: Items in white indicate it was automatically removed by configuration file(s)
2022-06-27 10:24:36.653760 +0000 build-fedora4: ================================================================================
2022-06-27 10:24:36.653768 +0000 build-fedora4: DISTS_VM:
2022-06-27 10:24:36.672151 +0000 build-fedora4:     
2022-06-27 10:24:36.673041 +0000 build-fedora4: DISTS_ALL:
2022-06-27 10:24:36.685010 +0000 build-fedora4:      dom0-fc25,
2022-06-27 10:24:36.687584 +0000 build-fedora4: DIST_DOM0:
2022-06-27 10:24:36.715715 +0000 build-fedora4:      fc25,
2022-06-27 10:24:36.715753 +0000 build-fedora4: BUILDER_PLUGINS:
2022-06-27 10:24:36.749239 +0000 build-fedora4:      builder-rpm, builder-debian, mgmt-salt, linux-yum, release-configs, builder-github,
2022-06-27 10:24:36.749280 +0000 build-fedora4: COMPONENTS:
2022-06-27 10:24:36.768784 +0000 build-fedora4:      vmm-xen,
2022-06-27 10:24:36.774561 +0000 build-fedora4: GIT_REPOS:
2022-06-27 10:24:36.782363 +0000 build-fedora4:      qubes-src/vmm-xen,
2022-06-27 10:24:36.782400 +0000 build-fedora4: TEMPLATE:
2022-06-27 10:24:36.792698 +0000 build-fedora4:     
2022-06-27 10:24:36.795633 +0000 build-fedora4: TEMPLATE_FLAVOR_DIR:
2022-06-27 10:24:36.818018 +0000 build-fedora4:     
2022-06-27 10:24:36.818057 +0000 build-fedora4: TEMPLATE_ALIAS:
2022-06-27 10:24:36.827858 +0000 build-fedora4:      stretch:stretch+standard, stretch+gnome:stretch+gnome+standard,
2022-06-27 10:24:36.827900 +0000 build-fedora4:      stretch+minimal:stretch+minimal+no-recommends, buster:buster+standard, buster+gnome:buster+gnome+standard,
2022-06-27 10:24:36.827913 +0000 build-fedora4:      buster+minimal:buster+minimal+no-recommends, bullseye:bullseye+standard,
2022-06-27 10:24:36.827929 +0000 build-fedora4:      bullseye+gnome:bullseye+gnome+standard, bullseye+minimal:bullseye+minimal+no-recommends,
2022-06-27 10:24:36.827942 +0000 build-fedora4:      bionic:bionic+standard, focal:focal+standard, whonix-gateway-15:buster+whonix-gateway+minimal+no-recommends,
2022-06-27 10:24:36.827952 +0000 build-fedora4:      whonix-workstation-15:buster+whonix-workstation+minimal+no-recommends,
2022-06-27 10:24:36.827962 +0000 build-fedora4:      whonix-gateway-16:bullseye+whonix-gateway+minimal+no-recommends,
2022-06-27 10:24:36.827976 +0000 build-fedora4:      whonix-workstation-16:bullseye+whonix-workstation+minimal+no-recommends,
2022-06-27 10:24:36.827986 +0000 build-fedora4:      whonix-gateway:jessie+whonix-gateway+minimal+no-recommends,
2022-06-27 10:24:36.827995 +0000 build-fedora4:      whonix-workstation:jessie+whonix-workstation+minimal+no-recommends,
2022-06-27 10:24:36.828002 +0000 build-fedora4: TEMPLATE_LABEL:
2022-06-27 10:24:36.841990 +0000 build-fedora4:      fc25:fedora-25 fc32:fedora-32 fc33:fedora-33 fc34:fedora-34 fc35:fedora-35
2022-06-27 10:24:36.842034 +0000 build-fedora4:      fc32+minimal:fedora-32-minimal fc33+minimal:fedora-33-minimal fc34+minimal:fedora-34-minimal
2022-06-27 10:24:36.842049 +0000 build-fedora4:      fc35+minimal:fedora-35-minimal fc32+xfce:fedora-32-xfce fc33+xfce:fedora-33-xfce fc34+xfce:fedora-34-xfce
2022-06-27 10:24:36.842062 +0000 build-fedora4:      fc35+xfce:fedora-35-xfce stretch:debian-9 stretch+standard:debian-9 stretch+xfce:debian-9-xfce
2022-06-27 10:24:36.842073 +0000 build-fedora4:      buster:debian-10 buster+standard:debian-10 buster+xfce:debian-10-xfce bullseye:debian-11
2022-06-27 10:24:36.842083 +0000 build-fedora4:      bullseye+standard:debian-11 bullseye+xfce:debian-11-xfce bionic+standard:bionic
2022-06-27 10:24:36.842094 +0000 build-fedora4:      focal+standard:focal buster+whonix-gateway+minimal+no-recommends:whonix-gw-15
2022-06-27 10:24:36.842103 +0000 build-fedora4:      buster+whonix-workstation+minimal+no-recommends:whonix-ws-15
2022-06-27 10:24:36.842112 +0000 build-fedora4:      bullseye+whonix-gateway+minimal+no-recommends:whonix-gw-16
2022-06-27 10:24:36.842121 +0000 build-fedora4:      bullseye+whonix-workstation+minimal+no-recommends:whonix-ws-16
2022-06-27 10:24:36.842131 +0000 build-fedora4:      centos7:centos-7 centos7+minimal:centos-7-minimal centos7+xfce:centos-7-xfce
2022-06-27 10:24:36.842156 +0000 build-fedora4:      centos-stream8:centos-stream-8 centos-stream8+minimal:centos-stream-8-minimal
2022-06-27 10:24:36.842168 +0000 build-fedora4:      centos-stream8+xfce:centos-stream-8-xfce jessie+whonix-gateway+minimal+no-recommends:whonix-gw
2022-06-27 10:24:36.842180 +0000 build-fedora4:      jessie+whonix-workstation+minimal+no-recommends:whonix-ws
2022-06-27 10:24:36.945581 +0000 build-fedora4: > running make
2022-06-27 10:24:37.028306 +0000 build-fedora4: Makefile:863: target 'internal-update-repo-current.dom0.fc25.vmm-xen' does not exist
2022-06-27 10:24:37.037083 +0000 build-fedora4: repo_base_var="LINUX_REPO_${DIST//-/_}_BASEDIR"; \
2022-06-27 10:24:37.037121 +0000 build-fedora4: if [ "vmm-xen" = linux-template-builder ]; then \
2022-06-27 10:24:37.037134 +0000 build-fedora4: .# templates belongs to dom0 repository, even though PACKAGE_SET=vm
2022-06-27 10:24:37.037143 +0000 build-fedora4: repo_base_var="LINUX_REPO_fc25_BASEDIR"; \
2022-06-27 10:24:37.037149 +0000 build-fedora4: fi; \
2022-06-27 10:24:37.037157 +0000 build-fedora4: if [ -n "${!repo_base_var}" ]; then \
2022-06-27 10:24:37.037164 +0000 build-fedora4: .repo_basedir="${!repo_base_var}"; \
2022-06-27 10:24:37.037170 +0000 build-fedora4: else \
2022-06-27 10:24:37.037178 +0000 build-fedora4: .repo_basedir="qubes-src/linux-yum/r4.0"; \
2022-06-27 10:24:37.037184 +0000 build-fedora4: fi; \
2022-06-27 10:24:37.037192 +0000 build-fedora4: if [ -r qubes-src/vmm-xen/Makefile.builder ]; then \
2022-06-27 10:24:37.037200 +0000 build-fedora4: .echo -n "Updating qubes-src/vmm-xen... "; \
2022-06-27 10:24:37.037207 +0000 build-fedora4: .if [ "0" -eq 1 ]; then \
2022-06-27 10:24:37.037217 +0000 build-fedora4: ..vtag=`git -C qubes-src/vmm-xen tag --points-at HEAD --list v*`; \
2022-06-27 10:24:37.037224 +0000 build-fedora4: ..if [ -z "$vtag" ]; then \
2022-06-27 10:24:37.037231 +0000 build-fedora4: ...echo "no version tag"; \
2022-06-27 10:24:37.037237 +0000 build-fedora4: ...exit 0; \
2022-06-27 10:24:37.037243 +0000 build-fedora4: ..fi; \
2022-06-27 10:24:37.037249 +0000 build-fedora4: .fi; \
2022-06-27 10:24:37.037257 +0000 build-fedora4: .if [ "vmm-xen" = linux-template-builder ]; then
2022-06-27 10:24:37.037268 +0000 build-fedora4: export TEMPLATE_NAME=$(MAKEFLAGS= make -s -C qubes-src/linux-template-builder DIST=fc25 template-name)
2022-06-27 10:24:37.037274 +0000 build-fedora4: fi
2022-06-27 10:24:37.037294 +0000 build-fedora4: component_packages=$(MAKEFLAGS= make -s -f Makefile.generic DIST=fc25 PACKAGE_SET=dom0 COMPONENT=`basename qubes-src/vmm-xen` UPDATE_REPO=/home/user/builder-r4.0-dom0/$repo_basedir/current/dom0/fc25 get-var GET_VAR=PACKAGE_LIST); \
2022-06-27 10:24:37.037303 +0000 build-fedora4: .if [ -z "$component_packages" ]; then \
2022-06-27 10:24:37.037310 +0000 build-fedora4: ..echo "no packages."; \
2022-06-27 10:24:37.037316 +0000 build-fedora4: ..exit 0; \
2022-06-27 10:24:37.037321 +0000 build-fedora4: .fi; \
2022-06-27 10:24:37.037330 +0000 build-fedora4: .make -s -f Makefile.generic DIST=fc25 PACKAGE_SET=dom0 \
2022-06-27 10:24:37.037338 +0000 build-fedora4: ..COMPONENT=`basename qubes-src/vmm-xen` \
2022-06-27 10:24:37.037345 +0000 build-fedora4: ..SNAPSHOT_REPO=current-testing \
2022-06-27 10:24:37.037352 +0000 build-fedora4: ..TARGET_REPO=current \
2022-06-27 10:24:37.037362 +0000 build-fedora4: ..UPDATE_REPO=/home/user/builder-r4.0-dom0/$repo_basedir/current/dom0/fc25 \
2022-06-27 10:24:37.037374 +0000 build-fedora4: ..SNAPSHOT_FILE=/home/user/builder-r4.0-dom0/repo-latest-snapshot/current-testing-dom0-fc25-`basename qubes-src/vmm-xen` \
2022-06-27 10:24:37.037381 +0000 build-fedora4: ..BUILD_LOG_URL= \
2022-06-27 10:24:37.037389 +0000 build-fedora4: ..update-repo-from-snapshot || exit 1; \
2022-06-27 10:24:37.037399 +0000 build-fedora4: elif make -C qubes-src/vmm-xen -n update-repo-current >/dev/null 2>/dev/null; then \
2022-06-27 10:24:37.037407 +0000 build-fedora4: .echo "Updating qubes-src/vmm-xen... "; \
2022-06-27 10:24:37.037434 +0000 build-fedora4: .DIST=fc25 UPDATE_REPO=/home/user/builder-r4.0-dom0/$repo_basedir/current/dom0/fc25 \
2022-06-27 10:24:37.037444 +0000 build-fedora4: .make -s -C qubes-src/vmm-xen update-repo-current || exit 1; \
2022-06-27 10:24:37.037449 +0000 build-fedora4: else \
2022-06-27 10:24:37.037458 +0000 build-fedora4: .echo -n "Updating qubes-src/vmm-xen... skipping."; \
2022-06-27 10:24:37.037463 +0000 build-fedora4: fi; \
2022-06-27 10:24:37.037469 +0000 build-fedora4: echo
2022-06-27 10:24:37.433038 +0000 build-fedora4: Updating qubes-src/vmm-xen... Makefile.generic:229: target 'update-repo-date-check' does not exist
2022-06-27 10:24:37.433089 +0000 build-fedora4: if ! [ -r /home/user/builder-r4.0-dom0/repo-latest-snapshot/current-testing-dom0-fc25-vmm-xen ]; then \
2022-06-27 10:24:37.433105 +0000 build-fedora4: .echo "`tput bold`*** Packages weren't uploaded to current-testing! ***`tput sgr0`"; \
2022-06-27 10:24:37.433114 +0000 build-fedora4: .exit 1; \
2022-06-27 10:24:37.433120 +0000 build-fedora4: fi
2022-06-27 10:24:37.606272 +0000 build-fedora4: touch -t `date -d "5 days ago" +%Y%m%d%H%M` /tmp/age-compare-file
2022-06-27 10:24:37.613426 +0000 build-fedora4: if ! [ /home/user/builder-r4.0-dom0/repo-latest-snapshot/current-testing-dom0-fc25-vmm-xen -ot /tmp/age-compare-file ]; then \
2022-06-27 10:24:37.613470 +0000 build-fedora4: .echo "`tput bold`*** Packages weren't in current-testing for at least 5 days! ***`tput sgr0`"; \
2022-06-27 10:24:37.613486 +0000 build-fedora4: .exit 1; \
2022-06-27 10:24:37.613494 +0000 build-fedora4: fi
2022-06-27 10:24:37.619093 +0000 build-fedora4: rm -f /tmp/age-compare-file
2022-06-27 10:24:37.654887 +0000 build-fedora4: /home/user/builder-r4.0-dom0/qubes-src/builder-rpm/Makefile.rpmbuilder:195: target 'update-repo-from-snapshot-do' does not exist
2022-06-27 10:24:37.654987 +0000 build-fedora4: for f in pkgs/dom0-fc25/python2-xen-4.8.5-41.fc25.x86_64.rpm pkgs/dom0-fc25/python3-xen-4.8.5-41.fc25.x86_64.rpm pkgs/dom0-fc25/xen-4.8.5-41.fc25.src.rpm pkgs/dom0-fc25/xen-4.8.5-41.fc25.x86_64.rpm pkgs/dom0-fc25/xen-debuginfo-4.8.5-41.fc25.x86_64.rpm pkgs/dom0-fc25/xen-devel-4.8.5-41.fc25.x86_64.rpm pkgs/dom0-fc25/xen-doc-4.8.5-41.fc25.x86_64.rpm pkgs/dom0-fc25/xen-hvm-4.8.5-41.fc25.x86_64.rpm pkgs/dom0-fc25/xen-hypervisor-4.8.5-41.fc25.x86_64.rpm pkgs/dom0-fc25/xen-libs-4.8.5-41.fc25.x86_64.rpm pkgs/dom0-fc25/xen-licenses-4.8.5-41.fc25.x86_64.rpm pkgs/dom0-fc25/xen-qemu-tools-4.8.5-41.fc25.x86_64.rpm pkgs/dom0-fc25/xen-qubes-vm-4.8.5-41.fc25.x86_64.rpm pkgs/dom0-fc25/xen-runtime-4.8.5-41.fc25.x86_64.rpm pkgs/dom0-fc25/xen-4.8.5-41.fc25.x86_64.buildinfo; do \
2022-06-27 10:24:37.655011 +0000 build-fedora4: .ln -f /home/user/builder-r4.0-dom0/qubes-src/linux-yum/r4.0/current-testing/dom0/fc25/rpm/`basename $f` /home/user/builder-r4.0-dom0/qubes-src/linux-yum/r4.0/current/dom0/fc25/rpm/ || exit 1; \
2022-06-27 10:24:37.655019 +0000 build-fedora4: done
2022-06-27 10:24:38.168176 +0000 build-fedora4: /home/user/builder-r4.0-dom0/qubes-src/builder-github//Makefile.github:18: target 'notify-github' does not exist
2022-06-27 10:24:38.168230 +0000 build-fedora4: [ -z "python2-xen-4.8.5-41.fc25" ] || /home/user/builder-r4.0-dom0/qubes-src/builder-github//notify-issues \
2022-06-27 10:24:38.168241 +0000 build-fedora4: .--build-log="" \
2022-06-27 10:24:38.168249 +0000 build-fedora4: .upload \
2022-06-27 10:24:38.168256 +0000 build-fedora4: ."r4.0" \
2022-06-27 10:24:38.168263 +0000 build-fedora4: ."qubes-src/vmm-xen" \
2022-06-27 10:24:38.168271 +0000 build-fedora4: ."python2-xen-4.8.5-41.fc25" \
2022-06-27 10:24:38.168277 +0000 build-fedora4: ."fc25" \
2022-06-27 10:24:38.168283 +0000 build-fedora4: ."dom0" \
2022-06-27 10:24:38.168289 +0000 build-fedora4: ."current" \
2022-06-27 10:24:38.168299 +0000 build-fedora4: ."/home/user/github-notify-state/r4.0-vmm-xen-dom0-fc25-current" \
2022-06-27 10:24:38.168308 +0000 build-fedora4: ."/home/user/github-notify-state/r4.0-vmm-xen-dom0-fc25-current"
2022-06-27 10:25:26.818056 +0000 build-fedora4: Traceback (most recent call last):
2022-06-27 10:25:26.818108 +0000 build-fedora4:   File "/usr/lib/python3.10/site-packages/urllib3/connectionpool.py", line 699, in urlopen
2022-06-27 10:25:26.820484 +0000 build-fedora4:     httplib_response = self._make_request(
2022-06-27 10:25:26.820524 +0000 build-fedora4:   File "/usr/lib/python3.10/site-packages/urllib3/connectionpool.py", line 445, in _make_request
2022-06-27 10:25:26.820535 +0000 build-fedora4:     six.raise_from(e, None)
2022-06-27 10:25:26.820544 +0000 build-fedora4:   File "<string>", line 3, in raise_from
2022-06-27 10:25:26.820555 +0000 build-fedora4:   File "/usr/lib/python3.10/site-packages/urllib3/connectionpool.py", line 440, in _make_request
2022-06-27 10:25:26.820563 +0000 build-fedora4:     httplib_response = conn.getresponse()
2022-06-27 10:25:26.820573 +0000 build-fedora4:   File "/usr/lib64/python3.10/http/client.py", line 1374, in getresponse
2022-06-27 10:25:26.827092 +0000 build-fedora4:     response.begin()
2022-06-27 10:25:26.827134 +0000 build-fedora4:   File "/usr/lib64/python3.10/http/client.py", line 318, in begin
2022-06-27 10:25:26.827149 +0000 build-fedora4:     version, status, reason = self._read_status()
2022-06-27 10:25:26.827160 +0000 build-fedora4:   File "/usr/lib64/python3.10/http/client.py", line 287, in _read_status
2022-06-27 10:25:26.827170 +0000 build-fedora4:     raise RemoteDisconnected("Remote end closed connection without"
2022-06-27 10:25:26.827180 +0000 build-fedora4: http.client.RemoteDisconnected: Remote end closed connection without response
2022-06-27 10:25:26.827187 +0000 build-fedora4: 
2022-06-27 10:25:26.827196 +0000 build-fedora4: During handling of the above exception, another exception occurred:
2022-06-27 10:25:26.827202 +0000 build-fedora4: 
2022-06-27 10:25:26.827209 +0000 build-fedora4: Traceback (most recent call last):
2022-06-27 10:25:26.827219 +0000 build-fedora4:   File "/usr/lib/python3.10/site-packages/requests/adapters.py", line 440, in send
2022-06-27 10:25:26.833340 +0000 build-fedora4:     resp = conn.urlopen(
2022-06-27 10:25:26.833380 +0000 build-fedora4:   File "/usr/lib/python3.10/site-packages/urllib3/connectionpool.py", line 755, in urlopen
2022-06-27 10:25:26.833391 +0000 build-fedora4:     retries = retries.increment(
2022-06-27 10:25:26.833402 +0000 build-fedora4:   File "/usr/lib/python3.10/site-packages/urllib3/util/retry.py", line 532, in increment
2022-06-27 10:25:26.844291 +0000 build-fedora4:     raise six.reraise(type(error), error, _stacktrace)
2022-06-27 10:25:26.844330 +0000 build-fedora4:   File "/usr/lib/python3.10/site-packages/urllib3/packages/six.py", line 718, in reraise
2022-06-27 10:25:26.862623 +0000 build-fedora4:     raise value.with_traceback(tb)
2022-06-27 10:25:26.862687 +0000 build-fedora4:   File "/usr/lib/python3.10/site-packages/urllib3/connectionpool.py", line 699, in urlopen
2022-06-27 10:25:26.862698 +0000 build-fedora4:     httplib_response = self._make_request(
2022-06-27 10:25:26.862711 +0000 build-fedora4:   File "/usr/lib/python3.10/site-packages/urllib3/connectionpool.py", line 445, in _make_request
2022-06-27 10:25:26.862719 +0000 build-fedora4:     six.raise_from(e, None)
2022-06-27 10:25:26.862727 +0000 build-fedora4:   File "<string>", line 3, in raise_from
2022-06-27 10:25:26.862738 +0000 build-fedora4:   File "/usr/lib/python3.10/site-packages/urllib3/connectionpool.py", line 440, in _make_request
2022-06-27 10:25:26.862746 +0000 build-fedora4:     httplib_response = conn.getresponse()
2022-06-27 10:25:26.862756 +0000 build-fedora4:   File "/usr/lib64/python3.10/http/client.py", line 1374, in getresponse
2022-06-27 10:25:26.862763 +0000 build-fedora4:     response.begin()
2022-06-27 10:25:26.862774 +0000 build-fedora4:   File "/usr/lib64/python3.10/http/client.py", line 318, in begin
2022-06-27 10:25:26.862783 +0000 build-fedora4:     version, status, reason = self._read_status()
2022-06-27 10:25:26.862793 +0000 build-fedora4:   File "/usr/lib64/python3.10/http/client.py", line 287, in _read_status
2022-06-27 10:25:26.862818 +0000 build-fedora4:     raise RemoteDisconnected("Remote end closed connection without"
2022-06-27 10:25:26.865067 +0000 build-fedora4: urllib3.exceptions.ProtocolError: ('Connection aborted.', RemoteDisconnected('Remote end closed connection without response'))
2022-06-27 10:25:26.865099 +0000 build-fedora4: 
2022-06-27 10:25:26.865112 +0000 build-fedora4: During handling of the above exception, another exception occurred:
2022-06-27 10:25:26.865118 +0000 build-fedora4: 
2022-06-27 10:25:26.865126 +0000 build-fedora4: Traceback (most recent call last):
2022-06-27 10:25:26.865138 +0000 build-fedora4:   File "/home/user/builder-r4.0-dom0/qubes-src/builder-github//notify-issues", line 532, in <module>
2022-06-27 10:25:26.865145 +0000 build-fedora4:     main()
2022-06-27 10:25:26.865156 +0000 build-fedora4:   File "/home/user/builder-r4.0-dom0/qubes-src/builder-github//notify-issues", line 527, in main
2022-06-27 10:25:26.865166 +0000 build-fedora4:     notify_build_report(args, dist_label, repo_type, current_commit,
2022-06-27 10:25:26.865178 +0000 build-fedora4:   File "/home/user/builder-r4.0-dom0/qubes-src/builder-github//notify-issues", line 397, in notify_build_report
2022-06-27 10:25:26.865187 +0000 build-fedora4:     comment_issue(report_issue_no, report_message,
2022-06-27 10:25:26.865199 +0000 build-fedora4:   File "/home/user/builder-r4.0-dom0/qubes-src/builder-github//notify-issues", line 61, in comment_issue
2022-06-27 10:25:26.865209 +0000 build-fedora4:     resp = requests.delete("{}/repos/{}/issues/{}/labels/{}".format(
2022-06-27 10:25:26.865219 +0000 build-fedora4:   File "/usr/lib/python3.10/site-packages/requests/api.py", line 159, in delete
2022-06-27 10:25:26.876401 +0000 build-fedora4:     return request('delete', url, **kwargs)
2022-06-27 10:25:26.876440 +0000 build-fedora4:   File "/usr/lib/python3.10/site-packages/requests/api.py", line 61, in request
2022-06-27 10:25:26.876452 +0000 build-fedora4:     return session.request(method=method, url=url, **kwargs)
2022-06-27 10:25:26.876463 +0000 build-fedora4:   File "/usr/lib/python3.10/site-packages/requests/sessions.py", line 529, in request
2022-06-27 10:25:26.886119 +0000 build-fedora4:     resp = self.send(prep, **send_kwargs)
2022-06-27 10:25:26.886162 +0000 build-fedora4:   File "/usr/lib/python3.10/site-packages/requests/sessions.py", line 645, in send
2022-06-27 10:25:26.886173 +0000 build-fedora4:     r = adapter.send(request, **kwargs)
2022-06-27 10:25:26.886184 +0000 build-fedora4:   File "/usr/lib/python3.10/site-packages/requests/adapters.py", line 501, in send
2022-06-27 10:25:26.886193 +0000 build-fedora4:     raise ConnectionError(err, request=request)
2022-06-27 10:25:26.886206 +0000 build-fedora4: requests.exceptions.ConnectionError: ('Connection aborted.', RemoteDisconnected('Remote end closed connection without response'))
2022-06-27 10:25:26.922038 +0000 build-fedora4: make[1]: *** [/home/user/builder-r4.0-dom0/qubes-src/builder-github//Makefile.github:18: notify-github] Error 1
2022-06-27 10:25:26.922937 +0000 build-fedora4: make: *** [Makefile:863: internal-update-repo-current.dom0.fc25.vmm-xen] Error 1
2022-06-27 10:25:26.922971 +0000 > closing log
